<?xml version="1.0" encoding="UTF-8"?>
<testsuites name="Item detail test" time="350.881" tests="18" failures="0" errors="0">
   <testsuite name="Item detail test" tests="18" failures="0" errors="0" time="350.881" timestamp="2020-10-29 16:50:19" hostname="Lexoter - DESKTOP-IJBB9BE" id="Test Suites/Item detail test">
      <properties>
         <property name="deviceName" value=""/>
         <property name="devicePlatform" value=""/>
         <property name="logFolder" value="K:\\Work\\GitHub\\find-item-detail-test\\Reports\\20201029_165007\\Item detail test\\20201029_165007"/>
         <property name="logFiles" value="K:\\Work\\GitHub\\find-item-detail-test\\Reports\\20201029_165007\\Item detail test\\20201029_165007\\execution0.log"/>
         <property name="attachments" value=""/>
         <property name="hostName" value="Lexoter - DESKTOP-IJBB9BE"/>
         <property name="os" value="Windows 10 64bit"/>
         <property name="katalonVersion" value="7.7.0.205"/>
         <property name="browser" value="Chrome 86.0.4240.111"/>
         <property name="hostAddress" value="192.168.56.1"/>
         <property name="sessionId" value="81f23794b45e75b130c3ef106a93c1f5"/>
         <property name="seleniumVersion" value="3.141.59"/>
         <property name="proxyInformation" value="ProxyInformation { proxyOption=NO_PROXY, proxyServerType=HTTP, username=, password=********, proxyServerAddress=, proxyServerPort=0, executionList=&quot;&quot;, isApplyToDesiredCapabilities=true }"/>
         <property name="platform" value="Windows 10"/>
      </properties>
      <testcase name="Test Cases/Custom Item Details/TEST CASE/TC_DETAILS_UI_001" time="15.142" classname="Test Cases/Custom Item Details/TEST CASE/TC_DETAILS_UI_001" status="PASSED">
         <system-out><![CDATA[2020-10-29 16:50:19 - [TEST_CASE][PASSED] - Test Cases/Custom Item Details/TEST CASE/TC_DETAILS_UI_001: Test Cases/Custom Item Details/TEST CASE/TC_DETAILS_UI_001

2020-10-29 16:50:19 - [TEST_STEP][PASSED] - callTestCase(findTestCase("Custom Item Details/UTILITIES/OPEN_BROWSER"), [:], STOP_ON_FAILURE): Call Test Case 'Test Cases/Custom Item Details/UTILITIES/OPEN_BROWSER' successfully

2020-10-29 16:50:19 - [TEST_CASE][PASSED] - Test Cases/Custom Item Details/UTILITIES/OPEN_BROWSER: Test Cases/Custom Item Details/UTILITIES/OPEN_BROWSER

2020-10-29 16:50:20 - [TEST_STEP][PASSED] - openBrowser("https://diagnostics.staging.arcadier.io/user/item/detail/operation-1-3-genie-fast-hiv1-2-w-o-accessories-kit-25/0e59c734-a537-4021-a2aa-5148339ecd7f"): Browser is opened with url: 'https://diagnostics.staging.arcadier.io/user/item/detail/operation-1-3-genie-fast-hiv1-2-w-o-accessories-kit-25/0e59c734-a537-4021-a2aa-5148339ecd7f'

2020-10-29 16:50:20 - [MESSAGE][INFO] - Starting 'Chrome' driver

2020-10-29 16:50:20 - [MESSAGE][INFO] - Action delay is set to 0 milliseconds

2020-10-29 16:50:32 - [MESSAGE][PASSED] - Browser is opened with url: 'https://diagnostics.staging.arcadier.io/user/item/detail/operation-1-3-genie-fast-hiv1-2-w-o-accessories-kit-25/0e59c734-a537-4021-a2aa-5148339ecd7f'

2020-10-29 16:50:32 - [MESSAGE][PASSED] - Call Test Case 'Test Cases/Custom Item Details/UTILITIES/OPEN_BROWSER' successfully

2020-10-29 16:50:32 - [TEST_STEP][PASSED] - waitForElementVisible(findTestObject("Item Details Objects/Page_diagnostics/div.item-details"), 0): Object 'Object Repository/Item Details Objects/Page_diagnostics/div.item-details' is visible

2020-10-29 16:50:32 - [MESSAGE][WARNING] - Timeout '0' is invalid. Using default page load timeout: '30'

2020-10-29 16:50:33 - [MESSAGE][PASSED] - Object 'Object Repository/Item Details Objects/Page_diagnostics/div.item-details' is visible

2020-10-29 16:50:33 - [TEST_STEP][PASSED] - callTestCase(findTestCase("Custom Item Details/UTILITIES/CLOSE_BROWSER"), [:], STOP_ON_FAILURE): Call Test Case 'Test Cases/Custom Item Details/UTILITIES/CLOSE_BROWSER' successfully

2020-10-29 16:50:33 - [TEST_CASE][PASSED] - Test Cases/Custom Item Details/UTILITIES/CLOSE_BROWSER: Test Cases/Custom Item Details/UTILITIES/CLOSE_BROWSER

2020-10-29 16:50:34 - [TEST_STEP][PASSED] - closeBrowser(): Browser is closed

2020-10-29 16:50:34 - [MESSAGE][PASSED] - Browser is closed

2020-10-29 16:50:34 - [MESSAGE][PASSED] - Call Test Case 'Test Cases/Custom Item Details/UTILITIES/CLOSE_BROWSER' successfully]]></system-out>
         <system-err><![CDATA[]]></system-err>
      </testcase>
      <testcase name="Test Cases/Custom Item Details/TEST CASE/TC_DETAILS_UI_002" time="16.93" classname="Test Cases/Custom Item Details/TEST CASE/TC_DETAILS_UI_002" status="PASSED">
         <system-out><![CDATA[2020-10-29 16:50:34 - [TEST_CASE][PASSED] - Test Cases/Custom Item Details/TEST CASE/TC_DETAILS_UI_002: Test Cases/Custom Item Details/TEST CASE/TC_DETAILS_UI_002

2020-10-29 16:50:34 - [TEST_STEP][PASSED] - callTestCase(findTestCase("Custom Item Details/UTILITIES/OPEN_BROWSER"), [:], STOP_ON_FAILURE): Call Test Case 'Test Cases/Custom Item Details/UTILITIES/OPEN_BROWSER' successfully

2020-10-29 16:50:34 - [TEST_CASE][PASSED] - Test Cases/Custom Item Details/UTILITIES/OPEN_BROWSER: Test Cases/Custom Item Details/UTILITIES/OPEN_BROWSER

2020-10-29 16:50:34 - [TEST_STEP][PASSED] - openBrowser("https://diagnostics.staging.arcadier.io/user/item/detail/operation-1-3-genie-fast-hiv1-2-w-o-accessories-kit-25/0e59c734-a537-4021-a2aa-5148339ecd7f"): Browser is opened with url: 'https://diagnostics.staging.arcadier.io/user/item/detail/operation-1-3-genie-fast-hiv1-2-w-o-accessories-kit-25/0e59c734-a537-4021-a2aa-5148339ecd7f'

2020-10-29 16:50:34 - [MESSAGE][INFO] - Starting 'Chrome' driver

2020-10-29 16:50:34 - [MESSAGE][INFO] - Action delay is set to 0 milliseconds

2020-10-29 16:50:50 - [MESSAGE][PASSED] - Browser is opened with url: 'https://diagnostics.staging.arcadier.io/user/item/detail/operation-1-3-genie-fast-hiv1-2-w-o-accessories-kit-25/0e59c734-a537-4021-a2aa-5148339ecd7f'

2020-10-29 16:50:50 - [MESSAGE][PASSED] - Call Test Case 'Test Cases/Custom Item Details/UTILITIES/OPEN_BROWSER' successfully

2020-10-29 16:50:50 - [TEST_STEP][PASSED] - waitForElementVisible(findTestObject("Item Details Objects/Page_diagnostics/div.item-detail-right"), 0): Object 'Object Repository/Item Details Objects/Page_diagnostics/div.item-detail-right' is visible

2020-10-29 16:50:50 - [MESSAGE][WARNING] - Timeout '0' is invalid. Using default page load timeout: '30'

2020-10-29 16:50:50 - [MESSAGE][PASSED] - Object 'Object Repository/Item Details Objects/Page_diagnostics/div.item-detail-right' is visible

2020-10-29 16:50:50 - [TEST_STEP][PASSED] - callTestCase(findTestCase("Custom Item Details/UTILITIES/CLOSE_BROWSER"), [:], STOP_ON_FAILURE): Call Test Case 'Test Cases/Custom Item Details/UTILITIES/CLOSE_BROWSER' successfully

2020-10-29 16:50:51 - [TEST_CASE][PASSED] - Test Cases/Custom Item Details/UTILITIES/CLOSE_BROWSER: Test Cases/Custom Item Details/UTILITIES/CLOSE_BROWSER

2020-10-29 16:50:51 - [TEST_STEP][PASSED] - closeBrowser(): Browser is closed

2020-10-29 16:50:51 - [MESSAGE][PASSED] - Browser is closed

2020-10-29 16:50:51 - [MESSAGE][PASSED] - Call Test Case 'Test Cases/Custom Item Details/UTILITIES/CLOSE_BROWSER' successfully]]></system-out>
         <system-err><![CDATA[]]></system-err>
      </testcase>
      <testcase name="Test Cases/Custom Item Details/TEST CASE/TC_DETAILS_UI_003" time="14.697" classname="Test Cases/Custom Item Details/TEST CASE/TC_DETAILS_UI_003" status="PASSED">
         <system-out><![CDATA[2020-10-29 16:50:51 - [TEST_CASE][PASSED] - Test Cases/Custom Item Details/TEST CASE/TC_DETAILS_UI_003: Test Cases/Custom Item Details/TEST CASE/TC_DETAILS_UI_003

2020-10-29 16:50:51 - [TEST_STEP][PASSED] - callTestCase(findTestCase("Custom Item Details/UTILITIES/OPEN_BROWSER"), [:], STOP_ON_FAILURE): Call Test Case 'Test Cases/Custom Item Details/UTILITIES/OPEN_BROWSER' successfully

2020-10-29 16:50:51 - [TEST_CASE][PASSED] - Test Cases/Custom Item Details/UTILITIES/OPEN_BROWSER: Test Cases/Custom Item Details/UTILITIES/OPEN_BROWSER

2020-10-29 16:50:51 - [TEST_STEP][PASSED] - openBrowser("https://diagnostics.staging.arcadier.io/user/item/detail/operation-1-3-genie-fast-hiv1-2-w-o-accessories-kit-25/0e59c734-a537-4021-a2aa-5148339ecd7f"): Browser is opened with url: 'https://diagnostics.staging.arcadier.io/user/item/detail/operation-1-3-genie-fast-hiv1-2-w-o-accessories-kit-25/0e59c734-a537-4021-a2aa-5148339ecd7f'

2020-10-29 16:50:51 - [MESSAGE][INFO] - Starting 'Chrome' driver

2020-10-29 16:50:51 - [MESSAGE][INFO] - Action delay is set to 0 milliseconds

2020-10-29 16:51:05 - [MESSAGE][PASSED] - Browser is opened with url: 'https://diagnostics.staging.arcadier.io/user/item/detail/operation-1-3-genie-fast-hiv1-2-w-o-accessories-kit-25/0e59c734-a537-4021-a2aa-5148339ecd7f'

2020-10-29 16:51:05 - [MESSAGE][PASSED] - Call Test Case 'Test Cases/Custom Item Details/UTILITIES/OPEN_BROWSER' successfully

2020-10-29 16:51:05 - [TEST_STEP][PASSED] - waitForElementVisible(findTestObject("Item Details Objects/Page_diagnostics/img.Item"), 0): Object 'Object Repository/Item Details Objects/Page_diagnostics/img.Item' is visible

2020-10-29 16:51:05 - [MESSAGE][WARNING] - Timeout '0' is invalid. Using default page load timeout: '30'

2020-10-29 16:51:05 - [MESSAGE][PASSED] - Object 'Object Repository/Item Details Objects/Page_diagnostics/img.Item' is visible

2020-10-29 16:51:05 - [TEST_STEP][PASSED] - callTestCase(findTestCase("Custom Item Details/UTILITIES/CLOSE_BROWSER"), [:], STOP_ON_FAILURE): Call Test Case 'Test Cases/Custom Item Details/UTILITIES/CLOSE_BROWSER' successfully

2020-10-29 16:51:05 - [TEST_CASE][PASSED] - Test Cases/Custom Item Details/UTILITIES/CLOSE_BROWSER: Test Cases/Custom Item Details/UTILITIES/CLOSE_BROWSER

2020-10-29 16:51:05 - [TEST_STEP][PASSED] - closeBrowser(): Browser is closed

2020-10-29 16:51:06 - [MESSAGE][PASSED] - Browser is closed

2020-10-29 16:51:06 - [MESSAGE][PASSED] - Call Test Case 'Test Cases/Custom Item Details/UTILITIES/CLOSE_BROWSER' successfully]]></system-out>
         <system-err><![CDATA[]]></system-err>
      </testcase>
      <testcase name="Test Cases/Custom Item Details/TEST CASE/TC_DETAILS_UI_004" time="13.307" classname="Test Cases/Custom Item Details/TEST CASE/TC_DETAILS_UI_004" status="PASSED">
         <system-out><![CDATA[2020-10-29 16:51:06 - [TEST_CASE][PASSED] - Test Cases/Custom Item Details/TEST CASE/TC_DETAILS_UI_004: Test Cases/Custom Item Details/TEST CASE/TC_DETAILS_UI_004

2020-10-29 16:51:06 - [TEST_STEP][PASSED] - callTestCase(findTestCase("Custom Item Details/UTILITIES/OPEN_BROWSER"), [:], STOP_ON_FAILURE): Call Test Case 'Test Cases/Custom Item Details/UTILITIES/OPEN_BROWSER' successfully

2020-10-29 16:51:06 - [TEST_CASE][PASSED] - Test Cases/Custom Item Details/UTILITIES/OPEN_BROWSER: Test Cases/Custom Item Details/UTILITIES/OPEN_BROWSER

2020-10-29 16:51:06 - [TEST_STEP][PASSED] - openBrowser("https://diagnostics.staging.arcadier.io/user/item/detail/operation-1-3-genie-fast-hiv1-2-w-o-accessories-kit-25/0e59c734-a537-4021-a2aa-5148339ecd7f"): Browser is opened with url: 'https://diagnostics.staging.arcadier.io/user/item/detail/operation-1-3-genie-fast-hiv1-2-w-o-accessories-kit-25/0e59c734-a537-4021-a2aa-5148339ecd7f'

2020-10-29 16:51:06 - [MESSAGE][INFO] - Starting 'Chrome' driver

2020-10-29 16:51:06 - [MESSAGE][INFO] - Action delay is set to 0 milliseconds

2020-10-29 16:51:18 - [MESSAGE][PASSED] - Browser is opened with url: 'https://diagnostics.staging.arcadier.io/user/item/detail/operation-1-3-genie-fast-hiv1-2-w-o-accessories-kit-25/0e59c734-a537-4021-a2aa-5148339ecd7f'

2020-10-29 16:51:18 - [MESSAGE][PASSED] - Call Test Case 'Test Cases/Custom Item Details/UTILITIES/OPEN_BROWSER' successfully

2020-10-29 16:51:18 - [TEST_STEP][PASSED] - waitForElementVisible(findTestObject("Item Details Objects/Page_diagnostics/div.merchant-name2"), 0): Object 'Object Repository/Item Details Objects/Page_diagnostics/div.merchant-name2' is visible

2020-10-29 16:51:18 - [MESSAGE][WARNING] - Timeout '0' is invalid. Using default page load timeout: '30'

2020-10-29 16:51:18 - [MESSAGE][PASSED] - Object 'Object Repository/Item Details Objects/Page_diagnostics/div.merchant-name2' is visible

2020-10-29 16:51:18 - [TEST_STEP][PASSED] - callTestCase(findTestCase("Custom Item Details/UTILITIES/CLOSE_BROWSER"), [:], STOP_ON_FAILURE): Call Test Case 'Test Cases/Custom Item Details/UTILITIES/CLOSE_BROWSER' successfully

2020-10-29 16:51:19 - [TEST_CASE][PASSED] - Test Cases/Custom Item Details/UTILITIES/CLOSE_BROWSER: Test Cases/Custom Item Details/UTILITIES/CLOSE_BROWSER

2020-10-29 16:51:19 - [TEST_STEP][PASSED] - closeBrowser(): Browser is closed

2020-10-29 16:51:19 - [MESSAGE][PASSED] - Browser is closed

2020-10-29 16:51:19 - [MESSAGE][PASSED] - Call Test Case 'Test Cases/Custom Item Details/UTILITIES/CLOSE_BROWSER' successfully]]></system-out>
         <system-err><![CDATA[]]></system-err>
      </testcase>
      <testcase name="Test Cases/Custom Item Details/TEST CASE/TC_DETAILS_UI_005" time="15.229" classname="Test Cases/Custom Item Details/TEST CASE/TC_DETAILS_UI_005" status="PASSED">
         <system-out><![CDATA[2020-10-29 16:51:19 - [TEST_CASE][PASSED] - Test Cases/Custom Item Details/TEST CASE/TC_DETAILS_UI_005: Test Cases/Custom Item Details/TEST CASE/TC_DETAILS_UI_005

2020-10-29 16:51:19 - [TEST_STEP][PASSED] - callTestCase(findTestCase("Custom Item Details/UTILITIES/OPEN_BROWSER"), [:], STOP_ON_FAILURE): Call Test Case 'Test Cases/Custom Item Details/UTILITIES/OPEN_BROWSER' successfully

2020-10-29 16:51:19 - [TEST_CASE][PASSED] - Test Cases/Custom Item Details/UTILITIES/OPEN_BROWSER: Test Cases/Custom Item Details/UTILITIES/OPEN_BROWSER

2020-10-29 16:51:19 - [TEST_STEP][PASSED] - openBrowser("https://diagnostics.staging.arcadier.io/user/item/detail/operation-1-3-genie-fast-hiv1-2-w-o-accessories-kit-25/0e59c734-a537-4021-a2aa-5148339ecd7f"): Browser is opened with url: 'https://diagnostics.staging.arcadier.io/user/item/detail/operation-1-3-genie-fast-hiv1-2-w-o-accessories-kit-25/0e59c734-a537-4021-a2aa-5148339ecd7f'

2020-10-29 16:51:19 - [MESSAGE][INFO] - Starting 'Chrome' driver

2020-10-29 16:51:19 - [MESSAGE][INFO] - Action delay is set to 0 milliseconds

2020-10-29 16:51:33 - [MESSAGE][PASSED] - Browser is opened with url: 'https://diagnostics.staging.arcadier.io/user/item/detail/operation-1-3-genie-fast-hiv1-2-w-o-accessories-kit-25/0e59c734-a537-4021-a2aa-5148339ecd7f'

2020-10-29 16:51:33 - [MESSAGE][PASSED] - Call Test Case 'Test Cases/Custom Item Details/UTILITIES/OPEN_BROWSER' successfully

2020-10-29 16:51:33 - [TEST_STEP][PASSED] - waitForElementVisible(findTestObject("Item Details Objects/Page_diagnostics/Merchant_name"), 0): Object 'Object Repository/Item Details Objects/Page_diagnostics/Merchant_name' is visible

2020-10-29 16:51:33 - [MESSAGE][WARNING] - Timeout '0' is invalid. Using default page load timeout: '30'

2020-10-29 16:51:33 - [MESSAGE][PASSED] - Object 'Object Repository/Item Details Objects/Page_diagnostics/Merchant_name' is visible

2020-10-29 16:51:33 - [TEST_STEP][PASSED] - verifyElementClickable(findTestObject("Item Details Objects/Page_diagnostics/Merchant_name")): Object 'Object Repository/Item Details Objects/Page_diagnostics/Merchant_name' is clickable

2020-10-29 16:51:34 - [MESSAGE][PASSED] - Object 'Object Repository/Item Details Objects/Page_diagnostics/Merchant_name' is clickable

2020-10-29 16:51:34 - [TEST_STEP][PASSED] - callTestCase(findTestCase("Custom Item Details/UTILITIES/CLOSE_BROWSER"), [:], STOP_ON_FAILURE): Call Test Case 'Test Cases/Custom Item Details/UTILITIES/CLOSE_BROWSER' successfully

2020-10-29 16:51:34 - [TEST_CASE][PASSED] - Test Cases/Custom Item Details/UTILITIES/CLOSE_BROWSER: Test Cases/Custom Item Details/UTILITIES/CLOSE_BROWSER

2020-10-29 16:51:34 - [TEST_STEP][PASSED] - closeBrowser(): Browser is closed

2020-10-29 16:51:34 - [MESSAGE][PASSED] - Browser is closed

2020-10-29 16:51:34 - [MESSAGE][PASSED] - Call Test Case 'Test Cases/Custom Item Details/UTILITIES/CLOSE_BROWSER' successfully]]></system-out>
         <system-err><![CDATA[]]></system-err>
      </testcase>
      <testcase name="Test Cases/Custom Item Details/TEST CASE/TC_DETAILS_UI_006" time="14.01" classname="Test Cases/Custom Item Details/TEST CASE/TC_DETAILS_UI_006" status="PASSED">
         <system-out><![CDATA[2020-10-29 16:51:34 - [TEST_CASE][PASSED] - Test Cases/Custom Item Details/TEST CASE/TC_DETAILS_UI_006: Test Cases/Custom Item Details/TEST CASE/TC_DETAILS_UI_006

2020-10-29 16:51:35 - [TEST_STEP][PASSED] - callTestCase(findTestCase("Custom Item Details/UTILITIES/OPEN_BROWSER"), [:], STOP_ON_FAILURE): Call Test Case 'Test Cases/Custom Item Details/UTILITIES/OPEN_BROWSER' successfully

2020-10-29 16:51:35 - [TEST_CASE][PASSED] - Test Cases/Custom Item Details/UTILITIES/OPEN_BROWSER: Test Cases/Custom Item Details/UTILITIES/OPEN_BROWSER

2020-10-29 16:51:35 - [TEST_STEP][PASSED] - openBrowser("https://diagnostics.staging.arcadier.io/user/item/detail/operation-1-3-genie-fast-hiv1-2-w-o-accessories-kit-25/0e59c734-a537-4021-a2aa-5148339ecd7f"): Browser is opened with url: 'https://diagnostics.staging.arcadier.io/user/item/detail/operation-1-3-genie-fast-hiv1-2-w-o-accessories-kit-25/0e59c734-a537-4021-a2aa-5148339ecd7f'

2020-10-29 16:51:35 - [MESSAGE][INFO] - Starting 'Chrome' driver

2020-10-29 16:51:35 - [MESSAGE][INFO] - Action delay is set to 0 milliseconds

2020-10-29 16:51:47 - [MESSAGE][PASSED] - Browser is opened with url: 'https://diagnostics.staging.arcadier.io/user/item/detail/operation-1-3-genie-fast-hiv1-2-w-o-accessories-kit-25/0e59c734-a537-4021-a2aa-5148339ecd7f'

2020-10-29 16:51:47 - [MESSAGE][PASSED] - Call Test Case 'Test Cases/Custom Item Details/UTILITIES/OPEN_BROWSER' successfully

2020-10-29 16:51:47 - [TEST_STEP][PASSED] - waitForElementVisible(findTestObject("Item Details Objects/Page_diagnostics/a_Contact_seller_btn"), 0): Object 'Object Repository/Item Details Objects/Page_diagnostics/a_Contact_seller_btn' is visible

2020-10-29 16:51:47 - [MESSAGE][WARNING] - Timeout '0' is invalid. Using default page load timeout: '30'

2020-10-29 16:51:47 - [MESSAGE][PASSED] - Object 'Object Repository/Item Details Objects/Page_diagnostics/a_Contact_seller_btn' is visible

2020-10-29 16:51:47 - [TEST_STEP][PASSED] - verifyElementClickable(findTestObject("Item Details Objects/Page_diagnostics/a_Contact_seller_btn")): Object 'Object Repository/Item Details Objects/Page_diagnostics/a_Contact_seller_btn' is clickable

2020-10-29 16:51:47 - [MESSAGE][PASSED] - Object 'Object Repository/Item Details Objects/Page_diagnostics/a_Contact_seller_btn' is clickable

2020-10-29 16:51:47 - [TEST_STEP][PASSED] - verifyElementText(findTestObject("Item Details Objects/Page_diagnostics/a_Contact_seller_btn"), "CONTACT SELLER"): Actual text and expected text of test object 'Object Repository/Item Details Objects/Page_diagnostics/a_Contact_seller_btn' are matched.

2020-10-29 16:51:48 - [MESSAGE][PASSED] - Actual text and expected text of test object 'Object Repository/Item Details Objects/Page_diagnostics/a_Contact_seller_btn' are matched.

2020-10-29 16:51:48 - [TEST_STEP][PASSED] - callTestCase(findTestCase("Custom Item Details/UTILITIES/CLOSE_BROWSER"), [:], STOP_ON_FAILURE): Call Test Case 'Test Cases/Custom Item Details/UTILITIES/CLOSE_BROWSER' successfully

2020-10-29 16:51:48 - [TEST_CASE][PASSED] - Test Cases/Custom Item Details/UTILITIES/CLOSE_BROWSER: Test Cases/Custom Item Details/UTILITIES/CLOSE_BROWSER

2020-10-29 16:51:48 - [TEST_STEP][PASSED] - closeBrowser(): Browser is closed

2020-10-29 16:51:48 - [MESSAGE][PASSED] - Browser is closed

2020-10-29 16:51:48 - [MESSAGE][PASSED] - Call Test Case 'Test Cases/Custom Item Details/UTILITIES/CLOSE_BROWSER' successfully]]></system-out>
         <system-err><![CDATA[]]></system-err>
      </testcase>
      <testcase name="Test Cases/Custom Item Details/TEST CASE/TC_DETAILS_UI_007" time="13.04" classname="Test Cases/Custom Item Details/TEST CASE/TC_DETAILS_UI_007" status="PASSED">
         <system-out><![CDATA[2020-10-29 16:51:48 - [TEST_CASE][PASSED] - Test Cases/Custom Item Details/TEST CASE/TC_DETAILS_UI_007: Test Cases/Custom Item Details/TEST CASE/TC_DETAILS_UI_007

2020-10-29 16:51:49 - [TEST_STEP][PASSED] - callTestCase(findTestCase("Custom Item Details/UTILITIES/OPEN_BROWSER"), [:], STOP_ON_FAILURE): Call Test Case 'Test Cases/Custom Item Details/UTILITIES/OPEN_BROWSER' successfully

2020-10-29 16:51:49 - [TEST_CASE][PASSED] - Test Cases/Custom Item Details/UTILITIES/OPEN_BROWSER: Test Cases/Custom Item Details/UTILITIES/OPEN_BROWSER

2020-10-29 16:51:49 - [TEST_STEP][PASSED] - openBrowser("https://diagnostics.staging.arcadier.io/user/item/detail/operation-1-3-genie-fast-hiv1-2-w-o-accessories-kit-25/0e59c734-a537-4021-a2aa-5148339ecd7f"): Browser is opened with url: 'https://diagnostics.staging.arcadier.io/user/item/detail/operation-1-3-genie-fast-hiv1-2-w-o-accessories-kit-25/0e59c734-a537-4021-a2aa-5148339ecd7f'

2020-10-29 16:51:49 - [MESSAGE][INFO] - Starting 'Chrome' driver

2020-10-29 16:51:49 - [MESSAGE][INFO] - Action delay is set to 0 milliseconds

2020-10-29 16:52:00 - [MESSAGE][PASSED] - Browser is opened with url: 'https://diagnostics.staging.arcadier.io/user/item/detail/operation-1-3-genie-fast-hiv1-2-w-o-accessories-kit-25/0e59c734-a537-4021-a2aa-5148339ecd7f'

2020-10-29 16:52:00 - [MESSAGE][PASSED] - Call Test Case 'Test Cases/Custom Item Details/UTILITIES/OPEN_BROWSER' successfully

2020-10-29 16:52:00 - [TEST_STEP][PASSED] - waitForElementVisible(findTestObject("Item Details Objects/Page_diagnostics/div.item-detail-left"), 0): Object 'Object Repository/Item Details Objects/Page_diagnostics/div.item-detail-left' is visible

2020-10-29 16:52:00 - [MESSAGE][WARNING] - Timeout '0' is invalid. Using default page load timeout: '30'

2020-10-29 16:52:01 - [MESSAGE][PASSED] - Object 'Object Repository/Item Details Objects/Page_diagnostics/div.item-detail-left' is visible

2020-10-29 16:52:01 - [TEST_STEP][PASSED] - callTestCase(findTestCase("Custom Item Details/UTILITIES/CLOSE_BROWSER"), [:], STOP_ON_FAILURE): Call Test Case 'Test Cases/Custom Item Details/UTILITIES/CLOSE_BROWSER' successfully

2020-10-29 16:52:01 - [TEST_CASE][PASSED] - Test Cases/Custom Item Details/UTILITIES/CLOSE_BROWSER: Test Cases/Custom Item Details/UTILITIES/CLOSE_BROWSER

2020-10-29 16:52:01 - [TEST_STEP][PASSED] - closeBrowser(): Browser is closed

2020-10-29 16:52:01 - [MESSAGE][PASSED] - Browser is closed

2020-10-29 16:52:01 - [MESSAGE][PASSED] - Call Test Case 'Test Cases/Custom Item Details/UTILITIES/CLOSE_BROWSER' successfully]]></system-out>
         <system-err><![CDATA[]]></system-err>
      </testcase>
      <testcase name="Test Cases/Custom Item Details/TEST CASE/TC_DETAILS_UI_008" time="13.112" classname="Test Cases/Custom Item Details/TEST CASE/TC_DETAILS_UI_008" status="PASSED">
         <system-out><![CDATA[2020-10-29 16:52:01 - [TEST_CASE][PASSED] - Test Cases/Custom Item Details/TEST CASE/TC_DETAILS_UI_008: Test Cases/Custom Item Details/TEST CASE/TC_DETAILS_UI_008

2020-10-29 16:52:02 - [TEST_STEP][PASSED] - callTestCase(findTestCase("Custom Item Details/UTILITIES/OPEN_BROWSER"), [:], STOP_ON_FAILURE): Call Test Case 'Test Cases/Custom Item Details/UTILITIES/OPEN_BROWSER' successfully

2020-10-29 16:52:02 - [TEST_CASE][PASSED] - Test Cases/Custom Item Details/UTILITIES/OPEN_BROWSER: Test Cases/Custom Item Details/UTILITIES/OPEN_BROWSER

2020-10-29 16:52:02 - [TEST_STEP][PASSED] - openBrowser("https://diagnostics.staging.arcadier.io/user/item/detail/operation-1-3-genie-fast-hiv1-2-w-o-accessories-kit-25/0e59c734-a537-4021-a2aa-5148339ecd7f"): Browser is opened with url: 'https://diagnostics.staging.arcadier.io/user/item/detail/operation-1-3-genie-fast-hiv1-2-w-o-accessories-kit-25/0e59c734-a537-4021-a2aa-5148339ecd7f'

2020-10-29 16:52:02 - [MESSAGE][INFO] - Starting 'Chrome' driver

2020-10-29 16:52:02 - [MESSAGE][INFO] - Action delay is set to 0 milliseconds

2020-10-29 16:52:13 - [MESSAGE][PASSED] - Browser is opened with url: 'https://diagnostics.staging.arcadier.io/user/item/detail/operation-1-3-genie-fast-hiv1-2-w-o-accessories-kit-25/0e59c734-a537-4021-a2aa-5148339ecd7f'

2020-10-29 16:52:13 - [MESSAGE][PASSED] - Call Test Case 'Test Cases/Custom Item Details/UTILITIES/OPEN_BROWSER' successfully

2020-10-29 16:52:13 - [TEST_STEP][PASSED] - waitForElementVisible(findTestObject("Item Details Objects/Page_diagnostics/div_itemDetailName"), 0): Object 'Object Repository/Item Details Objects/Page_diagnostics/div_itemDetailName' is visible

2020-10-29 16:52:13 - [MESSAGE][WARNING] - Timeout '0' is invalid. Using default page load timeout: '30'

2020-10-29 16:52:14 - [MESSAGE][PASSED] - Object 'Object Repository/Item Details Objects/Page_diagnostics/div_itemDetailName' is visible

2020-10-29 16:52:14 - [TEST_STEP][PASSED] - callTestCase(findTestCase("Custom Item Details/UTILITIES/CLOSE_BROWSER"), [:], STOP_ON_FAILURE): Call Test Case 'Test Cases/Custom Item Details/UTILITIES/CLOSE_BROWSER' successfully

2020-10-29 16:52:14 - [TEST_CASE][PASSED] - Test Cases/Custom Item Details/UTILITIES/CLOSE_BROWSER: Test Cases/Custom Item Details/UTILITIES/CLOSE_BROWSER

2020-10-29 16:52:14 - [TEST_STEP][PASSED] - closeBrowser(): Browser is closed

2020-10-29 16:52:15 - [MESSAGE][PASSED] - Browser is closed

2020-10-29 16:52:15 - [MESSAGE][PASSED] - Call Test Case 'Test Cases/Custom Item Details/UTILITIES/CLOSE_BROWSER' successfully]]></system-out>
         <system-err><![CDATA[]]></system-err>
      </testcase>
      <testcase name="Test Cases/Custom Item Details/TEST CASE/TC_DETAILS_UI_009" time="14.81" classname="Test Cases/Custom Item Details/TEST CASE/TC_DETAILS_UI_009" status="PASSED">
         <system-out><![CDATA[2020-10-29 16:52:15 - [TEST_CASE][PASSED] - Test Cases/Custom Item Details/TEST CASE/TC_DETAILS_UI_009: Test Cases/Custom Item Details/TEST CASE/TC_DETAILS_UI_009

2020-10-29 16:52:15 - [TEST_STEP][PASSED] - callTestCase(findTestCase("Custom Item Details/UTILITIES/OPEN_BROWSER"), [:], STOP_ON_FAILURE): Call Test Case 'Test Cases/Custom Item Details/UTILITIES/OPEN_BROWSER' successfully

2020-10-29 16:52:15 - [TEST_CASE][PASSED] - Test Cases/Custom Item Details/UTILITIES/OPEN_BROWSER: Test Cases/Custom Item Details/UTILITIES/OPEN_BROWSER

2020-10-29 16:52:15 - [TEST_STEP][PASSED] - openBrowser("https://diagnostics.staging.arcadier.io/user/item/detail/operation-1-3-genie-fast-hiv1-2-w-o-accessories-kit-25/0e59c734-a537-4021-a2aa-5148339ecd7f"): Browser is opened with url: 'https://diagnostics.staging.arcadier.io/user/item/detail/operation-1-3-genie-fast-hiv1-2-w-o-accessories-kit-25/0e59c734-a537-4021-a2aa-5148339ecd7f'

2020-10-29 16:52:15 - [MESSAGE][INFO] - Starting 'Chrome' driver

2020-10-29 16:52:15 - [MESSAGE][INFO] - Action delay is set to 0 milliseconds

2020-10-29 16:52:28 - [MESSAGE][PASSED] - Browser is opened with url: 'https://diagnostics.staging.arcadier.io/user/item/detail/operation-1-3-genie-fast-hiv1-2-w-o-accessories-kit-25/0e59c734-a537-4021-a2aa-5148339ecd7f'

2020-10-29 16:52:28 - [MESSAGE][PASSED] - Call Test Case 'Test Cases/Custom Item Details/UTILITIES/OPEN_BROWSER' successfully

2020-10-29 16:52:28 - [TEST_STEP][PASSED] - waitForElementVisible(findTestObject("Item Details Objects/Page_diagnostics/div.item-id"), 0): Object 'Object Repository/Item Details Objects/Page_diagnostics/div.item-id' is visible

2020-10-29 16:52:28 - [MESSAGE][WARNING] - Timeout '0' is invalid. Using default page load timeout: '30'

2020-10-29 16:52:29 - [MESSAGE][PASSED] - Object 'Object Repository/Item Details Objects/Page_diagnostics/div.item-id' is visible

2020-10-29 16:52:29 - [TEST_STEP][PASSED] - callTestCase(findTestCase("Custom Item Details/UTILITIES/CLOSE_BROWSER"), [:], STOP_ON_FAILURE): Call Test Case 'Test Cases/Custom Item Details/UTILITIES/CLOSE_BROWSER' successfully

2020-10-29 16:52:29 - [TEST_CASE][PASSED] - Test Cases/Custom Item Details/UTILITIES/CLOSE_BROWSER: Test Cases/Custom Item Details/UTILITIES/CLOSE_BROWSER

2020-10-29 16:52:29 - [TEST_STEP][PASSED] - closeBrowser(): Browser is closed

2020-10-29 16:52:29 - [MESSAGE][PASSED] - Browser is closed

2020-10-29 16:52:29 - [MESSAGE][PASSED] - Call Test Case 'Test Cases/Custom Item Details/UTILITIES/CLOSE_BROWSER' successfully]]></system-out>
         <system-err><![CDATA[]]></system-err>
      </testcase>
      <testcase name="Test Cases/Custom Item Details/TEST CASE/TC_DETAILS_UI_010" time="12.659" classname="Test Cases/Custom Item Details/TEST CASE/TC_DETAILS_UI_010" status="PASSED">
         <system-out><![CDATA[2020-10-29 16:52:29 - [TEST_CASE][PASSED] - Test Cases/Custom Item Details/TEST CASE/TC_DETAILS_UI_010: Test Cases/Custom Item Details/TEST CASE/TC_DETAILS_UI_010

2020-10-29 16:52:30 - [TEST_STEP][PASSED] - callTestCase(findTestCase("Custom Item Details/UTILITIES/OPEN_BROWSER"), [:], STOP_ON_FAILURE): Call Test Case 'Test Cases/Custom Item Details/UTILITIES/OPEN_BROWSER' successfully

2020-10-29 16:52:30 - [TEST_CASE][PASSED] - Test Cases/Custom Item Details/UTILITIES/OPEN_BROWSER: Test Cases/Custom Item Details/UTILITIES/OPEN_BROWSER

2020-10-29 16:52:30 - [TEST_STEP][PASSED] - openBrowser("https://diagnostics.staging.arcadier.io/user/item/detail/operation-1-3-genie-fast-hiv1-2-w-o-accessories-kit-25/0e59c734-a537-4021-a2aa-5148339ecd7f"): Browser is opened with url: 'https://diagnostics.staging.arcadier.io/user/item/detail/operation-1-3-genie-fast-hiv1-2-w-o-accessories-kit-25/0e59c734-a537-4021-a2aa-5148339ecd7f'

2020-10-29 16:52:30 - [MESSAGE][INFO] - Starting 'Chrome' driver

2020-10-29 16:52:30 - [MESSAGE][INFO] - Action delay is set to 0 milliseconds

2020-10-29 16:52:41 - [MESSAGE][PASSED] - Browser is opened with url: 'https://diagnostics.staging.arcadier.io/user/item/detail/operation-1-3-genie-fast-hiv1-2-w-o-accessories-kit-25/0e59c734-a537-4021-a2aa-5148339ecd7f'

2020-10-29 16:52:41 - [MESSAGE][PASSED] - Call Test Case 'Test Cases/Custom Item Details/UTILITIES/OPEN_BROWSER' successfully

2020-10-29 16:52:41 - [TEST_STEP][PASSED] - waitForElementVisible(findTestObject("Item Details Objects/Page_diagnostics/div.new-button-area"), 0): Object 'Object Repository/Item Details Objects/Page_diagnostics/div.new-button-area' is visible

2020-10-29 16:52:41 - [MESSAGE][WARNING] - Timeout '0' is invalid. Using default page load timeout: '30'

2020-10-29 16:52:41 - [MESSAGE][PASSED] - Object 'Object Repository/Item Details Objects/Page_diagnostics/div.new-button-area' is visible

2020-10-29 16:52:41 - [TEST_STEP][PASSED] - callTestCase(findTestCase("Custom Item Details/UTILITIES/CLOSE_BROWSER"), [:], STOP_ON_FAILURE): Call Test Case 'Test Cases/Custom Item Details/UTILITIES/CLOSE_BROWSER' successfully

2020-10-29 16:52:41 - [TEST_CASE][PASSED] - Test Cases/Custom Item Details/UTILITIES/CLOSE_BROWSER: Test Cases/Custom Item Details/UTILITIES/CLOSE_BROWSER

2020-10-29 16:52:41 - [TEST_STEP][PASSED] - closeBrowser(): Browser is closed

2020-10-29 16:52:42 - [MESSAGE][PASSED] - Browser is closed

2020-10-29 16:52:42 - [MESSAGE][PASSED] - Call Test Case 'Test Cases/Custom Item Details/UTILITIES/CLOSE_BROWSER' successfully]]></system-out>
         <system-err><![CDATA[]]></system-err>
      </testcase>
      <testcase name="Test Cases/Custom Item Details/TEST CASE/TC_DETAILS_UI_011" time="46.116" classname="Test Cases/Custom Item Details/TEST CASE/TC_DETAILS_UI_011" status="PASSED">
         <system-out><![CDATA[2020-10-29 16:52:42 - [TEST_CASE][PASSED] - Test Cases/Custom Item Details/TEST CASE/TC_DETAILS_UI_011: Test Cases/Custom Item Details/TEST CASE/TC_DETAILS_UI_011

2020-10-29 16:52:42 - [TEST_STEP][PASSED] - callTestCase(findTestCase("Custom Item Details/UTILITIES/OPEN_BROWSER"), [:], STOP_ON_FAILURE): Call Test Case 'Test Cases/Custom Item Details/UTILITIES/OPEN_BROWSER' successfully

2020-10-29 16:52:42 - [TEST_CASE][PASSED] - Test Cases/Custom Item Details/UTILITIES/OPEN_BROWSER: Test Cases/Custom Item Details/UTILITIES/OPEN_BROWSER

2020-10-29 16:52:42 - [TEST_STEP][PASSED] - openBrowser("https://diagnostics.staging.arcadier.io/user/item/detail/operation-1-3-genie-fast-hiv1-2-w-o-accessories-kit-25/0e59c734-a537-4021-a2aa-5148339ecd7f"): Browser is opened with url: 'https://diagnostics.staging.arcadier.io/user/item/detail/operation-1-3-genie-fast-hiv1-2-w-o-accessories-kit-25/0e59c734-a537-4021-a2aa-5148339ecd7f'

2020-10-29 16:52:42 - [MESSAGE][INFO] - Starting 'Chrome' driver

2020-10-29 16:52:42 - [MESSAGE][INFO] - Action delay is set to 0 milliseconds

2020-10-29 16:52:56 - [MESSAGE][PASSED] - Browser is opened with url: 'https://diagnostics.staging.arcadier.io/user/item/detail/operation-1-3-genie-fast-hiv1-2-w-o-accessories-kit-25/0e59c734-a537-4021-a2aa-5148339ecd7f'

2020-10-29 16:52:56 - [MESSAGE][PASSED] - Call Test Case 'Test Cases/Custom Item Details/UTILITIES/OPEN_BROWSER' successfully

2020-10-29 16:52:56 - [TEST_STEP][PASSED] - waitForElementVisible(findTestObject("Item Details Objects/Page_diagnostics/div.item-price-text"), 0): Web element with id: 'Object Repository/Item Details Objects/Page_diagnostics/div.item-price-text' located by 'div.item-price-text' not found

2020-10-29 16:52:56 - [MESSAGE][WARNING] - Timeout '0' is invalid. Using default page load timeout: '30'

2020-10-29 16:53:27 - [MESSAGE][INFO] - Unable to find the element located by 'By.cssSelector: div.item-price-text'. Please recheck the objects properties to make sure the desired element is located. 

2020-10-29 16:53:28 - [MESSAGE][WARNING] - Web element with id: 'Object Repository/Item Details Objects/Page_diagnostics/div.item-price-text' located by 'div.item-price-text' not found

2020-10-29 16:53:28 - [TEST_STEP][PASSED] - callTestCase(findTestCase("Custom Item Details/UTILITIES/CLOSE_BROWSER"), [:], STOP_ON_FAILURE): Call Test Case 'Test Cases/Custom Item Details/UTILITIES/CLOSE_BROWSER' successfully

2020-10-29 16:53:28 - [TEST_CASE][PASSED] - Test Cases/Custom Item Details/UTILITIES/CLOSE_BROWSER: Test Cases/Custom Item Details/UTILITIES/CLOSE_BROWSER

2020-10-29 16:53:28 - [TEST_STEP][PASSED] - closeBrowser(): Browser is closed

2020-10-29 16:53:28 - [MESSAGE][PASSED] - Browser is closed

2020-10-29 16:53:28 - [MESSAGE][PASSED] - Call Test Case 'Test Cases/Custom Item Details/UTILITIES/CLOSE_BROWSER' successfully]]></system-out>
         <system-err><![CDATA[]]></system-err>
      </testcase>
      <testcase name="Test Cases/Custom Item Details/TEST CASE/TC_DETAILS_UI_012" time="32.111" classname="Test Cases/Custom Item Details/TEST CASE/TC_DETAILS_UI_012" status="PASSED">
         <system-out><![CDATA[2020-10-29 16:53:28 - [TEST_CASE][PASSED] - Test Cases/Custom Item Details/TEST CASE/TC_DETAILS_UI_012: Test Cases/Custom Item Details/TEST CASE/TC_DETAILS_UI_012

2020-10-29 16:53:28 - [TEST_STEP][PASSED] - callTestCase(findTestCase("Custom Item Details/UTILITIES/OPEN_BROWSER"), [:], STOP_ON_FAILURE): Call Test Case 'Test Cases/Custom Item Details/UTILITIES/OPEN_BROWSER' successfully

2020-10-29 16:53:28 - [TEST_CASE][PASSED] - Test Cases/Custom Item Details/UTILITIES/OPEN_BROWSER: Test Cases/Custom Item Details/UTILITIES/OPEN_BROWSER

2020-10-29 16:53:28 - [TEST_STEP][PASSED] - openBrowser("https://diagnostics.staging.arcadier.io/user/item/detail/operation-1-3-genie-fast-hiv1-2-w-o-accessories-kit-25/0e59c734-a537-4021-a2aa-5148339ecd7f"): Browser is opened with url: 'https://diagnostics.staging.arcadier.io/user/item/detail/operation-1-3-genie-fast-hiv1-2-w-o-accessories-kit-25/0e59c734-a537-4021-a2aa-5148339ecd7f'

2020-10-29 16:53:28 - [MESSAGE][INFO] - Starting 'Chrome' driver

2020-10-29 16:53:28 - [MESSAGE][INFO] - Action delay is set to 0 milliseconds

2020-10-29 16:53:57 - [MESSAGE][PASSED] - Browser is opened with url: 'https://diagnostics.staging.arcadier.io/user/item/detail/operation-1-3-genie-fast-hiv1-2-w-o-accessories-kit-25/0e59c734-a537-4021-a2aa-5148339ecd7f'

2020-10-29 16:53:57 - [MESSAGE][PASSED] - Call Test Case 'Test Cases/Custom Item Details/UTILITIES/OPEN_BROWSER' successfully

2020-10-29 16:53:57 - [TEST_STEP][PASSED] - waitForElementVisible(findTestObject("Item Details Objects/Page_diagnostics/btn_Procure_from_other_Agencies"), 0): Object 'Object Repository/Item Details Objects/Page_diagnostics/btn_Procure_from_other_Agencies' is visible

2020-10-29 16:53:57 - [MESSAGE][WARNING] - Timeout '0' is invalid. Using default page load timeout: '30'

2020-10-29 16:53:57 - [MESSAGE][PASSED] - Object 'Object Repository/Item Details Objects/Page_diagnostics/btn_Procure_from_other_Agencies' is visible

2020-10-29 16:53:57 - [TEST_STEP][PASSED] - verifyElementClickable(findTestObject("Item Details Objects/Page_diagnostics/btn_Procure_from_other_Agencies")): Object 'Object Repository/Item Details Objects/Page_diagnostics/btn_Procure_from_other_Agencies' is clickable

2020-10-29 16:53:57 - [MESSAGE][PASSED] - Object 'Object Repository/Item Details Objects/Page_diagnostics/btn_Procure_from_other_Agencies' is clickable

2020-10-29 16:53:57 - [TEST_STEP][PASSED] - verifyElementText(findTestObject("Item Details Objects/Page_diagnostics/btn_Procure_from_other_Agencies"), "PROCURE FROM OTHER AGENCIES"): Actual text and expected text of test object 'Object Repository/Item Details Objects/Page_diagnostics/btn_Procure_from_other_Agencies' are matched.

2020-10-29 16:53:58 - [MESSAGE][PASSED] - Actual text and expected text of test object 'Object Repository/Item Details Objects/Page_diagnostics/btn_Procure_from_other_Agencies' are matched.

2020-10-29 16:53:58 - [TEST_STEP][PASSED] - click(findTestObject("Item Details Objects/Page_diagnostics/a_Accept Cookies")): Object: 'Object Repository/Item Details Objects/Page_diagnostics/a_Accept Cookies' is clicked on

2020-10-29 16:53:58 - [MESSAGE][PASSED] - Object: 'Object Repository/Item Details Objects/Page_diagnostics/a_Accept Cookies' is clicked on

2020-10-29 16:53:58 - [TEST_STEP][PASSED] - click(findTestObject("Item Details Objects/Page_diagnostics/btn_Procure_from_other_Agencies")): Object: 'Object Repository/Item Details Objects/Page_diagnostics/btn_Procure_from_other_Agencies' is clicked on

2020-10-29 16:54:00 - [MESSAGE][PASSED] - Object: 'Object Repository/Item Details Objects/Page_diagnostics/btn_Procure_from_other_Agencies' is clicked on

2020-10-29 16:54:00 - [TEST_STEP][PASSED] - callTestCase(findTestCase("Custom Item Details/UTILITIES/CLOSE_BROWSER"), [:], STOP_ON_FAILURE): Call Test Case 'Test Cases/Custom Item Details/UTILITIES/CLOSE_BROWSER' successfully

2020-10-29 16:54:00 - [TEST_CASE][PASSED] - Test Cases/Custom Item Details/UTILITIES/CLOSE_BROWSER: Test Cases/Custom Item Details/UTILITIES/CLOSE_BROWSER

2020-10-29 16:54:00 - [TEST_STEP][PASSED] - closeBrowser(): Browser is closed

2020-10-29 16:54:00 - [MESSAGE][PASSED] - Browser is closed

2020-10-29 16:54:00 - [MESSAGE][PASSED] - Call Test Case 'Test Cases/Custom Item Details/UTILITIES/CLOSE_BROWSER' successfully]]></system-out>
         <system-err><![CDATA[]]></system-err>
      </testcase>
      <testcase name="Test Cases/Custom Item Details/TEST CASE/TC_DETAILS_UI_013" time="17.57" classname="Test Cases/Custom Item Details/TEST CASE/TC_DETAILS_UI_013" status="PASSED">
         <system-out><![CDATA[2020-10-29 16:54:00 - [TEST_CASE][PASSED] - Test Cases/Custom Item Details/TEST CASE/TC_DETAILS_UI_013: Test Cases/Custom Item Details/TEST CASE/TC_DETAILS_UI_013

2020-10-29 16:54:00 - [TEST_STEP][PASSED] - callTestCase(findTestCase("Custom Item Details/UTILITIES/OPEN_BROWSER"), [:], STOP_ON_FAILURE): Call Test Case 'Test Cases/Custom Item Details/UTILITIES/OPEN_BROWSER' successfully

2020-10-29 16:54:00 - [TEST_CASE][PASSED] - Test Cases/Custom Item Details/UTILITIES/OPEN_BROWSER: Test Cases/Custom Item Details/UTILITIES/OPEN_BROWSER

2020-10-29 16:54:00 - [TEST_STEP][PASSED] - openBrowser("https://diagnostics.staging.arcadier.io/user/item/detail/operation-1-3-genie-fast-hiv1-2-w-o-accessories-kit-25/0e59c734-a537-4021-a2aa-5148339ecd7f"): Browser is opened with url: 'https://diagnostics.staging.arcadier.io/user/item/detail/operation-1-3-genie-fast-hiv1-2-w-o-accessories-kit-25/0e59c734-a537-4021-a2aa-5148339ecd7f'

2020-10-29 16:54:00 - [MESSAGE][INFO] - Starting 'Chrome' driver

2020-10-29 16:54:00 - [MESSAGE][INFO] - Action delay is set to 0 milliseconds

2020-10-29 16:54:17 - [MESSAGE][PASSED] - Browser is opened with url: 'https://diagnostics.staging.arcadier.io/user/item/detail/operation-1-3-genie-fast-hiv1-2-w-o-accessories-kit-25/0e59c734-a537-4021-a2aa-5148339ecd7f'

2020-10-29 16:54:17 - [MESSAGE][PASSED] - Call Test Case 'Test Cases/Custom Item Details/UTILITIES/OPEN_BROWSER' successfully

2020-10-29 16:54:17 - [TEST_STEP][PASSED] - waitForElementPresent(findTestObject("Item Details Objects/Page_diagnostics/btn_Procure_grey"), 0): Object 'Object Repository/Item Details Objects/Page_diagnostics/btn_Procure_grey' is present

2020-10-29 16:54:17 - [MESSAGE][WARNING] - Timeout '0' is invalid. Using default page load timeout: '30'

2020-10-29 16:54:17 - [MESSAGE][PASSED] - Object 'Object Repository/Item Details Objects/Page_diagnostics/btn_Procure_grey' is present

2020-10-29 16:54:17 - [TEST_STEP][PASSED] - callTestCase(findTestCase("Custom Item Details/UTILITIES/CLOSE_BROWSER"), [:], STOP_ON_FAILURE): Call Test Case 'Test Cases/Custom Item Details/UTILITIES/CLOSE_BROWSER' successfully

2020-10-29 16:54:17 - [TEST_CASE][PASSED] - Test Cases/Custom Item Details/UTILITIES/CLOSE_BROWSER: Test Cases/Custom Item Details/UTILITIES/CLOSE_BROWSER

2020-10-29 16:54:17 - [TEST_STEP][PASSED] - closeBrowser(): Browser is closed

2020-10-29 16:54:18 - [MESSAGE][PASSED] - Browser is closed

2020-10-29 16:54:18 - [MESSAGE][PASSED] - Call Test Case 'Test Cases/Custom Item Details/UTILITIES/CLOSE_BROWSER' successfully]]></system-out>
         <system-err><![CDATA[]]></system-err>
      </testcase>
      <testcase name="Test Cases/Custom Item Details/TEST CASE/TC_DETAILS_UI_014" time="18.911" classname="Test Cases/Custom Item Details/TEST CASE/TC_DETAILS_UI_014" status="PASSED">
         <system-out><![CDATA[2020-10-29 16:54:18 - [TEST_CASE][PASSED] - Test Cases/Custom Item Details/TEST CASE/TC_DETAILS_UI_014: Test Cases/Custom Item Details/TEST CASE/TC_DETAILS_UI_014

2020-10-29 16:54:18 - [TEST_STEP][PASSED] - callTestCase(findTestCase("Custom Item Details/UTILITIES/OPEN_BROWSER"), [:], STOP_ON_FAILURE): Call Test Case 'Test Cases/Custom Item Details/UTILITIES/OPEN_BROWSER' successfully

2020-10-29 16:54:18 - [TEST_CASE][PASSED] - Test Cases/Custom Item Details/UTILITIES/OPEN_BROWSER: Test Cases/Custom Item Details/UTILITIES/OPEN_BROWSER

2020-10-29 16:54:18 - [TEST_STEP][PASSED] - openBrowser("https://diagnostics.staging.arcadier.io/user/item/detail/operation-1-3-genie-fast-hiv1-2-w-o-accessories-kit-25/0e59c734-a537-4021-a2aa-5148339ecd7f"): Browser is opened with url: 'https://diagnostics.staging.arcadier.io/user/item/detail/operation-1-3-genie-fast-hiv1-2-w-o-accessories-kit-25/0e59c734-a537-4021-a2aa-5148339ecd7f'

2020-10-29 16:54:18 - [MESSAGE][INFO] - Starting 'Chrome' driver

2020-10-29 16:54:18 - [MESSAGE][INFO] - Action delay is set to 0 milliseconds

2020-10-29 16:54:35 - [MESSAGE][PASSED] - Browser is opened with url: 'https://diagnostics.staging.arcadier.io/user/item/detail/operation-1-3-genie-fast-hiv1-2-w-o-accessories-kit-25/0e59c734-a537-4021-a2aa-5148339ecd7f'

2020-10-29 16:54:35 - [MESSAGE][PASSED] - Call Test Case 'Test Cases/Custom Item Details/UTILITIES/OPEN_BROWSER' successfully

2020-10-29 16:54:35 - [TEST_STEP][PASSED] - waitForElementVisible(findTestObject("Item Details Objects/Page_diagnostics/div_Description"), 0): Object 'Object Repository/Item Details Objects/Page_diagnostics/div_Description' is visible

2020-10-29 16:54:35 - [MESSAGE][WARNING] - Timeout '0' is invalid. Using default page load timeout: '30'

2020-10-29 16:54:35 - [MESSAGE][PASSED] - Object 'Object Repository/Item Details Objects/Page_diagnostics/div_Description' is visible

2020-10-29 16:54:35 - [TEST_STEP][PASSED] - verifyElementClickable(findTestObject("Item Details Objects/Page_diagnostics/div_Description")): Object 'Object Repository/Item Details Objects/Page_diagnostics/div_Description' is clickable

2020-10-29 16:54:36 - [MESSAGE][PASSED] - Object 'Object Repository/Item Details Objects/Page_diagnostics/div_Description' is clickable

2020-10-29 16:54:36 - [TEST_STEP][PASSED] - verifyElementText(findTestObject("Item Details Objects/Page_diagnostics/div_Description"), "Description"): Actual text and expected text of test object 'Object Repository/Item Details Objects/Page_diagnostics/div_Description' are matched.

2020-10-29 16:54:36 - [MESSAGE][PASSED] - Actual text and expected text of test object 'Object Repository/Item Details Objects/Page_diagnostics/div_Description' are matched.

2020-10-29 16:54:36 - [TEST_STEP][PASSED] - click(findTestObject("Item Details Objects/Page_diagnostics/div_Description")): Object: 'Object Repository/Item Details Objects/Page_diagnostics/div_Description' is clicked on

2020-10-29 16:54:36 - [MESSAGE][PASSED] - Object: 'Object Repository/Item Details Objects/Page_diagnostics/div_Description' is clicked on

2020-10-29 16:54:36 - [TEST_STEP][PASSED] - callTestCase(findTestCase("Custom Item Details/UTILITIES/CLOSE_BROWSER"), [:], STOP_ON_FAILURE): Call Test Case 'Test Cases/Custom Item Details/UTILITIES/CLOSE_BROWSER' successfully

2020-10-29 16:54:36 - [TEST_CASE][PASSED] - Test Cases/Custom Item Details/UTILITIES/CLOSE_BROWSER: Test Cases/Custom Item Details/UTILITIES/CLOSE_BROWSER

2020-10-29 16:54:36 - [TEST_STEP][PASSED] - closeBrowser(): Browser is closed

2020-10-29 16:54:37 - [MESSAGE][PASSED] - Browser is closed

2020-10-29 16:54:37 - [MESSAGE][PASSED] - Call Test Case 'Test Cases/Custom Item Details/UTILITIES/CLOSE_BROWSER' successfully]]></system-out>
         <system-err><![CDATA[]]></system-err>
      </testcase>
      <testcase name="Test Cases/Custom Item Details/TEST CASE/TC_DETAILS_UI_015" time="19.469" classname="Test Cases/Custom Item Details/TEST CASE/TC_DETAILS_UI_015" status="PASSED">
         <system-out><![CDATA[2020-10-29 16:54:37 - [TEST_CASE][PASSED] - Test Cases/Custom Item Details/TEST CASE/TC_DETAILS_UI_015: Test Cases/Custom Item Details/TEST CASE/TC_DETAILS_UI_015

2020-10-29 16:54:37 - [TEST_STEP][PASSED] - callTestCase(findTestCase("Custom Item Details/UTILITIES/OPEN_BROWSER"), [:], STOP_ON_FAILURE): Call Test Case 'Test Cases/Custom Item Details/UTILITIES/OPEN_BROWSER' successfully

2020-10-29 16:54:37 - [TEST_CASE][PASSED] - Test Cases/Custom Item Details/UTILITIES/OPEN_BROWSER: Test Cases/Custom Item Details/UTILITIES/OPEN_BROWSER

2020-10-29 16:54:37 - [TEST_STEP][PASSED] - openBrowser("https://diagnostics.staging.arcadier.io/user/item/detail/operation-1-3-genie-fast-hiv1-2-w-o-accessories-kit-25/0e59c734-a537-4021-a2aa-5148339ecd7f"): Browser is opened with url: 'https://diagnostics.staging.arcadier.io/user/item/detail/operation-1-3-genie-fast-hiv1-2-w-o-accessories-kit-25/0e59c734-a537-4021-a2aa-5148339ecd7f'

2020-10-29 16:54:37 - [MESSAGE][INFO] - Starting 'Chrome' driver

2020-10-29 16:54:37 - [MESSAGE][INFO] - Action delay is set to 0 milliseconds

2020-10-29 16:54:54 - [MESSAGE][PASSED] - Browser is opened with url: 'https://diagnostics.staging.arcadier.io/user/item/detail/operation-1-3-genie-fast-hiv1-2-w-o-accessories-kit-25/0e59c734-a537-4021-a2aa-5148339ecd7f'

2020-10-29 16:54:54 - [MESSAGE][PASSED] - Call Test Case 'Test Cases/Custom Item Details/UTILITIES/OPEN_BROWSER' successfully

2020-10-29 16:54:54 - [TEST_STEP][PASSED] - waitForElementVisible(findTestObject("Item Details Objects/Page_diagnostics/div_Technical Specifications"), 0): Object 'Object Repository/Item Details Objects/Page_diagnostics/div_Technical Specifications' is visible

2020-10-29 16:54:54 - [MESSAGE][WARNING] - Timeout '0' is invalid. Using default page load timeout: '30'

2020-10-29 16:54:55 - [MESSAGE][PASSED] - Object 'Object Repository/Item Details Objects/Page_diagnostics/div_Technical Specifications' is visible

2020-10-29 16:54:55 - [TEST_STEP][PASSED] - verifyElementClickable(findTestObject("Item Details Objects/Page_diagnostics/div_Technical Specifications")): Object 'Object Repository/Item Details Objects/Page_diagnostics/div_Technical Specifications' is clickable

2020-10-29 16:54:55 - [MESSAGE][PASSED] - Object 'Object Repository/Item Details Objects/Page_diagnostics/div_Technical Specifications' is clickable

2020-10-29 16:54:55 - [TEST_STEP][PASSED] - verifyElementText(findTestObject("Item Details Objects/Page_diagnostics/div_Technical Specifications"), "Technical Specifications"): Actual text and expected text of test object 'Object Repository/Item Details Objects/Page_diagnostics/div_Technical Specifications' are matched.

2020-10-29 16:54:55 - [MESSAGE][PASSED] - Actual text and expected text of test object 'Object Repository/Item Details Objects/Page_diagnostics/div_Technical Specifications' are matched.

2020-10-29 16:54:55 - [TEST_STEP][PASSED] - click(findTestObject("Item Details Objects/Page_diagnostics/div_Technical Specifications")): Object: 'Object Repository/Item Details Objects/Page_diagnostics/div_Technical Specifications' is clicked on

2020-10-29 16:54:56 - [MESSAGE][PASSED] - Object: 'Object Repository/Item Details Objects/Page_diagnostics/div_Technical Specifications' is clicked on

2020-10-29 16:54:56 - [TEST_STEP][PASSED] - callTestCase(findTestCase("Custom Item Details/UTILITIES/CLOSE_BROWSER"), [:], STOP_ON_FAILURE): Call Test Case 'Test Cases/Custom Item Details/UTILITIES/CLOSE_BROWSER' successfully

2020-10-29 16:54:56 - [TEST_CASE][PASSED] - Test Cases/Custom Item Details/UTILITIES/CLOSE_BROWSER: Test Cases/Custom Item Details/UTILITIES/CLOSE_BROWSER

2020-10-29 16:54:56 - [TEST_STEP][PASSED] - closeBrowser(): Browser is closed

2020-10-29 16:54:56 - [MESSAGE][PASSED] - Browser is closed

2020-10-29 16:54:56 - [MESSAGE][PASSED] - Call Test Case 'Test Cases/Custom Item Details/UTILITIES/CLOSE_BROWSER' successfully]]></system-out>
         <system-err><![CDATA[]]></system-err>
      </testcase>
      <testcase name="Test Cases/Custom Item Details/TEST CASE/TC_DETAILS_UI_016" time="31.972" classname="Test Cases/Custom Item Details/TEST CASE/TC_DETAILS_UI_016" status="PASSED">
         <system-out><![CDATA[2020-10-29 16:54:56 - [TEST_CASE][PASSED] - Test Cases/Custom Item Details/TEST CASE/TC_DETAILS_UI_016: Test Cases/Custom Item Details/TEST CASE/TC_DETAILS_UI_016

2020-10-29 16:54:56 - [TEST_STEP][PASSED] - callTestCase(findTestCase("Custom Item Details/UTILITIES/OPEN_BROWSER"), [:], STOP_ON_FAILURE): Call Test Case 'Test Cases/Custom Item Details/UTILITIES/OPEN_BROWSER' successfully

2020-10-29 16:54:56 - [TEST_CASE][PASSED] - Test Cases/Custom Item Details/UTILITIES/OPEN_BROWSER: Test Cases/Custom Item Details/UTILITIES/OPEN_BROWSER

2020-10-29 16:54:56 - [TEST_STEP][PASSED] - openBrowser("https://diagnostics.staging.arcadier.io/user/item/detail/operation-1-3-genie-fast-hiv1-2-w-o-accessories-kit-25/0e59c734-a537-4021-a2aa-5148339ecd7f"): Browser is opened with url: 'https://diagnostics.staging.arcadier.io/user/item/detail/operation-1-3-genie-fast-hiv1-2-w-o-accessories-kit-25/0e59c734-a537-4021-a2aa-5148339ecd7f'

2020-10-29 16:54:56 - [MESSAGE][INFO] - Starting 'Chrome' driver

2020-10-29 16:54:56 - [MESSAGE][INFO] - Action delay is set to 0 milliseconds

2020-10-29 16:55:22 - [MESSAGE][PASSED] - Browser is opened with url: 'https://diagnostics.staging.arcadier.io/user/item/detail/operation-1-3-genie-fast-hiv1-2-w-o-accessories-kit-25/0e59c734-a537-4021-a2aa-5148339ecd7f'

2020-10-29 16:55:22 - [MESSAGE][PASSED] - Call Test Case 'Test Cases/Custom Item Details/UTILITIES/OPEN_BROWSER' successfully

2020-10-29 16:55:22 - [TEST_STEP][PASSED] - waitForElementVisible(findTestObject("Item Details Objects/Page_diagnostics/a_Accept Cookies"), 0): Object 'Object Repository/Item Details Objects/Page_diagnostics/a_Accept Cookies' is visible

2020-10-29 16:55:22 - [MESSAGE][WARNING] - Timeout '0' is invalid. Using default page load timeout: '30'

2020-10-29 16:55:26 - [MESSAGE][PASSED] - Object 'Object Repository/Item Details Objects/Page_diagnostics/a_Accept Cookies' is visible

2020-10-29 16:55:26 - [TEST_STEP][PASSED] - click(findTestObject("Item Details Objects/Page_diagnostics/a_Accept Cookies")): Object: 'Object Repository/Item Details Objects/Page_diagnostics/a_Accept Cookies' is clicked on

2020-10-29 16:55:26 - [MESSAGE][PASSED] - Object: 'Object Repository/Item Details Objects/Page_diagnostics/a_Accept Cookies' is clicked on

2020-10-29 16:55:26 - [TEST_STEP][PASSED] - waitForElementVisible(findTestObject("Item Details Objects/Page_diagnostics/div_Product_Attributes"), 0): Object 'Object Repository/Item Details Objects/Page_diagnostics/div_Product_Attributes' is visible

2020-10-29 16:55:26 - [MESSAGE][WARNING] - Timeout '0' is invalid. Using default page load timeout: '30'

2020-10-29 16:55:26 - [MESSAGE][PASSED] - Object 'Object Repository/Item Details Objects/Page_diagnostics/div_Product_Attributes' is visible

2020-10-29 16:55:26 - [TEST_STEP][PASSED] - verifyElementClickable(findTestObject("Item Details Objects/Page_diagnostics/div_Product_Attributes")): Object 'Object Repository/Item Details Objects/Page_diagnostics/div_Product_Attributes' is clickable

2020-10-29 16:55:27 - [MESSAGE][PASSED] - Object 'Object Repository/Item Details Objects/Page_diagnostics/div_Product_Attributes' is clickable

2020-10-29 16:55:27 - [TEST_STEP][PASSED] - verifyElementText(findTestObject("Item Details Objects/Page_diagnostics/div_Product_Attributes"), "Product Attributes"): Actual text and expected text of test object 'Object Repository/Item Details Objects/Page_diagnostics/div_Product_Attributes' are matched.

2020-10-29 16:55:27 - [MESSAGE][PASSED] - Actual text and expected text of test object 'Object Repository/Item Details Objects/Page_diagnostics/div_Product_Attributes' are matched.

2020-10-29 16:55:27 - [TEST_STEP][PASSED] - click(findTestObject("Item Details Objects/Page_diagnostics/div_Product_Attributes")): Object: 'Object Repository/Item Details Objects/Page_diagnostics/div_Product_Attributes' is clicked on

2020-10-29 16:55:28 - [MESSAGE][PASSED] - Object: 'Object Repository/Item Details Objects/Page_diagnostics/div_Product_Attributes' is clicked on

2020-10-29 16:55:28 - [TEST_STEP][PASSED] - callTestCase(findTestCase("Custom Item Details/UTILITIES/CLOSE_BROWSER"), [:], STOP_ON_FAILURE): Call Test Case 'Test Cases/Custom Item Details/UTILITIES/CLOSE_BROWSER' successfully

2020-10-29 16:55:28 - [TEST_CASE][PASSED] - Test Cases/Custom Item Details/UTILITIES/CLOSE_BROWSER: Test Cases/Custom Item Details/UTILITIES/CLOSE_BROWSER

2020-10-29 16:55:28 - [TEST_STEP][PASSED] - closeBrowser(): Browser is closed

2020-10-29 16:55:28 - [MESSAGE][PASSED] - Browser is closed

2020-10-29 16:55:28 - [MESSAGE][PASSED] - Call Test Case 'Test Cases/Custom Item Details/UTILITIES/CLOSE_BROWSER' successfully]]></system-out>
         <system-err><![CDATA[]]></system-err>
      </testcase>
      <testcase name="Test Cases/Custom Item Details/TEST CASE/TC_DETAILS_UI_017" time="26.243" classname="Test Cases/Custom Item Details/TEST CASE/TC_DETAILS_UI_017" status="PASSED">
         <system-out><![CDATA[2020-10-29 16:55:28 - [TEST_CASE][PASSED] - Test Cases/Custom Item Details/TEST CASE/TC_DETAILS_UI_017: Test Cases/Custom Item Details/TEST CASE/TC_DETAILS_UI_017

2020-10-29 16:55:28 - [TEST_STEP][PASSED] - callTestCase(findTestCase("Custom Item Details/UTILITIES/OPEN_BROWSER"), [:], STOP_ON_FAILURE): Call Test Case 'Test Cases/Custom Item Details/UTILITIES/OPEN_BROWSER' successfully

2020-10-29 16:55:28 - [TEST_CASE][PASSED] - Test Cases/Custom Item Details/UTILITIES/OPEN_BROWSER: Test Cases/Custom Item Details/UTILITIES/OPEN_BROWSER

2020-10-29 16:55:28 - [TEST_STEP][PASSED] - openBrowser("https://diagnostics.staging.arcadier.io/user/item/detail/operation-1-3-genie-fast-hiv1-2-w-o-accessories-kit-25/0e59c734-a537-4021-a2aa-5148339ecd7f"): Browser is opened with url: 'https://diagnostics.staging.arcadier.io/user/item/detail/operation-1-3-genie-fast-hiv1-2-w-o-accessories-kit-25/0e59c734-a537-4021-a2aa-5148339ecd7f'

2020-10-29 16:55:28 - [MESSAGE][INFO] - Starting 'Chrome' driver

2020-10-29 16:55:28 - [MESSAGE][INFO] - Action delay is set to 0 milliseconds

2020-10-29 16:55:52 - [MESSAGE][PASSED] - Browser is opened with url: 'https://diagnostics.staging.arcadier.io/user/item/detail/operation-1-3-genie-fast-hiv1-2-w-o-accessories-kit-25/0e59c734-a537-4021-a2aa-5148339ecd7f'

2020-10-29 16:55:52 - [MESSAGE][PASSED] - Call Test Case 'Test Cases/Custom Item Details/UTILITIES/OPEN_BROWSER' successfully

2020-10-29 16:55:52 - [TEST_STEP][PASSED] - waitForElementVisible(findTestObject("Item Details Objects/Page_diagnostics/a_Accept Cookies"), 0): Object 'Object Repository/Item Details Objects/Page_diagnostics/a_Accept Cookies' is visible

2020-10-29 16:55:52 - [MESSAGE][WARNING] - Timeout '0' is invalid. Using default page load timeout: '30'

2020-10-29 16:55:52 - [MESSAGE][PASSED] - Object 'Object Repository/Item Details Objects/Page_diagnostics/a_Accept Cookies' is visible

2020-10-29 16:55:52 - [TEST_STEP][PASSED] - click(findTestObject("Item Details Objects/Page_diagnostics/a_Accept Cookies")): Object: 'Object Repository/Item Details Objects/Page_diagnostics/a_Accept Cookies' is clicked on

2020-10-29 16:55:52 - [MESSAGE][PASSED] - Object: 'Object Repository/Item Details Objects/Page_diagnostics/a_Accept Cookies' is clicked on

2020-10-29 16:55:52 - [TEST_STEP][PASSED] - waitForElementVisible(findTestObject("Item Details Objects/Page_diagnostics/div_Manufacture_Information"), 0): Object 'Object Repository/Item Details Objects/Page_diagnostics/div_Manufacture_Information' is visible

2020-10-29 16:55:52 - [MESSAGE][WARNING] - Timeout '0' is invalid. Using default page load timeout: '30'

2020-10-29 16:55:53 - [MESSAGE][PASSED] - Object 'Object Repository/Item Details Objects/Page_diagnostics/div_Manufacture_Information' is visible

2020-10-29 16:55:53 - [TEST_STEP][PASSED] - verifyElementClickable(findTestObject("Item Details Objects/Page_diagnostics/div_Manufacture_Information")): Object 'Object Repository/Item Details Objects/Page_diagnostics/div_Manufacture_Information' is clickable

2020-10-29 16:55:53 - [MESSAGE][PASSED] - Object 'Object Repository/Item Details Objects/Page_diagnostics/div_Manufacture_Information' is clickable

2020-10-29 16:55:53 - [TEST_STEP][PASSED] - verifyElementText(findTestObject("Item Details Objects/Page_diagnostics/div_Manufacture_Information"), "Manufacture Information"): Actual text and expected text of test object 'Object Repository/Item Details Objects/Page_diagnostics/div_Manufacture_Information' are matched.

2020-10-29 16:55:53 - [MESSAGE][PASSED] - Actual text and expected text of test object 'Object Repository/Item Details Objects/Page_diagnostics/div_Manufacture_Information' are matched.

2020-10-29 16:55:53 - [TEST_STEP][PASSED] - click(findTestObject("Item Details Objects/Page_diagnostics/div_Manufacture_Information")): Object: 'Object Repository/Item Details Objects/Page_diagnostics/div_Manufacture_Information' is clicked on

2020-10-29 16:55:54 - [MESSAGE][PASSED] - Object: 'Object Repository/Item Details Objects/Page_diagnostics/div_Manufacture_Information' is clicked on

2020-10-29 16:55:54 - [TEST_STEP][PASSED] - callTestCase(findTestCase("Custom Item Details/UTILITIES/CLOSE_BROWSER"), [:], STOP_ON_FAILURE): Call Test Case 'Test Cases/Custom Item Details/UTILITIES/CLOSE_BROWSER' successfully

2020-10-29 16:55:54 - [TEST_CASE][PASSED] - Test Cases/Custom Item Details/UTILITIES/CLOSE_BROWSER: Test Cases/Custom Item Details/UTILITIES/CLOSE_BROWSER

2020-10-29 16:55:54 - [TEST_STEP][PASSED] - closeBrowser(): Browser is closed

2020-10-29 16:55:54 - [MESSAGE][PASSED] - Browser is closed

2020-10-29 16:55:54 - [MESSAGE][PASSED] - Call Test Case 'Test Cases/Custom Item Details/UTILITIES/CLOSE_BROWSER' successfully]]></system-out>
         <system-err><![CDATA[]]></system-err>
      </testcase>
      <testcase name="Test Cases/Custom Item Details/TEST CASE/TC_DETAILS_UI_018" time="14.792" classname="Test Cases/Custom Item Details/TEST CASE/TC_DETAILS_UI_018" status="PASSED">
         <system-out><![CDATA[2020-10-29 16:55:54 - [TEST_CASE][PASSED] - Test Cases/Custom Item Details/TEST CASE/TC_DETAILS_UI_018: Test Cases/Custom Item Details/TEST CASE/TC_DETAILS_UI_018

2020-10-29 16:55:55 - [TEST_STEP][PASSED] - callTestCase(findTestCase("Custom Item Details/UTILITIES/OPEN_BROWSER"), [:], STOP_ON_FAILURE): Call Test Case 'Test Cases/Custom Item Details/UTILITIES/OPEN_BROWSER' successfully

2020-10-29 16:55:55 - [TEST_CASE][PASSED] - Test Cases/Custom Item Details/UTILITIES/OPEN_BROWSER: Test Cases/Custom Item Details/UTILITIES/OPEN_BROWSER

2020-10-29 16:55:55 - [TEST_STEP][PASSED] - openBrowser("https://diagnostics.staging.arcadier.io/user/item/detail/operation-1-3-genie-fast-hiv1-2-w-o-accessories-kit-25/0e59c734-a537-4021-a2aa-5148339ecd7f"): Browser is opened with url: 'https://diagnostics.staging.arcadier.io/user/item/detail/operation-1-3-genie-fast-hiv1-2-w-o-accessories-kit-25/0e59c734-a537-4021-a2aa-5148339ecd7f'

2020-10-29 16:55:55 - [MESSAGE][INFO] - Starting 'Chrome' driver

2020-10-29 16:55:55 - [MESSAGE][INFO] - Action delay is set to 0 milliseconds

2020-10-29 16:56:06 - [MESSAGE][PASSED] - Browser is opened with url: 'https://diagnostics.staging.arcadier.io/user/item/detail/operation-1-3-genie-fast-hiv1-2-w-o-accessories-kit-25/0e59c734-a537-4021-a2aa-5148339ecd7f'

2020-10-29 16:56:06 - [MESSAGE][PASSED] - Call Test Case 'Test Cases/Custom Item Details/UTILITIES/OPEN_BROWSER' successfully

2020-10-29 16:56:06 - [TEST_STEP][PASSED] - waitForElementVisible(findTestObject("Item Details Objects/Page_diagnostics/a_Accept Cookies"), 0): Object 'Object Repository/Item Details Objects/Page_diagnostics/a_Accept Cookies' is visible

2020-10-29 16:56:06 - [MESSAGE][WARNING] - Timeout '0' is invalid. Using default page load timeout: '30'

2020-10-29 16:56:07 - [MESSAGE][PASSED] - Object 'Object Repository/Item Details Objects/Page_diagnostics/a_Accept Cookies' is visible

2020-10-29 16:56:07 - [TEST_STEP][PASSED] - click(findTestObject("Item Details Objects/Page_diagnostics/a_Accept Cookies")): Object: 'Object Repository/Item Details Objects/Page_diagnostics/a_Accept Cookies' is clicked on

2020-10-29 16:56:07 - [MESSAGE][PASSED] - Object: 'Object Repository/Item Details Objects/Page_diagnostics/a_Accept Cookies' is clicked on

2020-10-29 16:56:07 - [TEST_STEP][PASSED] - waitForElementVisible(findTestObject("Item Details Objects/Page_diagnostics/div_Regulatory_Approval"), 0): Object 'Object Repository/Item Details Objects/Page_diagnostics/div_Regulatory_Approval' is visible

2020-10-29 16:56:07 - [MESSAGE][WARNING] - Timeout '0' is invalid. Using default page load timeout: '30'

2020-10-29 16:56:07 - [MESSAGE][PASSED] - Object 'Object Repository/Item Details Objects/Page_diagnostics/div_Regulatory_Approval' is visible

2020-10-29 16:56:07 - [TEST_STEP][PASSED] - verifyElementClickable(findTestObject("Item Details Objects/Page_diagnostics/div_Regulatory_Approval")): Object 'Object Repository/Item Details Objects/Page_diagnostics/div_Regulatory_Approval' is clickable

2020-10-29 16:56:08 - [MESSAGE][PASSED] - Object 'Object Repository/Item Details Objects/Page_diagnostics/div_Regulatory_Approval' is clickable

2020-10-29 16:56:08 - [TEST_STEP][PASSED] - verifyElementText(findTestObject("Item Details Objects/Page_diagnostics/div_Regulatory_Approval"), "Regulatory Approval"): Actual text and expected text of test object 'Object Repository/Item Details Objects/Page_diagnostics/div_Regulatory_Approval' are matched.

2020-10-29 16:56:08 - [MESSAGE][PASSED] - Actual text and expected text of test object 'Object Repository/Item Details Objects/Page_diagnostics/div_Regulatory_Approval' are matched.

2020-10-29 16:56:08 - [TEST_STEP][PASSED] - click(findTestObject("Item Details Objects/Page_diagnostics/div_Regulatory_Approval")): Object: 'Object Repository/Item Details Objects/Page_diagnostics/div_Regulatory_Approval' is clicked on

2020-10-29 16:56:09 - [MESSAGE][PASSED] - Object: 'Object Repository/Item Details Objects/Page_diagnostics/div_Regulatory_Approval' is clicked on

2020-10-29 16:56:09 - [TEST_STEP][PASSED] - callTestCase(findTestCase("Custom Item Details/UTILITIES/CLOSE_BROWSER"), [:], STOP_ON_FAILURE): Call Test Case 'Test Cases/Custom Item Details/UTILITIES/CLOSE_BROWSER' successfully

2020-10-29 16:56:09 - [TEST_CASE][PASSED] - Test Cases/Custom Item Details/UTILITIES/CLOSE_BROWSER: Test Cases/Custom Item Details/UTILITIES/CLOSE_BROWSER

2020-10-29 16:56:09 - [TEST_STEP][PASSED] - closeBrowser(): Browser is closed

2020-10-29 16:56:09 - [MESSAGE][PASSED] - Browser is closed

2020-10-29 16:56:09 - [MESSAGE][PASSED] - Call Test Case 'Test Cases/Custom Item Details/UTILITIES/CLOSE_BROWSER' successfully]]></system-out>
         <system-err><![CDATA[]]></system-err>
      </testcase>
      <system-out><![CDATA[2020-10-29 16:50:19 - [TEST_SUITE][PASSED] - Item detail test: Test Cases/Custom Item Details/TEST CASE/TC_DETAILS_UI_018]]></system-out>
      <system-err><![CDATA[]]></system-err>
   </testsuite>
</testsuites>
