<?xml version="1.0" encoding="UTF-8"?>
<testsuites name="Item detail test" time="807.575" tests="23" failures="0" errors="0">
   <testsuite name="Item detail test" tests="23" failures="0" errors="0" time="807.575" timestamp="2020-12-15 16:20:13" hostname="Lexoter - DESKTOP-IJBB9BE" id="Test Suites/Item detail test">
      <properties>
         <property name="deviceName" value=""/>
         <property name="devicePlatform" value=""/>
         <property name="logFolder" value="K:\\Work\\GitHub\\find-procurement-test\\Reports\\20201215_162002\\Item detail test\\20201215_162002"/>
         <property name="logFiles" value="K:\\Work\\GitHub\\find-procurement-test\\Reports\\20201215_162002\\Item detail test\\20201215_162002\\execution0.log"/>
         <property name="attachments" value=""/>
         <property name="hostName" value="Lexoter - DESKTOP-IJBB9BE"/>
         <property name="os" value="Windows 10 64bit"/>
         <property name="katalonVersion" value="7.7.0.205"/>
         <property name="browser" value="Chrome 87.0.4280.88"/>
         <property name="hostAddress" value="192.168.56.1"/>
         <property name="sessionId" value="80c41a4dd18ac785fa34f5353feffbad"/>
         <property name="seleniumVersion" value="3.141.59"/>
         <property name="proxyInformation" value="ProxyInformation { proxyOption=NO_PROXY, proxyServerType=HTTP, username=, password=********, proxyServerAddress=, proxyServerPort=0, executionList=&quot;&quot;, isApplyToDesiredCapabilities=true }"/>
         <property name="platform" value="Windows 10"/>
      </properties>
      <testcase name="Test Cases/Custom Procurement Details/TEST CASE/TC_DETAILS_UI_001" time="31.368" classname="Test Cases/Custom Procurement Details/TEST CASE/TC_DETAILS_UI_001" status="PASSED">
         <system-out><![CDATA[2020-12-15 16:20:13 - [TEST_CASE][PASSED] - Test Cases/Custom Procurement Details/TEST CASE/TC_DETAILS_UI_001: Test Cases/Custom Procurement Details/TEST CASE/TC_DETAILS_UI_001

2020-12-15 16:20:13 - [TEST_STEP][PASSED] - callTestCase(findTestCase("Custom Procurement Details/UTILITIES/OPEN_BROWSER"), [:], STOP_ON_FAILURE): Call Test Case 'Test Cases/Custom Procurement Details/UTILITIES/OPEN_BROWSER' successfully

2020-12-15 16:20:14 - [TEST_CASE][PASSED] - Test Cases/Custom Procurement Details/UTILITIES/OPEN_BROWSER: Test Cases/Custom Procurement Details/UTILITIES/OPEN_BROWSER

2020-12-15 16:20:14 - [TEST_STEP][PASSED] - openBrowser("https://gdasandbox.test-arcadier.com/buyer-signin"): Browser is opened with url: 'https://gdasandbox.test-arcadier.com/buyer-signin'

2020-12-15 16:20:14 - [MESSAGE][INFO] - Starting 'Chrome' driver

2020-12-15 16:20:14 - [MESSAGE][INFO] - Action delay is set to 0 milliseconds

2020-12-15 16:20:25 - [MESSAGE][PASSED] - Browser is opened with url: 'https://gdasandbox.test-arcadier.com/buyer-signin'

2020-12-15 16:20:25 - [TEST_STEP][PASSED] - callTestCase(findTestCase("Custom Procurement Details/UTILITIES/LOGIN"), [:], STOP_ON_FAILURE): Call Test Case 'Test Cases/Custom Procurement Details/UTILITIES/LOGIN' successfully

2020-12-15 16:20:25 - [TEST_CASE][PASSED] - Test Cases/Custom Procurement Details/UTILITIES/LOGIN: Test Cases/Custom Procurement Details/UTILITIES/LOGIN

2020-12-15 16:20:25 - [TEST_STEP][PASSED] - waitForElementPresent(findTestObject("Login/Page_diagnostics/a_Sign_in_as_Buyer"), 0): Object 'Object Repository/Login/Page_diagnostics/a_Sign_in_as_Buyer' is present

2020-12-15 16:20:25 - [MESSAGE][WARNING] - Timeout '0' is invalid. Using default page load timeout: '30'

2020-12-15 16:20:25 - [MESSAGE][PASSED] - Object 'Object Repository/Login/Page_diagnostics/a_Sign_in_as_Buyer' is present

2020-12-15 16:20:25 - [TEST_STEP][PASSED] - click(findTestObject("Login/Page_diagnostics/a_Sign_in_as_Buyer")): Object: 'Object Repository/Login/Page_diagnostics/a_Sign_in_as_Buyer' is clicked on

2020-12-15 16:20:26 - [MESSAGE][PASSED] - Object: 'Object Repository/Login/Page_diagnostics/a_Sign_in_as_Buyer' is clicked on

2020-12-15 16:20:26 - [TEST_STEP][PASSED] - waitForElementPresent(findTestObject("Login/Page_diagnostics/input_Username"), 0): Object 'Object Repository/Login/Page_diagnostics/input_Username' is present

2020-12-15 16:20:26 - [MESSAGE][WARNING] - Timeout '0' is invalid. Using default page load timeout: '30'

2020-12-15 16:20:26 - [MESSAGE][PASSED] - Object 'Object Repository/Login/Page_diagnostics/input_Username' is present

2020-12-15 16:20:26 - [TEST_STEP][PASSED] - setText(findTestObject("Login/Page_diagnostics/input_Username"), "admin"): Text 'admin' is set on object 'Object Repository/Login/Page_diagnostics/input_Username'

2020-12-15 16:20:27 - [MESSAGE][PASSED] - Text 'admin' is set on object 'Object Repository/Login/Page_diagnostics/input_Username'

2020-12-15 16:20:27 - [TEST_STEP][PASSED] - waitForElementPresent(findTestObject("Login/Page_diagnostics/input_Password"), 0): Object 'Object Repository/Login/Page_diagnostics/input_Password' is present

2020-12-15 16:20:27 - [MESSAGE][WARNING] - Timeout '0' is invalid. Using default page load timeout: '30'

2020-12-15 16:20:28 - [MESSAGE][PASSED] - Object 'Object Repository/Login/Page_diagnostics/input_Password' is present

2020-12-15 16:20:28 - [TEST_STEP][PASSED] - setText(findTestObject("Login/Page_diagnostics/input_Password"), "Diagnostics123!"): Text 'Diagnostics123!' is set on object 'Object Repository/Login/Page_diagnostics/input_Password'

2020-12-15 16:20:29 - [MESSAGE][PASSED] - Text 'Diagnostics123!' is set on object 'Object Repository/Login/Page_diagnostics/input_Password'

2020-12-15 16:20:29 - [TEST_STEP][PASSED] - waitForElementPresent(findTestObject("Login/Page_diagnostics/input_Submit"), 0): Object 'Object Repository/Login/Page_diagnostics/input_Submit' is present

2020-12-15 16:20:29 - [MESSAGE][WARNING] - Timeout '0' is invalid. Using default page load timeout: '30'

2020-12-15 16:20:29 - [MESSAGE][PASSED] - Object 'Object Repository/Login/Page_diagnostics/input_Submit' is present

2020-12-15 16:20:29 - [TEST_STEP][PASSED] - click(findTestObject("Login/Page_diagnostics/input_Submit")): Object: 'Object Repository/Login/Page_diagnostics/input_Submit' is clicked on

2020-12-15 16:20:36 - [MESSAGE][PASSED] - Object: 'Object Repository/Login/Page_diagnostics/input_Submit' is clicked on

2020-12-15 16:20:36 - [MESSAGE][PASSED] - Call Test Case 'Test Cases/Custom Procurement Details/UTILITIES/LOGIN' successfully

2020-12-15 16:20:36 - [TEST_STEP][PASSED] - navigateToUrl("https://gdasandbox.test-arcadier.com/user/item/detail/gdaagencyfind/59fde34e-4dcb-44b5-bdcd-2bde962c0cb5"): Navigate to 'https://gdasandbox.test-arcadier.com/user/item/detail/gdaagencyfind/59fde34e-4dcb-44b5-bdcd-2bde962c0cb5' successfully

2020-12-15 16:20:38 - [MESSAGE][PASSED] - Navigate to 'https://gdasandbox.test-arcadier.com/user/item/detail/gdaagencyfind/59fde34e-4dcb-44b5-bdcd-2bde962c0cb5' successfully

2020-12-15 16:20:38 - [MESSAGE][PASSED] - Call Test Case 'Test Cases/Custom Procurement Details/UTILITIES/OPEN_BROWSER' successfully

2020-12-15 16:20:38 - [TEST_STEP][PASSED] - callTestCase(findTestCase("Custom Procurement Details/UTILITIES/PROCURE_PAGE"), [:], STOP_ON_FAILURE): Call Test Case 'Test Cases/Custom Procurement Details/UTILITIES/PROCURE_PAGE' successfully

2020-12-15 16:20:38 - [TEST_CASE][PASSED] - Test Cases/Custom Procurement Details/UTILITIES/PROCURE_PAGE: Test Cases/Custom Procurement Details/UTILITIES/PROCURE_PAGE

2020-12-15 16:20:39 - [TEST_STEP][PASSED] - click(findTestObject("Item Details/Page_diagnostics/a_PROCURE_DIRECTLY_FROM_SELLER")): Object: 'Object Repository/Item Details/Page_diagnostics/a_PROCURE_DIRECTLY_FROM_SELLER' is clicked on

2020-12-15 16:20:42 - [MESSAGE][PASSED] - Object: 'Object Repository/Item Details/Page_diagnostics/a_PROCURE_DIRECTLY_FROM_SELLER' is clicked on

2020-12-15 16:20:42 - [MESSAGE][PASSED] - Call Test Case 'Test Cases/Custom Procurement Details/UTILITIES/PROCURE_PAGE' successfully

2020-12-15 16:20:42 - [TEST_STEP][PASSED] - verifyElementPresent(findTestObject("Procurement Active1/Page_diagnostics/span_SHIPPING"), 0): Object 'Object Repository/Procurement Active1/Page_diagnostics/span_SHIPPING' is present

2020-12-15 16:20:42 - [MESSAGE][WARNING] - Timeout '0' is invalid. Using default page load timeout: '30'

2020-12-15 16:20:44 - [MESSAGE][PASSED] - Object 'Object Repository/Procurement Active1/Page_diagnostics/span_SHIPPING' is present

2020-12-15 16:20:44 - [TEST_STEP][PASSED] - callTestCase(findTestCase("Custom Procurement Details/UTILITIES/CLOSE_BROWSER"), [:], STOP_ON_FAILURE): Call Test Case 'Test Cases/Custom Procurement Details/UTILITIES/CLOSE_BROWSER' successfully

2020-12-15 16:20:44 - [TEST_CASE][PASSED] - Test Cases/Custom Procurement Details/UTILITIES/CLOSE_BROWSER: Test Cases/Custom Procurement Details/UTILITIES/CLOSE_BROWSER

2020-12-15 16:20:44 - [TEST_STEP][PASSED] - closeBrowser(): Browser is closed

2020-12-15 16:20:45 - [MESSAGE][PASSED] - Browser is closed

2020-12-15 16:20:45 - [MESSAGE][PASSED] - Call Test Case 'Test Cases/Custom Procurement Details/UTILITIES/CLOSE_BROWSER' successfully]]></system-out>
         <system-err><![CDATA[]]></system-err>
      </testcase>
      <testcase name="Test Cases/Custom Procurement Details/TEST CASE/TC_DETAILS_UI_002" time="28.71" classname="Test Cases/Custom Procurement Details/TEST CASE/TC_DETAILS_UI_002" status="PASSED">
         <system-out><![CDATA[2020-12-15 16:20:45 - [TEST_CASE][PASSED] - Test Cases/Custom Procurement Details/TEST CASE/TC_DETAILS_UI_002: Test Cases/Custom Procurement Details/TEST CASE/TC_DETAILS_UI_002

2020-12-15 16:20:45 - [TEST_STEP][PASSED] - callTestCase(findTestCase("Custom Procurement Details/UTILITIES/OPEN_BROWSER"), [:], STOP_ON_FAILURE): Call Test Case 'Test Cases/Custom Procurement Details/UTILITIES/OPEN_BROWSER' successfully

2020-12-15 16:20:45 - [TEST_CASE][PASSED] - Test Cases/Custom Procurement Details/UTILITIES/OPEN_BROWSER: Test Cases/Custom Procurement Details/UTILITIES/OPEN_BROWSER

2020-12-15 16:20:45 - [TEST_STEP][PASSED] - openBrowser("https://gdasandbox.test-arcadier.com/buyer-signin"): Browser is opened with url: 'https://gdasandbox.test-arcadier.com/buyer-signin'

2020-12-15 16:20:45 - [MESSAGE][INFO] - Starting 'Chrome' driver

2020-12-15 16:20:45 - [MESSAGE][INFO] - Action delay is set to 0 milliseconds

2020-12-15 16:20:55 - [MESSAGE][PASSED] - Browser is opened with url: 'https://gdasandbox.test-arcadier.com/buyer-signin'

2020-12-15 16:20:55 - [TEST_STEP][PASSED] - callTestCase(findTestCase("Custom Procurement Details/UTILITIES/LOGIN"), [:], STOP_ON_FAILURE): Call Test Case 'Test Cases/Custom Procurement Details/UTILITIES/LOGIN' successfully

2020-12-15 16:20:55 - [TEST_CASE][PASSED] - Test Cases/Custom Procurement Details/UTILITIES/LOGIN: Test Cases/Custom Procurement Details/UTILITIES/LOGIN

2020-12-15 16:20:55 - [TEST_STEP][PASSED] - waitForElementPresent(findTestObject("Login/Page_diagnostics/a_Sign_in_as_Buyer"), 0): Object 'Object Repository/Login/Page_diagnostics/a_Sign_in_as_Buyer' is present

2020-12-15 16:20:55 - [MESSAGE][WARNING] - Timeout '0' is invalid. Using default page load timeout: '30'

2020-12-15 16:20:55 - [MESSAGE][PASSED] - Object 'Object Repository/Login/Page_diagnostics/a_Sign_in_as_Buyer' is present

2020-12-15 16:20:55 - [TEST_STEP][PASSED] - click(findTestObject("Login/Page_diagnostics/a_Sign_in_as_Buyer")): Object: 'Object Repository/Login/Page_diagnostics/a_Sign_in_as_Buyer' is clicked on

2020-12-15 16:20:56 - [MESSAGE][PASSED] - Object: 'Object Repository/Login/Page_diagnostics/a_Sign_in_as_Buyer' is clicked on

2020-12-15 16:20:56 - [TEST_STEP][PASSED] - waitForElementPresent(findTestObject("Login/Page_diagnostics/input_Username"), 0): Object 'Object Repository/Login/Page_diagnostics/input_Username' is present

2020-12-15 16:20:56 - [MESSAGE][WARNING] - Timeout '0' is invalid. Using default page load timeout: '30'

2020-12-15 16:20:56 - [MESSAGE][PASSED] - Object 'Object Repository/Login/Page_diagnostics/input_Username' is present

2020-12-15 16:20:56 - [TEST_STEP][PASSED] - setText(findTestObject("Login/Page_diagnostics/input_Username"), "admin"): Text 'admin' is set on object 'Object Repository/Login/Page_diagnostics/input_Username'

2020-12-15 16:20:58 - [MESSAGE][PASSED] - Text 'admin' is set on object 'Object Repository/Login/Page_diagnostics/input_Username'

2020-12-15 16:20:58 - [TEST_STEP][PASSED] - waitForElementPresent(findTestObject("Login/Page_diagnostics/input_Password"), 0): Object 'Object Repository/Login/Page_diagnostics/input_Password' is present

2020-12-15 16:20:58 - [MESSAGE][WARNING] - Timeout '0' is invalid. Using default page load timeout: '30'

2020-12-15 16:20:58 - [MESSAGE][PASSED] - Object 'Object Repository/Login/Page_diagnostics/input_Password' is present

2020-12-15 16:20:58 - [TEST_STEP][PASSED] - setText(findTestObject("Login/Page_diagnostics/input_Password"), "Diagnostics123!"): Text 'Diagnostics123!' is set on object 'Object Repository/Login/Page_diagnostics/input_Password'

2020-12-15 16:20:58 - [MESSAGE][PASSED] - Text 'Diagnostics123!' is set on object 'Object Repository/Login/Page_diagnostics/input_Password'

2020-12-15 16:20:58 - [TEST_STEP][PASSED] - waitForElementPresent(findTestObject("Login/Page_diagnostics/input_Submit"), 0): Object 'Object Repository/Login/Page_diagnostics/input_Submit' is present

2020-12-15 16:20:59 - [MESSAGE][WARNING] - Timeout '0' is invalid. Using default page load timeout: '30'

2020-12-15 16:20:59 - [MESSAGE][PASSED] - Object 'Object Repository/Login/Page_diagnostics/input_Submit' is present

2020-12-15 16:20:59 - [TEST_STEP][PASSED] - click(findTestObject("Login/Page_diagnostics/input_Submit")): Object: 'Object Repository/Login/Page_diagnostics/input_Submit' is clicked on

2020-12-15 16:21:05 - [MESSAGE][PASSED] - Object: 'Object Repository/Login/Page_diagnostics/input_Submit' is clicked on

2020-12-15 16:21:05 - [MESSAGE][PASSED] - Call Test Case 'Test Cases/Custom Procurement Details/UTILITIES/LOGIN' successfully

2020-12-15 16:21:05 - [TEST_STEP][PASSED] - navigateToUrl("https://gdasandbox.test-arcadier.com/user/item/detail/gdaagencyfind/59fde34e-4dcb-44b5-bdcd-2bde962c0cb5"): Navigate to 'https://gdasandbox.test-arcadier.com/user/item/detail/gdaagencyfind/59fde34e-4dcb-44b5-bdcd-2bde962c0cb5' successfully

2020-12-15 16:21:07 - [MESSAGE][PASSED] - Navigate to 'https://gdasandbox.test-arcadier.com/user/item/detail/gdaagencyfind/59fde34e-4dcb-44b5-bdcd-2bde962c0cb5' successfully

2020-12-15 16:21:07 - [MESSAGE][PASSED] - Call Test Case 'Test Cases/Custom Procurement Details/UTILITIES/OPEN_BROWSER' successfully

2020-12-15 16:21:07 - [TEST_STEP][PASSED] - callTestCase(findTestCase("Custom Procurement Details/UTILITIES/PROCURE_PAGE"), [:], STOP_ON_FAILURE): Call Test Case 'Test Cases/Custom Procurement Details/UTILITIES/PROCURE_PAGE' successfully

2020-12-15 16:21:07 - [TEST_CASE][PASSED] - Test Cases/Custom Procurement Details/UTILITIES/PROCURE_PAGE: Test Cases/Custom Procurement Details/UTILITIES/PROCURE_PAGE

2020-12-15 16:21:07 - [TEST_STEP][PASSED] - click(findTestObject("Item Details/Page_diagnostics/a_PROCURE_DIRECTLY_FROM_SELLER")): Object: 'Object Repository/Item Details/Page_diagnostics/a_PROCURE_DIRECTLY_FROM_SELLER' is clicked on

2020-12-15 16:21:11 - [MESSAGE][PASSED] - Object: 'Object Repository/Item Details/Page_diagnostics/a_PROCURE_DIRECTLY_FROM_SELLER' is clicked on

2020-12-15 16:21:11 - [MESSAGE][PASSED] - Call Test Case 'Test Cases/Custom Procurement Details/UTILITIES/PROCURE_PAGE' successfully

2020-12-15 16:21:11 - [TEST_STEP][PASSED] - verifyElementPresent(findTestObject("Procurement Active1/Page_diagnostics/div_Active1"), 0): Object 'Object Repository/Procurement Active1/Page_diagnostics/div_Active1' is present

2020-12-15 16:21:11 - [MESSAGE][WARNING] - Timeout '0' is invalid. Using default page load timeout: '30'

2020-12-15 16:21:13 - [MESSAGE][PASSED] - Object 'Object Repository/Procurement Active1/Page_diagnostics/div_Active1' is present

2020-12-15 16:21:13 - [TEST_STEP][PASSED] - callTestCase(findTestCase("Custom Procurement Details/UTILITIES/CLOSE_BROWSER"), [:], STOP_ON_FAILURE): Call Test Case 'Test Cases/Custom Procurement Details/UTILITIES/CLOSE_BROWSER' successfully

2020-12-15 16:21:13 - [TEST_CASE][PASSED] - Test Cases/Custom Procurement Details/UTILITIES/CLOSE_BROWSER: Test Cases/Custom Procurement Details/UTILITIES/CLOSE_BROWSER

2020-12-15 16:21:13 - [TEST_STEP][PASSED] - closeBrowser(): Browser is closed

2020-12-15 16:21:13 - [MESSAGE][PASSED] - Browser is closed

2020-12-15 16:21:13 - [MESSAGE][PASSED] - Call Test Case 'Test Cases/Custom Procurement Details/UTILITIES/CLOSE_BROWSER' successfully]]></system-out>
         <system-err><![CDATA[]]></system-err>
      </testcase>
      <testcase name="Test Cases/Custom Procurement Details/TEST CASE/TC_DETAILS_UI_003" time="32.054" classname="Test Cases/Custom Procurement Details/TEST CASE/TC_DETAILS_UI_003" status="PASSED">
         <system-out><![CDATA[2020-12-15 16:21:13 - [TEST_CASE][PASSED] - Test Cases/Custom Procurement Details/TEST CASE/TC_DETAILS_UI_003: Test Cases/Custom Procurement Details/TEST CASE/TC_DETAILS_UI_003

2020-12-15 16:21:13 - [TEST_STEP][PASSED] - callTestCase(findTestCase("Custom Procurement Details/UTILITIES/OPEN_BROWSER"), [:], STOP_ON_FAILURE): Call Test Case 'Test Cases/Custom Procurement Details/UTILITIES/OPEN_BROWSER' successfully

2020-12-15 16:21:14 - [TEST_CASE][PASSED] - Test Cases/Custom Procurement Details/UTILITIES/OPEN_BROWSER: Test Cases/Custom Procurement Details/UTILITIES/OPEN_BROWSER

2020-12-15 16:21:14 - [TEST_STEP][PASSED] - openBrowser("https://gdasandbox.test-arcadier.com/buyer-signin"): Browser is opened with url: 'https://gdasandbox.test-arcadier.com/buyer-signin'

2020-12-15 16:21:14 - [MESSAGE][INFO] - Starting 'Chrome' driver

2020-12-15 16:21:14 - [MESSAGE][INFO] - Action delay is set to 0 milliseconds

2020-12-15 16:21:24 - [MESSAGE][PASSED] - Browser is opened with url: 'https://gdasandbox.test-arcadier.com/buyer-signin'

2020-12-15 16:21:24 - [TEST_STEP][PASSED] - callTestCase(findTestCase("Custom Procurement Details/UTILITIES/LOGIN"), [:], STOP_ON_FAILURE): Call Test Case 'Test Cases/Custom Procurement Details/UTILITIES/LOGIN' successfully

2020-12-15 16:21:24 - [TEST_CASE][PASSED] - Test Cases/Custom Procurement Details/UTILITIES/LOGIN: Test Cases/Custom Procurement Details/UTILITIES/LOGIN

2020-12-15 16:21:24 - [TEST_STEP][PASSED] - waitForElementPresent(findTestObject("Login/Page_diagnostics/a_Sign_in_as_Buyer"), 0): Object 'Object Repository/Login/Page_diagnostics/a_Sign_in_as_Buyer' is present

2020-12-15 16:21:24 - [MESSAGE][WARNING] - Timeout '0' is invalid. Using default page load timeout: '30'

2020-12-15 16:21:24 - [MESSAGE][PASSED] - Object 'Object Repository/Login/Page_diagnostics/a_Sign_in_as_Buyer' is present

2020-12-15 16:21:24 - [TEST_STEP][PASSED] - click(findTestObject("Login/Page_diagnostics/a_Sign_in_as_Buyer")): Object: 'Object Repository/Login/Page_diagnostics/a_Sign_in_as_Buyer' is clicked on

2020-12-15 16:21:24 - [MESSAGE][PASSED] - Object: 'Object Repository/Login/Page_diagnostics/a_Sign_in_as_Buyer' is clicked on

2020-12-15 16:21:24 - [TEST_STEP][PASSED] - waitForElementPresent(findTestObject("Login/Page_diagnostics/input_Username"), 0): Object 'Object Repository/Login/Page_diagnostics/input_Username' is present

2020-12-15 16:21:24 - [MESSAGE][WARNING] - Timeout '0' is invalid. Using default page load timeout: '30'

2020-12-15 16:21:25 - [MESSAGE][PASSED] - Object 'Object Repository/Login/Page_diagnostics/input_Username' is present

2020-12-15 16:21:25 - [TEST_STEP][PASSED] - setText(findTestObject("Login/Page_diagnostics/input_Username"), "admin"): Text 'admin' is set on object 'Object Repository/Login/Page_diagnostics/input_Username'

2020-12-15 16:21:26 - [MESSAGE][PASSED] - Text 'admin' is set on object 'Object Repository/Login/Page_diagnostics/input_Username'

2020-12-15 16:21:26 - [TEST_STEP][PASSED] - waitForElementPresent(findTestObject("Login/Page_diagnostics/input_Password"), 0): Object 'Object Repository/Login/Page_diagnostics/input_Password' is present

2020-12-15 16:21:26 - [MESSAGE][WARNING] - Timeout '0' is invalid. Using default page load timeout: '30'

2020-12-15 16:21:27 - [MESSAGE][PASSED] - Object 'Object Repository/Login/Page_diagnostics/input_Password' is present

2020-12-15 16:21:27 - [TEST_STEP][PASSED] - setText(findTestObject("Login/Page_diagnostics/input_Password"), "Diagnostics123!"): Text 'Diagnostics123!' is set on object 'Object Repository/Login/Page_diagnostics/input_Password'

2020-12-15 16:21:28 - [MESSAGE][PASSED] - Text 'Diagnostics123!' is set on object 'Object Repository/Login/Page_diagnostics/input_Password'

2020-12-15 16:21:28 - [TEST_STEP][PASSED] - waitForElementPresent(findTestObject("Login/Page_diagnostics/input_Submit"), 0): Object 'Object Repository/Login/Page_diagnostics/input_Submit' is present

2020-12-15 16:21:28 - [MESSAGE][WARNING] - Timeout '0' is invalid. Using default page load timeout: '30'

2020-12-15 16:21:28 - [MESSAGE][PASSED] - Object 'Object Repository/Login/Page_diagnostics/input_Submit' is present

2020-12-15 16:21:28 - [TEST_STEP][PASSED] - click(findTestObject("Login/Page_diagnostics/input_Submit")): Object: 'Object Repository/Login/Page_diagnostics/input_Submit' is clicked on

2020-12-15 16:21:35 - [MESSAGE][PASSED] - Object: 'Object Repository/Login/Page_diagnostics/input_Submit' is clicked on

2020-12-15 16:21:35 - [MESSAGE][PASSED] - Call Test Case 'Test Cases/Custom Procurement Details/UTILITIES/LOGIN' successfully

2020-12-15 16:21:35 - [TEST_STEP][PASSED] - navigateToUrl("https://gdasandbox.test-arcadier.com/user/item/detail/gdaagencyfind/59fde34e-4dcb-44b5-bdcd-2bde962c0cb5"): Navigate to 'https://gdasandbox.test-arcadier.com/user/item/detail/gdaagencyfind/59fde34e-4dcb-44b5-bdcd-2bde962c0cb5' successfully

2020-12-15 16:21:37 - [MESSAGE][PASSED] - Navigate to 'https://gdasandbox.test-arcadier.com/user/item/detail/gdaagencyfind/59fde34e-4dcb-44b5-bdcd-2bde962c0cb5' successfully

2020-12-15 16:21:37 - [MESSAGE][PASSED] - Call Test Case 'Test Cases/Custom Procurement Details/UTILITIES/OPEN_BROWSER' successfully

2020-12-15 16:21:37 - [TEST_STEP][PASSED] - callTestCase(findTestCase("Custom Procurement Details/UTILITIES/PROCURE_PAGE"), [:], STOP_ON_FAILURE): Call Test Case 'Test Cases/Custom Procurement Details/UTILITIES/PROCURE_PAGE' successfully

2020-12-15 16:21:37 - [TEST_CASE][PASSED] - Test Cases/Custom Procurement Details/UTILITIES/PROCURE_PAGE: Test Cases/Custom Procurement Details/UTILITIES/PROCURE_PAGE

2020-12-15 16:21:37 - [TEST_STEP][PASSED] - click(findTestObject("Item Details/Page_diagnostics/a_PROCURE_DIRECTLY_FROM_SELLER")): Object: 'Object Repository/Item Details/Page_diagnostics/a_PROCURE_DIRECTLY_FROM_SELLER' is clicked on

2020-12-15 16:21:43 - [MESSAGE][PASSED] - Object: 'Object Repository/Item Details/Page_diagnostics/a_PROCURE_DIRECTLY_FROM_SELLER' is clicked on

2020-12-15 16:21:43 - [MESSAGE][PASSED] - Call Test Case 'Test Cases/Custom Procurement Details/UTILITIES/PROCURE_PAGE' successfully

2020-12-15 16:21:43 - [TEST_STEP][PASSED] - verifyElementPresent(findTestObject("Procurement Active1/Page_diagnostics/input_Company_Name"), 0): Object 'Object Repository/Procurement Active1/Page_diagnostics/input_Company_Name' is present

2020-12-15 16:21:43 - [MESSAGE][WARNING] - Timeout '0' is invalid. Using default page load timeout: '30'

2020-12-15 16:21:45 - [MESSAGE][PASSED] - Object 'Object Repository/Procurement Active1/Page_diagnostics/input_Company_Name' is present

2020-12-15 16:21:45 - [TEST_STEP][PASSED] - callTestCase(findTestCase("Custom Procurement Details/UTILITIES/CLOSE_BROWSER"), [:], STOP_ON_FAILURE): Call Test Case 'Test Cases/Custom Procurement Details/UTILITIES/CLOSE_BROWSER' successfully

2020-12-15 16:21:45 - [TEST_CASE][PASSED] - Test Cases/Custom Procurement Details/UTILITIES/CLOSE_BROWSER: Test Cases/Custom Procurement Details/UTILITIES/CLOSE_BROWSER

2020-12-15 16:21:45 - [TEST_STEP][PASSED] - closeBrowser(): Browser is closed

2020-12-15 16:21:45 - [MESSAGE][PASSED] - Browser is closed

2020-12-15 16:21:45 - [MESSAGE][PASSED] - Call Test Case 'Test Cases/Custom Procurement Details/UTILITIES/CLOSE_BROWSER' successfully]]></system-out>
         <system-err><![CDATA[]]></system-err>
      </testcase>
      <testcase name="Test Cases/Custom Procurement Details/TEST CASE/TC_DETAILS_UI_004" time="28.97" classname="Test Cases/Custom Procurement Details/TEST CASE/TC_DETAILS_UI_004" status="PASSED">
         <system-out><![CDATA[2020-12-15 16:21:45 - [TEST_CASE][PASSED] - Test Cases/Custom Procurement Details/TEST CASE/TC_DETAILS_UI_004: Test Cases/Custom Procurement Details/TEST CASE/TC_DETAILS_UI_004

2020-12-15 16:21:46 - [TEST_STEP][PASSED] - callTestCase(findTestCase("Custom Procurement Details/UTILITIES/OPEN_BROWSER"), [:], STOP_ON_FAILURE): Call Test Case 'Test Cases/Custom Procurement Details/UTILITIES/OPEN_BROWSER' successfully

2020-12-15 16:21:46 - [TEST_CASE][PASSED] - Test Cases/Custom Procurement Details/UTILITIES/OPEN_BROWSER: Test Cases/Custom Procurement Details/UTILITIES/OPEN_BROWSER

2020-12-15 16:21:46 - [TEST_STEP][PASSED] - openBrowser("https://gdasandbox.test-arcadier.com/buyer-signin"): Browser is opened with url: 'https://gdasandbox.test-arcadier.com/buyer-signin'

2020-12-15 16:21:46 - [MESSAGE][INFO] - Starting 'Chrome' driver

2020-12-15 16:21:46 - [MESSAGE][INFO] - Action delay is set to 0 milliseconds

2020-12-15 16:21:56 - [MESSAGE][PASSED] - Browser is opened with url: 'https://gdasandbox.test-arcadier.com/buyer-signin'

2020-12-15 16:21:56 - [TEST_STEP][PASSED] - callTestCase(findTestCase("Custom Procurement Details/UTILITIES/LOGIN"), [:], STOP_ON_FAILURE): Call Test Case 'Test Cases/Custom Procurement Details/UTILITIES/LOGIN' successfully

2020-12-15 16:21:56 - [TEST_CASE][PASSED] - Test Cases/Custom Procurement Details/UTILITIES/LOGIN: Test Cases/Custom Procurement Details/UTILITIES/LOGIN

2020-12-15 16:21:56 - [TEST_STEP][PASSED] - waitForElementPresent(findTestObject("Login/Page_diagnostics/a_Sign_in_as_Buyer"), 0): Object 'Object Repository/Login/Page_diagnostics/a_Sign_in_as_Buyer' is present

2020-12-15 16:21:56 - [MESSAGE][WARNING] - Timeout '0' is invalid. Using default page load timeout: '30'

2020-12-15 16:21:56 - [MESSAGE][PASSED] - Object 'Object Repository/Login/Page_diagnostics/a_Sign_in_as_Buyer' is present

2020-12-15 16:21:56 - [TEST_STEP][PASSED] - click(findTestObject("Login/Page_diagnostics/a_Sign_in_as_Buyer")): Object: 'Object Repository/Login/Page_diagnostics/a_Sign_in_as_Buyer' is clicked on

2020-12-15 16:21:56 - [MESSAGE][PASSED] - Object: 'Object Repository/Login/Page_diagnostics/a_Sign_in_as_Buyer' is clicked on

2020-12-15 16:21:56 - [TEST_STEP][PASSED] - waitForElementPresent(findTestObject("Login/Page_diagnostics/input_Username"), 0): Object 'Object Repository/Login/Page_diagnostics/input_Username' is present

2020-12-15 16:21:56 - [MESSAGE][WARNING] - Timeout '0' is invalid. Using default page load timeout: '30'

2020-12-15 16:21:57 - [MESSAGE][PASSED] - Object 'Object Repository/Login/Page_diagnostics/input_Username' is present

2020-12-15 16:21:57 - [TEST_STEP][PASSED] - setText(findTestObject("Login/Page_diagnostics/input_Username"), "admin"): Text 'admin' is set on object 'Object Repository/Login/Page_diagnostics/input_Username'

2020-12-15 16:21:58 - [MESSAGE][PASSED] - Text 'admin' is set on object 'Object Repository/Login/Page_diagnostics/input_Username'

2020-12-15 16:21:58 - [TEST_STEP][PASSED] - waitForElementPresent(findTestObject("Login/Page_diagnostics/input_Password"), 0): Object 'Object Repository/Login/Page_diagnostics/input_Password' is present

2020-12-15 16:21:58 - [MESSAGE][WARNING] - Timeout '0' is invalid. Using default page load timeout: '30'

2020-12-15 16:21:59 - [MESSAGE][PASSED] - Object 'Object Repository/Login/Page_diagnostics/input_Password' is present

2020-12-15 16:21:59 - [TEST_STEP][PASSED] - setText(findTestObject("Login/Page_diagnostics/input_Password"), "Diagnostics123!"): Text 'Diagnostics123!' is set on object 'Object Repository/Login/Page_diagnostics/input_Password'

2020-12-15 16:22:00 - [MESSAGE][PASSED] - Text 'Diagnostics123!' is set on object 'Object Repository/Login/Page_diagnostics/input_Password'

2020-12-15 16:22:00 - [TEST_STEP][PASSED] - waitForElementPresent(findTestObject("Login/Page_diagnostics/input_Submit"), 0): Object 'Object Repository/Login/Page_diagnostics/input_Submit' is present

2020-12-15 16:22:00 - [MESSAGE][WARNING] - Timeout '0' is invalid. Using default page load timeout: '30'

2020-12-15 16:22:00 - [MESSAGE][PASSED] - Object 'Object Repository/Login/Page_diagnostics/input_Submit' is present

2020-12-15 16:22:00 - [TEST_STEP][PASSED] - click(findTestObject("Login/Page_diagnostics/input_Submit")): Object: 'Object Repository/Login/Page_diagnostics/input_Submit' is clicked on

2020-12-15 16:22:06 - [MESSAGE][PASSED] - Object: 'Object Repository/Login/Page_diagnostics/input_Submit' is clicked on

2020-12-15 16:22:06 - [MESSAGE][PASSED] - Call Test Case 'Test Cases/Custom Procurement Details/UTILITIES/LOGIN' successfully

2020-12-15 16:22:06 - [TEST_STEP][PASSED] - navigateToUrl("https://gdasandbox.test-arcadier.com/user/item/detail/gdaagencyfind/59fde34e-4dcb-44b5-bdcd-2bde962c0cb5"): Navigate to 'https://gdasandbox.test-arcadier.com/user/item/detail/gdaagencyfind/59fde34e-4dcb-44b5-bdcd-2bde962c0cb5' successfully

2020-12-15 16:22:08 - [MESSAGE][PASSED] - Navigate to 'https://gdasandbox.test-arcadier.com/user/item/detail/gdaagencyfind/59fde34e-4dcb-44b5-bdcd-2bde962c0cb5' successfully

2020-12-15 16:22:08 - [MESSAGE][PASSED] - Call Test Case 'Test Cases/Custom Procurement Details/UTILITIES/OPEN_BROWSER' successfully

2020-12-15 16:22:08 - [TEST_STEP][PASSED] - callTestCase(findTestCase("Custom Procurement Details/UTILITIES/PROCURE_PAGE"), [:], STOP_ON_FAILURE): Call Test Case 'Test Cases/Custom Procurement Details/UTILITIES/PROCURE_PAGE' successfully

2020-12-15 16:22:08 - [TEST_CASE][PASSED] - Test Cases/Custom Procurement Details/UTILITIES/PROCURE_PAGE: Test Cases/Custom Procurement Details/UTILITIES/PROCURE_PAGE

2020-12-15 16:22:08 - [TEST_STEP][PASSED] - click(findTestObject("Item Details/Page_diagnostics/a_PROCURE_DIRECTLY_FROM_SELLER")): Object: 'Object Repository/Item Details/Page_diagnostics/a_PROCURE_DIRECTLY_FROM_SELLER' is clicked on

2020-12-15 16:22:12 - [MESSAGE][PASSED] - Object: 'Object Repository/Item Details/Page_diagnostics/a_PROCURE_DIRECTLY_FROM_SELLER' is clicked on

2020-12-15 16:22:12 - [MESSAGE][PASSED] - Call Test Case 'Test Cases/Custom Procurement Details/UTILITIES/PROCURE_PAGE' successfully

2020-12-15 16:22:12 - [TEST_STEP][PASSED] - verifyElementPresent(findTestObject("Procurement Active1/Page_diagnostics/input_Notification_email"), 0): Object 'Object Repository/Procurement Active1/Page_diagnostics/input_Notification_email' is present

2020-12-15 16:22:12 - [MESSAGE][WARNING] - Timeout '0' is invalid. Using default page load timeout: '30'

2020-12-15 16:22:14 - [MESSAGE][PASSED] - Object 'Object Repository/Procurement Active1/Page_diagnostics/input_Notification_email' is present

2020-12-15 16:22:14 - [TEST_STEP][PASSED] - callTestCase(findTestCase("Custom Procurement Details/UTILITIES/CLOSE_BROWSER"), [:], STOP_ON_FAILURE): Call Test Case 'Test Cases/Custom Procurement Details/UTILITIES/CLOSE_BROWSER' successfully

2020-12-15 16:22:14 - [TEST_CASE][PASSED] - Test Cases/Custom Procurement Details/UTILITIES/CLOSE_BROWSER: Test Cases/Custom Procurement Details/UTILITIES/CLOSE_BROWSER

2020-12-15 16:22:14 - [TEST_STEP][PASSED] - closeBrowser(): Browser is closed

2020-12-15 16:22:14 - [MESSAGE][PASSED] - Browser is closed

2020-12-15 16:22:14 - [MESSAGE][PASSED] - Call Test Case 'Test Cases/Custom Procurement Details/UTILITIES/CLOSE_BROWSER' successfully]]></system-out>
         <system-err><![CDATA[]]></system-err>
      </testcase>
      <testcase name="Test Cases/Custom Procurement Details/TEST CASE/TC_DETAILS_UI_005" time="28.68" classname="Test Cases/Custom Procurement Details/TEST CASE/TC_DETAILS_UI_005" status="PASSED">
         <system-out><![CDATA[2020-12-15 16:22:14 - [TEST_CASE][PASSED] - Test Cases/Custom Procurement Details/TEST CASE/TC_DETAILS_UI_005: Test Cases/Custom Procurement Details/TEST CASE/TC_DETAILS_UI_005

2020-12-15 16:22:15 - [TEST_STEP][PASSED] - callTestCase(findTestCase("Custom Procurement Details/UTILITIES/OPEN_BROWSER"), [:], STOP_ON_FAILURE): Call Test Case 'Test Cases/Custom Procurement Details/UTILITIES/OPEN_BROWSER' successfully

2020-12-15 16:22:15 - [TEST_CASE][PASSED] - Test Cases/Custom Procurement Details/UTILITIES/OPEN_BROWSER: Test Cases/Custom Procurement Details/UTILITIES/OPEN_BROWSER

2020-12-15 16:22:15 - [TEST_STEP][PASSED] - openBrowser("https://gdasandbox.test-arcadier.com/buyer-signin"): Browser is opened with url: 'https://gdasandbox.test-arcadier.com/buyer-signin'

2020-12-15 16:22:15 - [MESSAGE][INFO] - Starting 'Chrome' driver

2020-12-15 16:22:15 - [MESSAGE][INFO] - Action delay is set to 0 milliseconds

2020-12-15 16:22:25 - [MESSAGE][PASSED] - Browser is opened with url: 'https://gdasandbox.test-arcadier.com/buyer-signin'

2020-12-15 16:22:25 - [TEST_STEP][PASSED] - callTestCase(findTestCase("Custom Procurement Details/UTILITIES/LOGIN"), [:], STOP_ON_FAILURE): Call Test Case 'Test Cases/Custom Procurement Details/UTILITIES/LOGIN' successfully

2020-12-15 16:22:25 - [TEST_CASE][PASSED] - Test Cases/Custom Procurement Details/UTILITIES/LOGIN: Test Cases/Custom Procurement Details/UTILITIES/LOGIN

2020-12-15 16:22:25 - [TEST_STEP][PASSED] - waitForElementPresent(findTestObject("Login/Page_diagnostics/a_Sign_in_as_Buyer"), 0): Object 'Object Repository/Login/Page_diagnostics/a_Sign_in_as_Buyer' is present

2020-12-15 16:22:25 - [MESSAGE][WARNING] - Timeout '0' is invalid. Using default page load timeout: '30'

2020-12-15 16:22:25 - [MESSAGE][PASSED] - Object 'Object Repository/Login/Page_diagnostics/a_Sign_in_as_Buyer' is present

2020-12-15 16:22:25 - [TEST_STEP][PASSED] - click(findTestObject("Login/Page_diagnostics/a_Sign_in_as_Buyer")): Object: 'Object Repository/Login/Page_diagnostics/a_Sign_in_as_Buyer' is clicked on

2020-12-15 16:22:26 - [MESSAGE][PASSED] - Object: 'Object Repository/Login/Page_diagnostics/a_Sign_in_as_Buyer' is clicked on

2020-12-15 16:22:26 - [TEST_STEP][PASSED] - waitForElementPresent(findTestObject("Login/Page_diagnostics/input_Username"), 0): Object 'Object Repository/Login/Page_diagnostics/input_Username' is present

2020-12-15 16:22:26 - [MESSAGE][WARNING] - Timeout '0' is invalid. Using default page load timeout: '30'

2020-12-15 16:22:26 - [MESSAGE][PASSED] - Object 'Object Repository/Login/Page_diagnostics/input_Username' is present

2020-12-15 16:22:26 - [TEST_STEP][PASSED] - setText(findTestObject("Login/Page_diagnostics/input_Username"), "admin"): Text 'admin' is set on object 'Object Repository/Login/Page_diagnostics/input_Username'

2020-12-15 16:22:28 - [MESSAGE][PASSED] - Text 'admin' is set on object 'Object Repository/Login/Page_diagnostics/input_Username'

2020-12-15 16:22:28 - [TEST_STEP][PASSED] - waitForElementPresent(findTestObject("Login/Page_diagnostics/input_Password"), 0): Object 'Object Repository/Login/Page_diagnostics/input_Password' is present

2020-12-15 16:22:28 - [MESSAGE][WARNING] - Timeout '0' is invalid. Using default page load timeout: '30'

2020-12-15 16:22:28 - [MESSAGE][PASSED] - Object 'Object Repository/Login/Page_diagnostics/input_Password' is present

2020-12-15 16:22:28 - [TEST_STEP][PASSED] - setText(findTestObject("Login/Page_diagnostics/input_Password"), "Diagnostics123!"): Text 'Diagnostics123!' is set on object 'Object Repository/Login/Page_diagnostics/input_Password'

2020-12-15 16:22:28 - [MESSAGE][PASSED] - Text 'Diagnostics123!' is set on object 'Object Repository/Login/Page_diagnostics/input_Password'

2020-12-15 16:22:28 - [TEST_STEP][PASSED] - waitForElementPresent(findTestObject("Login/Page_diagnostics/input_Submit"), 0): Object 'Object Repository/Login/Page_diagnostics/input_Submit' is present

2020-12-15 16:22:28 - [MESSAGE][WARNING] - Timeout '0' is invalid. Using default page load timeout: '30'

2020-12-15 16:22:29 - [MESSAGE][PASSED] - Object 'Object Repository/Login/Page_diagnostics/input_Submit' is present

2020-12-15 16:22:29 - [TEST_STEP][PASSED] - click(findTestObject("Login/Page_diagnostics/input_Submit")): Object: 'Object Repository/Login/Page_diagnostics/input_Submit' is clicked on

2020-12-15 16:22:35 - [MESSAGE][PASSED] - Object: 'Object Repository/Login/Page_diagnostics/input_Submit' is clicked on

2020-12-15 16:22:35 - [MESSAGE][PASSED] - Call Test Case 'Test Cases/Custom Procurement Details/UTILITIES/LOGIN' successfully

2020-12-15 16:22:35 - [TEST_STEP][PASSED] - navigateToUrl("https://gdasandbox.test-arcadier.com/user/item/detail/gdaagencyfind/59fde34e-4dcb-44b5-bdcd-2bde962c0cb5"): Navigate to 'https://gdasandbox.test-arcadier.com/user/item/detail/gdaagencyfind/59fde34e-4dcb-44b5-bdcd-2bde962c0cb5' successfully

2020-12-15 16:22:37 - [MESSAGE][PASSED] - Navigate to 'https://gdasandbox.test-arcadier.com/user/item/detail/gdaagencyfind/59fde34e-4dcb-44b5-bdcd-2bde962c0cb5' successfully

2020-12-15 16:22:37 - [MESSAGE][PASSED] - Call Test Case 'Test Cases/Custom Procurement Details/UTILITIES/OPEN_BROWSER' successfully

2020-12-15 16:22:37 - [TEST_STEP][PASSED] - callTestCase(findTestCase("Custom Procurement Details/UTILITIES/PROCURE_PAGE"), [:], STOP_ON_FAILURE): Call Test Case 'Test Cases/Custom Procurement Details/UTILITIES/PROCURE_PAGE' successfully

2020-12-15 16:22:37 - [TEST_CASE][PASSED] - Test Cases/Custom Procurement Details/UTILITIES/PROCURE_PAGE: Test Cases/Custom Procurement Details/UTILITIES/PROCURE_PAGE

2020-12-15 16:22:37 - [TEST_STEP][PASSED] - click(findTestObject("Item Details/Page_diagnostics/a_PROCURE_DIRECTLY_FROM_SELLER")): Object: 'Object Repository/Item Details/Page_diagnostics/a_PROCURE_DIRECTLY_FROM_SELLER' is clicked on

2020-12-15 16:22:41 - [MESSAGE][PASSED] - Object: 'Object Repository/Item Details/Page_diagnostics/a_PROCURE_DIRECTLY_FROM_SELLER' is clicked on

2020-12-15 16:22:41 - [MESSAGE][PASSED] - Call Test Case 'Test Cases/Custom Procurement Details/UTILITIES/PROCURE_PAGE' successfully

2020-12-15 16:22:41 - [TEST_STEP][PASSED] - verifyElementPresent(findTestObject("Procurement Active1/Page_diagnostics/input_Contact_number"), 0): Object 'Object Repository/Procurement Active1/Page_diagnostics/input_Contact_number' is present

2020-12-15 16:22:41 - [MESSAGE][WARNING] - Timeout '0' is invalid. Using default page load timeout: '30'

2020-12-15 16:22:42 - [MESSAGE][PASSED] - Object 'Object Repository/Procurement Active1/Page_diagnostics/input_Contact_number' is present

2020-12-15 16:22:42 - [TEST_STEP][PASSED] - callTestCase(findTestCase("Custom Procurement Details/UTILITIES/CLOSE_BROWSER"), [:], STOP_ON_FAILURE): Call Test Case 'Test Cases/Custom Procurement Details/UTILITIES/CLOSE_BROWSER' successfully

2020-12-15 16:22:42 - [TEST_CASE][PASSED] - Test Cases/Custom Procurement Details/UTILITIES/CLOSE_BROWSER: Test Cases/Custom Procurement Details/UTILITIES/CLOSE_BROWSER

2020-12-15 16:22:42 - [TEST_STEP][PASSED] - closeBrowser(): Browser is closed

2020-12-15 16:22:43 - [MESSAGE][PASSED] - Browser is closed

2020-12-15 16:22:43 - [MESSAGE][PASSED] - Call Test Case 'Test Cases/Custom Procurement Details/UTILITIES/CLOSE_BROWSER' successfully]]></system-out>
         <system-err><![CDATA[]]></system-err>
      </testcase>
      <testcase name="Test Cases/Custom Procurement Details/TEST CASE/TC_DETAILS_UI_006" time="26.679" classname="Test Cases/Custom Procurement Details/TEST CASE/TC_DETAILS_UI_006" status="PASSED">
         <system-out><![CDATA[2020-12-15 16:22:43 - [TEST_CASE][PASSED] - Test Cases/Custom Procurement Details/TEST CASE/TC_DETAILS_UI_006: Test Cases/Custom Procurement Details/TEST CASE/TC_DETAILS_UI_006

2020-12-15 16:22:43 - [TEST_STEP][PASSED] - callTestCase(findTestCase("Custom Procurement Details/UTILITIES/OPEN_BROWSER"), [:], STOP_ON_FAILURE): Call Test Case 'Test Cases/Custom Procurement Details/UTILITIES/OPEN_BROWSER' successfully

2020-12-15 16:22:43 - [TEST_CASE][PASSED] - Test Cases/Custom Procurement Details/UTILITIES/OPEN_BROWSER: Test Cases/Custom Procurement Details/UTILITIES/OPEN_BROWSER

2020-12-15 16:22:43 - [TEST_STEP][PASSED] - openBrowser("https://gdasandbox.test-arcadier.com/buyer-signin"): Browser is opened with url: 'https://gdasandbox.test-arcadier.com/buyer-signin'

2020-12-15 16:22:43 - [MESSAGE][INFO] - Starting 'Chrome' driver

2020-12-15 16:22:43 - [MESSAGE][INFO] - Action delay is set to 0 milliseconds

2020-12-15 16:22:50 - [MESSAGE][PASSED] - Browser is opened with url: 'https://gdasandbox.test-arcadier.com/buyer-signin'

2020-12-15 16:22:50 - [TEST_STEP][PASSED] - callTestCase(findTestCase("Custom Procurement Details/UTILITIES/LOGIN"), [:], STOP_ON_FAILURE): Call Test Case 'Test Cases/Custom Procurement Details/UTILITIES/LOGIN' successfully

2020-12-15 16:22:50 - [TEST_CASE][PASSED] - Test Cases/Custom Procurement Details/UTILITIES/LOGIN: Test Cases/Custom Procurement Details/UTILITIES/LOGIN

2020-12-15 16:22:50 - [TEST_STEP][PASSED] - waitForElementPresent(findTestObject("Login/Page_diagnostics/a_Sign_in_as_Buyer"), 0): Object 'Object Repository/Login/Page_diagnostics/a_Sign_in_as_Buyer' is present

2020-12-15 16:22:50 - [MESSAGE][WARNING] - Timeout '0' is invalid. Using default page load timeout: '30'

2020-12-15 16:22:53 - [MESSAGE][PASSED] - Object 'Object Repository/Login/Page_diagnostics/a_Sign_in_as_Buyer' is present

2020-12-15 16:22:53 - [TEST_STEP][PASSED] - click(findTestObject("Login/Page_diagnostics/a_Sign_in_as_Buyer")): Object: 'Object Repository/Login/Page_diagnostics/a_Sign_in_as_Buyer' is clicked on

2020-12-15 16:22:53 - [MESSAGE][PASSED] - Object: 'Object Repository/Login/Page_diagnostics/a_Sign_in_as_Buyer' is clicked on

2020-12-15 16:22:53 - [TEST_STEP][PASSED] - waitForElementPresent(findTestObject("Login/Page_diagnostics/input_Username"), 0): Object 'Object Repository/Login/Page_diagnostics/input_Username' is present

2020-12-15 16:22:53 - [MESSAGE][WARNING] - Timeout '0' is invalid. Using default page load timeout: '30'

2020-12-15 16:22:54 - [MESSAGE][PASSED] - Object 'Object Repository/Login/Page_diagnostics/input_Username' is present

2020-12-15 16:22:54 - [TEST_STEP][PASSED] - setText(findTestObject("Login/Page_diagnostics/input_Username"), "admin"): Text 'admin' is set on object 'Object Repository/Login/Page_diagnostics/input_Username'

2020-12-15 16:22:54 - [MESSAGE][PASSED] - Text 'admin' is set on object 'Object Repository/Login/Page_diagnostics/input_Username'

2020-12-15 16:22:54 - [TEST_STEP][PASSED] - waitForElementPresent(findTestObject("Login/Page_diagnostics/input_Password"), 0): Object 'Object Repository/Login/Page_diagnostics/input_Password' is present

2020-12-15 16:22:54 - [MESSAGE][WARNING] - Timeout '0' is invalid. Using default page load timeout: '30'

2020-12-15 16:22:55 - [MESSAGE][PASSED] - Object 'Object Repository/Login/Page_diagnostics/input_Password' is present

2020-12-15 16:22:55 - [TEST_STEP][PASSED] - setText(findTestObject("Login/Page_diagnostics/input_Password"), "Diagnostics123!"): Text 'Diagnostics123!' is set on object 'Object Repository/Login/Page_diagnostics/input_Password'

2020-12-15 16:22:55 - [MESSAGE][PASSED] - Text 'Diagnostics123!' is set on object 'Object Repository/Login/Page_diagnostics/input_Password'

2020-12-15 16:22:55 - [TEST_STEP][PASSED] - waitForElementPresent(findTestObject("Login/Page_diagnostics/input_Submit"), 0): Object 'Object Repository/Login/Page_diagnostics/input_Submit' is present

2020-12-15 16:22:55 - [MESSAGE][WARNING] - Timeout '0' is invalid. Using default page load timeout: '30'

2020-12-15 16:22:56 - [MESSAGE][PASSED] - Object 'Object Repository/Login/Page_diagnostics/input_Submit' is present

2020-12-15 16:22:56 - [TEST_STEP][PASSED] - click(findTestObject("Login/Page_diagnostics/input_Submit")): Object: 'Object Repository/Login/Page_diagnostics/input_Submit' is clicked on

2020-12-15 16:23:01 - [MESSAGE][PASSED] - Object: 'Object Repository/Login/Page_diagnostics/input_Submit' is clicked on

2020-12-15 16:23:01 - [MESSAGE][PASSED] - Call Test Case 'Test Cases/Custom Procurement Details/UTILITIES/LOGIN' successfully

2020-12-15 16:23:01 - [TEST_STEP][PASSED] - navigateToUrl("https://gdasandbox.test-arcadier.com/user/item/detail/gdaagencyfind/59fde34e-4dcb-44b5-bdcd-2bde962c0cb5"): Navigate to 'https://gdasandbox.test-arcadier.com/user/item/detail/gdaagencyfind/59fde34e-4dcb-44b5-bdcd-2bde962c0cb5' successfully

2020-12-15 16:23:04 - [MESSAGE][PASSED] - Navigate to 'https://gdasandbox.test-arcadier.com/user/item/detail/gdaagencyfind/59fde34e-4dcb-44b5-bdcd-2bde962c0cb5' successfully

2020-12-15 16:23:04 - [MESSAGE][PASSED] - Call Test Case 'Test Cases/Custom Procurement Details/UTILITIES/OPEN_BROWSER' successfully

2020-12-15 16:23:04 - [TEST_STEP][PASSED] - callTestCase(findTestCase("Custom Procurement Details/UTILITIES/PROCURE_PAGE"), [:], STOP_ON_FAILURE): Call Test Case 'Test Cases/Custom Procurement Details/UTILITIES/PROCURE_PAGE' successfully

2020-12-15 16:23:04 - [TEST_CASE][PASSED] - Test Cases/Custom Procurement Details/UTILITIES/PROCURE_PAGE: Test Cases/Custom Procurement Details/UTILITIES/PROCURE_PAGE

2020-12-15 16:23:04 - [TEST_STEP][PASSED] - click(findTestObject("Item Details/Page_diagnostics/a_PROCURE_DIRECTLY_FROM_SELLER")): Object: 'Object Repository/Item Details/Page_diagnostics/a_PROCURE_DIRECTLY_FROM_SELLER' is clicked on

2020-12-15 16:23:07 - [MESSAGE][PASSED] - Object: 'Object Repository/Item Details/Page_diagnostics/a_PROCURE_DIRECTLY_FROM_SELLER' is clicked on

2020-12-15 16:23:07 - [MESSAGE][PASSED] - Call Test Case 'Test Cases/Custom Procurement Details/UTILITIES/PROCURE_PAGE' successfully

2020-12-15 16:23:07 - [TEST_STEP][PASSED] - verifyElementPresent(findTestObject("Procurement Active1/Page_diagnostics/input_Person-in-charge"), 0): Object 'Object Repository/Procurement Active1/Page_diagnostics/input_Person-in-charge' is present

2020-12-15 16:23:07 - [MESSAGE][WARNING] - Timeout '0' is invalid. Using default page load timeout: '30'

2020-12-15 16:23:09 - [MESSAGE][PASSED] - Object 'Object Repository/Procurement Active1/Page_diagnostics/input_Person-in-charge' is present

2020-12-15 16:23:09 - [TEST_STEP][PASSED] - callTestCase(findTestCase("Custom Procurement Details/UTILITIES/CLOSE_BROWSER"), [:], STOP_ON_FAILURE): Call Test Case 'Test Cases/Custom Procurement Details/UTILITIES/CLOSE_BROWSER' successfully

2020-12-15 16:23:09 - [TEST_CASE][PASSED] - Test Cases/Custom Procurement Details/UTILITIES/CLOSE_BROWSER: Test Cases/Custom Procurement Details/UTILITIES/CLOSE_BROWSER

2020-12-15 16:23:09 - [TEST_STEP][PASSED] - closeBrowser(): Browser is closed

2020-12-15 16:23:10 - [MESSAGE][PASSED] - Browser is closed

2020-12-15 16:23:10 - [MESSAGE][PASSED] - Call Test Case 'Test Cases/Custom Procurement Details/UTILITIES/CLOSE_BROWSER' successfully]]></system-out>
         <system-err><![CDATA[]]></system-err>
      </testcase>
      <testcase name="Test Cases/Custom Procurement Details/TEST CASE/TC_DETAILS_UI_007" time="31.893" classname="Test Cases/Custom Procurement Details/TEST CASE/TC_DETAILS_UI_007" status="PASSED">
         <system-out><![CDATA[2020-12-15 16:23:10 - [TEST_CASE][PASSED] - Test Cases/Custom Procurement Details/TEST CASE/TC_DETAILS_UI_007: Test Cases/Custom Procurement Details/TEST CASE/TC_DETAILS_UI_007

2020-12-15 16:23:10 - [TEST_STEP][PASSED] - callTestCase(findTestCase("Custom Procurement Details/UTILITIES/OPEN_BROWSER"), [:], STOP_ON_FAILURE): Call Test Case 'Test Cases/Custom Procurement Details/UTILITIES/OPEN_BROWSER' successfully

2020-12-15 16:23:10 - [TEST_CASE][PASSED] - Test Cases/Custom Procurement Details/UTILITIES/OPEN_BROWSER: Test Cases/Custom Procurement Details/UTILITIES/OPEN_BROWSER

2020-12-15 16:23:10 - [TEST_STEP][PASSED] - openBrowser("https://gdasandbox.test-arcadier.com/buyer-signin"): Browser is opened with url: 'https://gdasandbox.test-arcadier.com/buyer-signin'

2020-12-15 16:23:10 - [MESSAGE][INFO] - Starting 'Chrome' driver

2020-12-15 16:23:10 - [MESSAGE][INFO] - Action delay is set to 0 milliseconds

2020-12-15 16:23:20 - [MESSAGE][PASSED] - Browser is opened with url: 'https://gdasandbox.test-arcadier.com/buyer-signin'

2020-12-15 16:23:20 - [TEST_STEP][PASSED] - callTestCase(findTestCase("Custom Procurement Details/UTILITIES/LOGIN"), [:], STOP_ON_FAILURE): Call Test Case 'Test Cases/Custom Procurement Details/UTILITIES/LOGIN' successfully

2020-12-15 16:23:20 - [TEST_CASE][PASSED] - Test Cases/Custom Procurement Details/UTILITIES/LOGIN: Test Cases/Custom Procurement Details/UTILITIES/LOGIN

2020-12-15 16:23:20 - [TEST_STEP][PASSED] - waitForElementPresent(findTestObject("Login/Page_diagnostics/a_Sign_in_as_Buyer"), 0): Object 'Object Repository/Login/Page_diagnostics/a_Sign_in_as_Buyer' is present

2020-12-15 16:23:20 - [MESSAGE][WARNING] - Timeout '0' is invalid. Using default page load timeout: '30'

2020-12-15 16:23:20 - [MESSAGE][PASSED] - Object 'Object Repository/Login/Page_diagnostics/a_Sign_in_as_Buyer' is present

2020-12-15 16:23:20 - [TEST_STEP][PASSED] - click(findTestObject("Login/Page_diagnostics/a_Sign_in_as_Buyer")): Object: 'Object Repository/Login/Page_diagnostics/a_Sign_in_as_Buyer' is clicked on

2020-12-15 16:23:21 - [MESSAGE][PASSED] - Object: 'Object Repository/Login/Page_diagnostics/a_Sign_in_as_Buyer' is clicked on

2020-12-15 16:23:21 - [TEST_STEP][PASSED] - waitForElementPresent(findTestObject("Login/Page_diagnostics/input_Username"), 0): Object 'Object Repository/Login/Page_diagnostics/input_Username' is present

2020-12-15 16:23:21 - [MESSAGE][WARNING] - Timeout '0' is invalid. Using default page load timeout: '30'

2020-12-15 16:23:21 - [MESSAGE][PASSED] - Object 'Object Repository/Login/Page_diagnostics/input_Username' is present

2020-12-15 16:23:21 - [TEST_STEP][PASSED] - setText(findTestObject("Login/Page_diagnostics/input_Username"), "admin"): Text 'admin' is set on object 'Object Repository/Login/Page_diagnostics/input_Username'

2020-12-15 16:23:23 - [MESSAGE][PASSED] - Text 'admin' is set on object 'Object Repository/Login/Page_diagnostics/input_Username'

2020-12-15 16:23:23 - [TEST_STEP][PASSED] - waitForElementPresent(findTestObject("Login/Page_diagnostics/input_Password"), 0): Object 'Object Repository/Login/Page_diagnostics/input_Password' is present

2020-12-15 16:23:23 - [MESSAGE][WARNING] - Timeout '0' is invalid. Using default page load timeout: '30'

2020-12-15 16:23:23 - [MESSAGE][PASSED] - Object 'Object Repository/Login/Page_diagnostics/input_Password' is present

2020-12-15 16:23:23 - [TEST_STEP][PASSED] - setText(findTestObject("Login/Page_diagnostics/input_Password"), "Diagnostics123!"): Text 'Diagnostics123!' is set on object 'Object Repository/Login/Page_diagnostics/input_Password'

2020-12-15 16:23:24 - [MESSAGE][PASSED] - Text 'Diagnostics123!' is set on object 'Object Repository/Login/Page_diagnostics/input_Password'

2020-12-15 16:23:24 - [TEST_STEP][PASSED] - waitForElementPresent(findTestObject("Login/Page_diagnostics/input_Submit"), 0): Object 'Object Repository/Login/Page_diagnostics/input_Submit' is present

2020-12-15 16:23:24 - [MESSAGE][WARNING] - Timeout '0' is invalid. Using default page load timeout: '30'

2020-12-15 16:23:24 - [MESSAGE][PASSED] - Object 'Object Repository/Login/Page_diagnostics/input_Submit' is present

2020-12-15 16:23:24 - [TEST_STEP][PASSED] - click(findTestObject("Login/Page_diagnostics/input_Submit")): Object: 'Object Repository/Login/Page_diagnostics/input_Submit' is clicked on

2020-12-15 16:23:32 - [MESSAGE][PASSED] - Object: 'Object Repository/Login/Page_diagnostics/input_Submit' is clicked on

2020-12-15 16:23:32 - [MESSAGE][PASSED] - Call Test Case 'Test Cases/Custom Procurement Details/UTILITIES/LOGIN' successfully

2020-12-15 16:23:32 - [TEST_STEP][PASSED] - navigateToUrl("https://gdasandbox.test-arcadier.com/user/item/detail/gdaagencyfind/59fde34e-4dcb-44b5-bdcd-2bde962c0cb5"): Navigate to 'https://gdasandbox.test-arcadier.com/user/item/detail/gdaagencyfind/59fde34e-4dcb-44b5-bdcd-2bde962c0cb5' successfully

2020-12-15 16:23:34 - [MESSAGE][PASSED] - Navigate to 'https://gdasandbox.test-arcadier.com/user/item/detail/gdaagencyfind/59fde34e-4dcb-44b5-bdcd-2bde962c0cb5' successfully

2020-12-15 16:23:34 - [MESSAGE][PASSED] - Call Test Case 'Test Cases/Custom Procurement Details/UTILITIES/OPEN_BROWSER' successfully

2020-12-15 16:23:34 - [TEST_STEP][PASSED] - callTestCase(findTestCase("Custom Procurement Details/UTILITIES/PROCURE_PAGE"), [:], STOP_ON_FAILURE): Call Test Case 'Test Cases/Custom Procurement Details/UTILITIES/PROCURE_PAGE' successfully

2020-12-15 16:23:34 - [TEST_CASE][PASSED] - Test Cases/Custom Procurement Details/UTILITIES/PROCURE_PAGE: Test Cases/Custom Procurement Details/UTILITIES/PROCURE_PAGE

2020-12-15 16:23:34 - [TEST_STEP][PASSED] - click(findTestObject("Item Details/Page_diagnostics/a_PROCURE_DIRECTLY_FROM_SELLER")): Object: 'Object Repository/Item Details/Page_diagnostics/a_PROCURE_DIRECTLY_FROM_SELLER' is clicked on

2020-12-15 16:23:39 - [MESSAGE][PASSED] - Object: 'Object Repository/Item Details/Page_diagnostics/a_PROCURE_DIRECTLY_FROM_SELLER' is clicked on

2020-12-15 16:23:39 - [MESSAGE][PASSED] - Call Test Case 'Test Cases/Custom Procurement Details/UTILITIES/PROCURE_PAGE' successfully

2020-12-15 16:23:39 - [TEST_STEP][PASSED] - verifyElementPresent(findTestObject("Procurement Active1/Page_diagnostics/a_NEXT"), 0): Object 'Object Repository/Procurement Active1/Page_diagnostics/a_NEXT' is present

2020-12-15 16:23:39 - [MESSAGE][WARNING] - Timeout '0' is invalid. Using default page load timeout: '30'

2020-12-15 16:23:41 - [MESSAGE][PASSED] - Object 'Object Repository/Procurement Active1/Page_diagnostics/a_NEXT' is present

2020-12-15 16:23:41 - [TEST_STEP][PASSED] - callTestCase(findTestCase("Custom Procurement Details/UTILITIES/CLOSE_BROWSER"), [:], STOP_ON_FAILURE): Call Test Case 'Test Cases/Custom Procurement Details/UTILITIES/CLOSE_BROWSER' successfully

2020-12-15 16:23:41 - [TEST_CASE][PASSED] - Test Cases/Custom Procurement Details/UTILITIES/CLOSE_BROWSER: Test Cases/Custom Procurement Details/UTILITIES/CLOSE_BROWSER

2020-12-15 16:23:41 - [TEST_STEP][PASSED] - closeBrowser(): Browser is closed

2020-12-15 16:23:42 - [MESSAGE][PASSED] - Browser is closed

2020-12-15 16:23:42 - [MESSAGE][PASSED] - Call Test Case 'Test Cases/Custom Procurement Details/UTILITIES/CLOSE_BROWSER' successfully]]></system-out>
         <system-err><![CDATA[]]></system-err>
      </testcase>
      <testcase name="Test Cases/Custom Procurement Details/TEST CASE/TC_DETAILS_UI_008" time="34.967" classname="Test Cases/Custom Procurement Details/TEST CASE/TC_DETAILS_UI_008" status="PASSED">
         <system-out><![CDATA[2020-12-15 16:23:42 - [TEST_CASE][PASSED] - Test Cases/Custom Procurement Details/TEST CASE/TC_DETAILS_UI_008: Test Cases/Custom Procurement Details/TEST CASE/TC_DETAILS_UI_008

2020-12-15 16:23:42 - [TEST_STEP][PASSED] - callTestCase(findTestCase("Custom Procurement Details/UTILITIES/OPEN_BROWSER"), [:], STOP_ON_FAILURE): Call Test Case 'Test Cases/Custom Procurement Details/UTILITIES/OPEN_BROWSER' successfully

2020-12-15 16:23:42 - [TEST_CASE][PASSED] - Test Cases/Custom Procurement Details/UTILITIES/OPEN_BROWSER: Test Cases/Custom Procurement Details/UTILITIES/OPEN_BROWSER

2020-12-15 16:23:42 - [TEST_STEP][PASSED] - openBrowser("https://gdasandbox.test-arcadier.com/buyer-signin"): Browser is opened with url: 'https://gdasandbox.test-arcadier.com/buyer-signin'

2020-12-15 16:23:42 - [MESSAGE][INFO] - Starting 'Chrome' driver

2020-12-15 16:23:42 - [MESSAGE][INFO] - Action delay is set to 0 milliseconds

2020-12-15 16:23:52 - [MESSAGE][PASSED] - Browser is opened with url: 'https://gdasandbox.test-arcadier.com/buyer-signin'

2020-12-15 16:23:52 - [TEST_STEP][PASSED] - callTestCase(findTestCase("Custom Procurement Details/UTILITIES/LOGIN"), [:], STOP_ON_FAILURE): Call Test Case 'Test Cases/Custom Procurement Details/UTILITIES/LOGIN' successfully

2020-12-15 16:23:52 - [TEST_CASE][PASSED] - Test Cases/Custom Procurement Details/UTILITIES/LOGIN: Test Cases/Custom Procurement Details/UTILITIES/LOGIN

2020-12-15 16:23:52 - [TEST_STEP][PASSED] - waitForElementPresent(findTestObject("Login/Page_diagnostics/a_Sign_in_as_Buyer"), 0): Object 'Object Repository/Login/Page_diagnostics/a_Sign_in_as_Buyer' is present

2020-12-15 16:23:52 - [MESSAGE][WARNING] - Timeout '0' is invalid. Using default page load timeout: '30'

2020-12-15 16:23:53 - [MESSAGE][PASSED] - Object 'Object Repository/Login/Page_diagnostics/a_Sign_in_as_Buyer' is present

2020-12-15 16:23:53 - [TEST_STEP][PASSED] - click(findTestObject("Login/Page_diagnostics/a_Sign_in_as_Buyer")): Object: 'Object Repository/Login/Page_diagnostics/a_Sign_in_as_Buyer' is clicked on

2020-12-15 16:23:53 - [MESSAGE][PASSED] - Object: 'Object Repository/Login/Page_diagnostics/a_Sign_in_as_Buyer' is clicked on

2020-12-15 16:23:53 - [TEST_STEP][PASSED] - waitForElementPresent(findTestObject("Login/Page_diagnostics/input_Username"), 0): Object 'Object Repository/Login/Page_diagnostics/input_Username' is present

2020-12-15 16:23:53 - [MESSAGE][WARNING] - Timeout '0' is invalid. Using default page load timeout: '30'

2020-12-15 16:23:53 - [MESSAGE][PASSED] - Object 'Object Repository/Login/Page_diagnostics/input_Username' is present

2020-12-15 16:23:53 - [TEST_STEP][PASSED] - setText(findTestObject("Login/Page_diagnostics/input_Username"), "admin"): Text 'admin' is set on object 'Object Repository/Login/Page_diagnostics/input_Username'

2020-12-15 16:23:55 - [MESSAGE][PASSED] - Text 'admin' is set on object 'Object Repository/Login/Page_diagnostics/input_Username'

2020-12-15 16:23:55 - [TEST_STEP][PASSED] - waitForElementPresent(findTestObject("Login/Page_diagnostics/input_Password"), 0): Object 'Object Repository/Login/Page_diagnostics/input_Password' is present

2020-12-15 16:23:55 - [MESSAGE][WARNING] - Timeout '0' is invalid. Using default page load timeout: '30'

2020-12-15 16:23:55 - [MESSAGE][PASSED] - Object 'Object Repository/Login/Page_diagnostics/input_Password' is present

2020-12-15 16:23:55 - [TEST_STEP][PASSED] - setText(findTestObject("Login/Page_diagnostics/input_Password"), "Diagnostics123!"): Text 'Diagnostics123!' is set on object 'Object Repository/Login/Page_diagnostics/input_Password'

2020-12-15 16:23:56 - [MESSAGE][PASSED] - Text 'Diagnostics123!' is set on object 'Object Repository/Login/Page_diagnostics/input_Password'

2020-12-15 16:23:56 - [TEST_STEP][PASSED] - waitForElementPresent(findTestObject("Login/Page_diagnostics/input_Submit"), 0): Object 'Object Repository/Login/Page_diagnostics/input_Submit' is present

2020-12-15 16:23:56 - [MESSAGE][WARNING] - Timeout '0' is invalid. Using default page load timeout: '30'

2020-12-15 16:23:56 - [MESSAGE][PASSED] - Object 'Object Repository/Login/Page_diagnostics/input_Submit' is present

2020-12-15 16:23:56 - [TEST_STEP][PASSED] - click(findTestObject("Login/Page_diagnostics/input_Submit")): Object: 'Object Repository/Login/Page_diagnostics/input_Submit' is clicked on

2020-12-15 16:24:02 - [MESSAGE][PASSED] - Object: 'Object Repository/Login/Page_diagnostics/input_Submit' is clicked on

2020-12-15 16:24:02 - [MESSAGE][PASSED] - Call Test Case 'Test Cases/Custom Procurement Details/UTILITIES/LOGIN' successfully

2020-12-15 16:24:02 - [TEST_STEP][PASSED] - navigateToUrl("https://gdasandbox.test-arcadier.com/user/item/detail/gdaagencyfind/59fde34e-4dcb-44b5-bdcd-2bde962c0cb5"): Navigate to 'https://gdasandbox.test-arcadier.com/user/item/detail/gdaagencyfind/59fde34e-4dcb-44b5-bdcd-2bde962c0cb5' successfully

2020-12-15 16:24:06 - [MESSAGE][PASSED] - Navigate to 'https://gdasandbox.test-arcadier.com/user/item/detail/gdaagencyfind/59fde34e-4dcb-44b5-bdcd-2bde962c0cb5' successfully

2020-12-15 16:24:06 - [MESSAGE][PASSED] - Call Test Case 'Test Cases/Custom Procurement Details/UTILITIES/OPEN_BROWSER' successfully

2020-12-15 16:24:06 - [TEST_STEP][PASSED] - callTestCase(findTestCase("Custom Procurement Details/UTILITIES/PROCURE_PAGE"), [:], STOP_ON_FAILURE): Call Test Case 'Test Cases/Custom Procurement Details/UTILITIES/PROCURE_PAGE' successfully

2020-12-15 16:24:06 - [TEST_CASE][PASSED] - Test Cases/Custom Procurement Details/UTILITIES/PROCURE_PAGE: Test Cases/Custom Procurement Details/UTILITIES/PROCURE_PAGE

2020-12-15 16:24:06 - [TEST_STEP][PASSED] - click(findTestObject("Item Details/Page_diagnostics/a_PROCURE_DIRECTLY_FROM_SELLER")): Object: 'Object Repository/Item Details/Page_diagnostics/a_PROCURE_DIRECTLY_FROM_SELLER' is clicked on

2020-12-15 16:24:10 - [MESSAGE][PASSED] - Object: 'Object Repository/Item Details/Page_diagnostics/a_PROCURE_DIRECTLY_FROM_SELLER' is clicked on

2020-12-15 16:24:10 - [MESSAGE][PASSED] - Call Test Case 'Test Cases/Custom Procurement Details/UTILITIES/PROCURE_PAGE' successfully

2020-12-15 16:24:10 - [TEST_STEP][PASSED] - callTestCase(findTestCase("Custom Procurement Details/UTILITIES/FORM_INPUT"), [:], STOP_ON_FAILURE): Call Test Case 'Test Cases/Custom Procurement Details/UTILITIES/FORM_INPUT' successfully

2020-12-15 16:24:10 - [TEST_CASE][PASSED] - Test Cases/Custom Procurement Details/UTILITIES/FORM_INPUT: Test Cases/Custom Procurement Details/UTILITIES/FORM_INPUT

2020-12-15 16:24:10 - [TEST_STEP][PASSED] - setText(findTestObject("Procurement Active1/Page_diagnostics/input_Company_Name"), "Intro Company"): Text 'Intro Company' is set on object 'Object Repository/Procurement Active1/Page_diagnostics/input_Company_Name'

2020-12-15 16:24:12 - [MESSAGE][PASSED] - Text 'Intro Company' is set on object 'Object Repository/Procurement Active1/Page_diagnostics/input_Company_Name'

2020-12-15 16:24:12 - [TEST_STEP][PASSED] - setText(findTestObject("Procurement Active1/Page_diagnostics/input_Person-in-charge"), "Admin"): Text 'Admin' is set on object 'Object Repository/Procurement Active1/Page_diagnostics/input_Person-in-charge'

2020-12-15 16:24:13 - [MESSAGE][PASSED] - Text 'Admin' is set on object 'Object Repository/Procurement Active1/Page_diagnostics/input_Person-in-charge'

2020-12-15 16:24:13 - [TEST_STEP][PASSED] - setText(findTestObject("Procurement Active1/Page_diagnostics/input_Notification_email"), "adminn@test.com"): Text 'adminn@test.com' is set on object 'Object Repository/Procurement Active1/Page_diagnostics/input_Notification_email'

2020-12-15 16:24:14 - [MESSAGE][PASSED] - Text 'adminn@test.com' is set on object 'Object Repository/Procurement Active1/Page_diagnostics/input_Notification_email'

2020-12-15 16:24:14 - [TEST_STEP][PASSED] - setText(findTestObject("Procurement Active1/Page_diagnostics/input_Contact_number"), "1234567890"): Text '1234567890' is set on object 'Object Repository/Procurement Active1/Page_diagnostics/input_Contact_number'

2020-12-15 16:24:14 - [MESSAGE][PASSED] - Text '1234567890' is set on object 'Object Repository/Procurement Active1/Page_diagnostics/input_Contact_number'

2020-12-15 16:24:14 - [TEST_STEP][PASSED] - click(findTestObject("Procurement Active1/Page_diagnostics/label_SELECT ADDRESS")): Object: 'Object Repository/Procurement Active1/Page_diagnostics/label_SELECT ADDRESS' is clicked on

2020-12-15 16:24:14 - [MESSAGE][PASSED] - Object: 'Object Repository/Procurement Active1/Page_diagnostics/label_SELECT ADDRESS' is clicked on

2020-12-15 16:24:14 - [TEST_STEP][PASSED] - click(findTestObject("Item Details/Page_diagnostics/a_Accept Cookies")): Object: 'Object Repository/Item Details/Page_diagnostics/a_Accept Cookies' is clicked on

2020-12-15 16:24:15 - [MESSAGE][PASSED] - Object: 'Object Repository/Item Details/Page_diagnostics/a_Accept Cookies' is clicked on

2020-12-15 16:24:15 - [TEST_STEP][PASSED] - click(findTestObject("Procurement Active1/Page_diagnostics/a_NEXT")): Object: 'Object Repository/Procurement Active1/Page_diagnostics/a_NEXT' is clicked on

2020-12-15 16:24:16 - [MESSAGE][PASSED] - Object: 'Object Repository/Procurement Active1/Page_diagnostics/a_NEXT' is clicked on

2020-12-15 16:24:16 - [MESSAGE][PASSED] - Call Test Case 'Test Cases/Custom Procurement Details/UTILITIES/FORM_INPUT' successfully

2020-12-15 16:24:16 - [TEST_STEP][PASSED] - callTestCase(findTestCase("Custom Procurement Details/UTILITIES/CLOSE_BROWSER"), [:], STOP_ON_FAILURE): Call Test Case 'Test Cases/Custom Procurement Details/UTILITIES/CLOSE_BROWSER' successfully

2020-12-15 16:24:16 - [TEST_CASE][PASSED] - Test Cases/Custom Procurement Details/UTILITIES/CLOSE_BROWSER: Test Cases/Custom Procurement Details/UTILITIES/CLOSE_BROWSER

2020-12-15 16:24:16 - [TEST_STEP][PASSED] - closeBrowser(): Browser is closed

2020-12-15 16:24:17 - [MESSAGE][PASSED] - Browser is closed

2020-12-15 16:24:17 - [MESSAGE][PASSED] - Call Test Case 'Test Cases/Custom Procurement Details/UTILITIES/CLOSE_BROWSER' successfully]]></system-out>
         <system-err><![CDATA[]]></system-err>
      </testcase>
      <testcase name="Test Cases/Custom Procurement Details/TEST CASE/TC_DETAILS_UI_009" time="41.769" classname="Test Cases/Custom Procurement Details/TEST CASE/TC_DETAILS_UI_009" status="PASSED">
         <system-out><![CDATA[2020-12-15 16:24:17 - [TEST_CASE][PASSED] - Test Cases/Custom Procurement Details/TEST CASE/TC_DETAILS_UI_009: Test Cases/Custom Procurement Details/TEST CASE/TC_DETAILS_UI_009

2020-12-15 16:24:17 - [TEST_STEP][PASSED] - callTestCase(findTestCase("Custom Procurement Details/UTILITIES/OPEN_BROWSER"), [:], STOP_ON_FAILURE): Call Test Case 'Test Cases/Custom Procurement Details/UTILITIES/OPEN_BROWSER' successfully

2020-12-15 16:24:17 - [TEST_CASE][PASSED] - Test Cases/Custom Procurement Details/UTILITIES/OPEN_BROWSER: Test Cases/Custom Procurement Details/UTILITIES/OPEN_BROWSER

2020-12-15 16:24:17 - [TEST_STEP][PASSED] - openBrowser("https://gdasandbox.test-arcadier.com/buyer-signin"): Browser is opened with url: 'https://gdasandbox.test-arcadier.com/buyer-signin'

2020-12-15 16:24:17 - [MESSAGE][INFO] - Starting 'Chrome' driver

2020-12-15 16:24:17 - [MESSAGE][INFO] - Action delay is set to 0 milliseconds

2020-12-15 16:24:28 - [MESSAGE][PASSED] - Browser is opened with url: 'https://gdasandbox.test-arcadier.com/buyer-signin'

2020-12-15 16:24:28 - [TEST_STEP][PASSED] - callTestCase(findTestCase("Custom Procurement Details/UTILITIES/LOGIN"), [:], STOP_ON_FAILURE): Call Test Case 'Test Cases/Custom Procurement Details/UTILITIES/LOGIN' successfully

2020-12-15 16:24:28 - [TEST_CASE][PASSED] - Test Cases/Custom Procurement Details/UTILITIES/LOGIN: Test Cases/Custom Procurement Details/UTILITIES/LOGIN

2020-12-15 16:24:28 - [TEST_STEP][PASSED] - waitForElementPresent(findTestObject("Login/Page_diagnostics/a_Sign_in_as_Buyer"), 0): Object 'Object Repository/Login/Page_diagnostics/a_Sign_in_as_Buyer' is present

2020-12-15 16:24:28 - [MESSAGE][WARNING] - Timeout '0' is invalid. Using default page load timeout: '30'

2020-12-15 16:24:28 - [MESSAGE][PASSED] - Object 'Object Repository/Login/Page_diagnostics/a_Sign_in_as_Buyer' is present

2020-12-15 16:24:28 - [TEST_STEP][PASSED] - click(findTestObject("Login/Page_diagnostics/a_Sign_in_as_Buyer")): Object: 'Object Repository/Login/Page_diagnostics/a_Sign_in_as_Buyer' is clicked on

2020-12-15 16:24:28 - [MESSAGE][PASSED] - Object: 'Object Repository/Login/Page_diagnostics/a_Sign_in_as_Buyer' is clicked on

2020-12-15 16:24:28 - [TEST_STEP][PASSED] - waitForElementPresent(findTestObject("Login/Page_diagnostics/input_Username"), 0): Object 'Object Repository/Login/Page_diagnostics/input_Username' is present

2020-12-15 16:24:29 - [MESSAGE][WARNING] - Timeout '0' is invalid. Using default page load timeout: '30'

2020-12-15 16:24:29 - [MESSAGE][PASSED] - Object 'Object Repository/Login/Page_diagnostics/input_Username' is present

2020-12-15 16:24:29 - [TEST_STEP][PASSED] - setText(findTestObject("Login/Page_diagnostics/input_Username"), "admin"): Text 'admin' is set on object 'Object Repository/Login/Page_diagnostics/input_Username'

2020-12-15 16:24:31 - [MESSAGE][PASSED] - Text 'admin' is set on object 'Object Repository/Login/Page_diagnostics/input_Username'

2020-12-15 16:24:31 - [TEST_STEP][PASSED] - waitForElementPresent(findTestObject("Login/Page_diagnostics/input_Password"), 0): Object 'Object Repository/Login/Page_diagnostics/input_Password' is present

2020-12-15 16:24:31 - [MESSAGE][WARNING] - Timeout '0' is invalid. Using default page load timeout: '30'

2020-12-15 16:24:31 - [MESSAGE][PASSED] - Object 'Object Repository/Login/Page_diagnostics/input_Password' is present

2020-12-15 16:24:31 - [TEST_STEP][PASSED] - setText(findTestObject("Login/Page_diagnostics/input_Password"), "Diagnostics123!"): Text 'Diagnostics123!' is set on object 'Object Repository/Login/Page_diagnostics/input_Password'

2020-12-15 16:24:32 - [MESSAGE][PASSED] - Text 'Diagnostics123!' is set on object 'Object Repository/Login/Page_diagnostics/input_Password'

2020-12-15 16:24:32 - [TEST_STEP][PASSED] - waitForElementPresent(findTestObject("Login/Page_diagnostics/input_Submit"), 0): Object 'Object Repository/Login/Page_diagnostics/input_Submit' is present

2020-12-15 16:24:32 - [MESSAGE][WARNING] - Timeout '0' is invalid. Using default page load timeout: '30'

2020-12-15 16:24:32 - [MESSAGE][PASSED] - Object 'Object Repository/Login/Page_diagnostics/input_Submit' is present

2020-12-15 16:24:32 - [TEST_STEP][PASSED] - click(findTestObject("Login/Page_diagnostics/input_Submit")): Object: 'Object Repository/Login/Page_diagnostics/input_Submit' is clicked on

2020-12-15 16:24:42 - [MESSAGE][PASSED] - Object: 'Object Repository/Login/Page_diagnostics/input_Submit' is clicked on

2020-12-15 16:24:42 - [MESSAGE][PASSED] - Call Test Case 'Test Cases/Custom Procurement Details/UTILITIES/LOGIN' successfully

2020-12-15 16:24:42 - [TEST_STEP][PASSED] - navigateToUrl("https://gdasandbox.test-arcadier.com/user/item/detail/gdaagencyfind/59fde34e-4dcb-44b5-bdcd-2bde962c0cb5"): Navigate to 'https://gdasandbox.test-arcadier.com/user/item/detail/gdaagencyfind/59fde34e-4dcb-44b5-bdcd-2bde962c0cb5' successfully

2020-12-15 16:24:44 - [MESSAGE][PASSED] - Navigate to 'https://gdasandbox.test-arcadier.com/user/item/detail/gdaagencyfind/59fde34e-4dcb-44b5-bdcd-2bde962c0cb5' successfully

2020-12-15 16:24:44 - [MESSAGE][PASSED] - Call Test Case 'Test Cases/Custom Procurement Details/UTILITIES/OPEN_BROWSER' successfully

2020-12-15 16:24:44 - [TEST_STEP][PASSED] - callTestCase(findTestCase("Custom Procurement Details/UTILITIES/PROCURE_PAGE"), [:], STOP_ON_FAILURE): Call Test Case 'Test Cases/Custom Procurement Details/UTILITIES/PROCURE_PAGE' successfully

2020-12-15 16:24:44 - [TEST_CASE][PASSED] - Test Cases/Custom Procurement Details/UTILITIES/PROCURE_PAGE: Test Cases/Custom Procurement Details/UTILITIES/PROCURE_PAGE

2020-12-15 16:24:44 - [TEST_STEP][PASSED] - click(findTestObject("Item Details/Page_diagnostics/a_PROCURE_DIRECTLY_FROM_SELLER")): Object: 'Object Repository/Item Details/Page_diagnostics/a_PROCURE_DIRECTLY_FROM_SELLER' is clicked on

2020-12-15 16:24:47 - [MESSAGE][PASSED] - Object: 'Object Repository/Item Details/Page_diagnostics/a_PROCURE_DIRECTLY_FROM_SELLER' is clicked on

2020-12-15 16:24:47 - [MESSAGE][PASSED] - Call Test Case 'Test Cases/Custom Procurement Details/UTILITIES/PROCURE_PAGE' successfully

2020-12-15 16:24:47 - [TEST_STEP][PASSED] - callTestCase(findTestCase("Custom Procurement Details/UTILITIES/FORM_INPUT"), [:], STOP_ON_FAILURE): Call Test Case 'Test Cases/Custom Procurement Details/UTILITIES/FORM_INPUT' successfully

2020-12-15 16:24:47 - [TEST_CASE][PASSED] - Test Cases/Custom Procurement Details/UTILITIES/FORM_INPUT: Test Cases/Custom Procurement Details/UTILITIES/FORM_INPUT

2020-12-15 16:24:47 - [TEST_STEP][PASSED] - setText(findTestObject("Procurement Active1/Page_diagnostics/input_Company_Name"), "Intro Company"): Text 'Intro Company' is set on object 'Object Repository/Procurement Active1/Page_diagnostics/input_Company_Name'

2020-12-15 16:24:50 - [MESSAGE][PASSED] - Text 'Intro Company' is set on object 'Object Repository/Procurement Active1/Page_diagnostics/input_Company_Name'

2020-12-15 16:24:50 - [TEST_STEP][PASSED] - setText(findTestObject("Procurement Active1/Page_diagnostics/input_Person-in-charge"), "Admin"): Text 'Admin' is set on object 'Object Repository/Procurement Active1/Page_diagnostics/input_Person-in-charge'

2020-12-15 16:24:51 - [MESSAGE][PASSED] - Text 'Admin' is set on object 'Object Repository/Procurement Active1/Page_diagnostics/input_Person-in-charge'

2020-12-15 16:24:51 - [TEST_STEP][PASSED] - setText(findTestObject("Procurement Active1/Page_diagnostics/input_Notification_email"), "adminn@test.com"): Text 'adminn@test.com' is set on object 'Object Repository/Procurement Active1/Page_diagnostics/input_Notification_email'

2020-12-15 16:24:52 - [MESSAGE][PASSED] - Text 'adminn@test.com' is set on object 'Object Repository/Procurement Active1/Page_diagnostics/input_Notification_email'

2020-12-15 16:24:52 - [TEST_STEP][PASSED] - setText(findTestObject("Procurement Active1/Page_diagnostics/input_Contact_number"), "1234567890"): Text '1234567890' is set on object 'Object Repository/Procurement Active1/Page_diagnostics/input_Contact_number'

2020-12-15 16:24:52 - [MESSAGE][PASSED] - Text '1234567890' is set on object 'Object Repository/Procurement Active1/Page_diagnostics/input_Contact_number'

2020-12-15 16:24:52 - [TEST_STEP][PASSED] - click(findTestObject("Procurement Active1/Page_diagnostics/label_SELECT ADDRESS")): Object: 'Object Repository/Procurement Active1/Page_diagnostics/label_SELECT ADDRESS' is clicked on

2020-12-15 16:24:52 - [MESSAGE][PASSED] - Object: 'Object Repository/Procurement Active1/Page_diagnostics/label_SELECT ADDRESS' is clicked on

2020-12-15 16:24:52 - [TEST_STEP][PASSED] - click(findTestObject("Item Details/Page_diagnostics/a_Accept Cookies")): Object: 'Object Repository/Item Details/Page_diagnostics/a_Accept Cookies' is clicked on

2020-12-15 16:24:53 - [MESSAGE][PASSED] - Object: 'Object Repository/Item Details/Page_diagnostics/a_Accept Cookies' is clicked on

2020-12-15 16:24:53 - [TEST_STEP][PASSED] - click(findTestObject("Procurement Active1/Page_diagnostics/a_NEXT")): Object: 'Object Repository/Procurement Active1/Page_diagnostics/a_NEXT' is clicked on

2020-12-15 16:24:54 - [MESSAGE][PASSED] - Object: 'Object Repository/Procurement Active1/Page_diagnostics/a_NEXT' is clicked on

2020-12-15 16:24:54 - [MESSAGE][PASSED] - Call Test Case 'Test Cases/Custom Procurement Details/UTILITIES/FORM_INPUT' successfully

2020-12-15 16:24:54 - [TEST_STEP][PASSED] - verifyElementPresent(findTestObject("Procurement Active 2/Page_diagnostics/div_Active2"), 0): Object 'Object Repository/Procurement Active 2/Page_diagnostics/div_Active2' is present

2020-12-15 16:24:54 - [MESSAGE][WARNING] - Timeout '0' is invalid. Using default page load timeout: '30'

2020-12-15 16:24:58 - [MESSAGE][PASSED] - Object 'Object Repository/Procurement Active 2/Page_diagnostics/div_Active2' is present

2020-12-15 16:24:58 - [TEST_STEP][PASSED] - callTestCase(findTestCase("Custom Procurement Details/UTILITIES/CLOSE_BROWSER"), [:], STOP_ON_FAILURE): Call Test Case 'Test Cases/Custom Procurement Details/UTILITIES/CLOSE_BROWSER' successfully

2020-12-15 16:24:58 - [TEST_CASE][PASSED] - Test Cases/Custom Procurement Details/UTILITIES/CLOSE_BROWSER: Test Cases/Custom Procurement Details/UTILITIES/CLOSE_BROWSER

2020-12-15 16:24:58 - [TEST_STEP][PASSED] - closeBrowser(): Browser is closed

2020-12-15 16:24:58 - [MESSAGE][PASSED] - Browser is closed

2020-12-15 16:24:58 - [MESSAGE][PASSED] - Call Test Case 'Test Cases/Custom Procurement Details/UTILITIES/CLOSE_BROWSER' successfully]]></system-out>
         <system-err><![CDATA[]]></system-err>
      </testcase>
      <testcase name="Test Cases/Custom Procurement Details/TEST CASE/TC_DETAILS_UI_010" time="35.514" classname="Test Cases/Custom Procurement Details/TEST CASE/TC_DETAILS_UI_010" status="PASSED">
         <system-out><![CDATA[2020-12-15 16:24:58 - [TEST_CASE][PASSED] - Test Cases/Custom Procurement Details/TEST CASE/TC_DETAILS_UI_010: Test Cases/Custom Procurement Details/TEST CASE/TC_DETAILS_UI_010

2020-12-15 16:24:59 - [TEST_STEP][PASSED] - callTestCase(findTestCase("Custom Procurement Details/UTILITIES/OPEN_BROWSER"), [:], STOP_ON_FAILURE): Call Test Case 'Test Cases/Custom Procurement Details/UTILITIES/OPEN_BROWSER' successfully

2020-12-15 16:24:59 - [TEST_CASE][PASSED] - Test Cases/Custom Procurement Details/UTILITIES/OPEN_BROWSER: Test Cases/Custom Procurement Details/UTILITIES/OPEN_BROWSER

2020-12-15 16:24:59 - [TEST_STEP][PASSED] - openBrowser("https://gdasandbox.test-arcadier.com/buyer-signin"): Browser is opened with url: 'https://gdasandbox.test-arcadier.com/buyer-signin'

2020-12-15 16:24:59 - [MESSAGE][INFO] - Starting 'Chrome' driver

2020-12-15 16:24:59 - [MESSAGE][INFO] - Action delay is set to 0 milliseconds

2020-12-15 16:25:09 - [MESSAGE][PASSED] - Browser is opened with url: 'https://gdasandbox.test-arcadier.com/buyer-signin'

2020-12-15 16:25:09 - [TEST_STEP][PASSED] - callTestCase(findTestCase("Custom Procurement Details/UTILITIES/LOGIN"), [:], STOP_ON_FAILURE): Call Test Case 'Test Cases/Custom Procurement Details/UTILITIES/LOGIN' successfully

2020-12-15 16:25:09 - [TEST_CASE][PASSED] - Test Cases/Custom Procurement Details/UTILITIES/LOGIN: Test Cases/Custom Procurement Details/UTILITIES/LOGIN

2020-12-15 16:25:09 - [TEST_STEP][PASSED] - waitForElementPresent(findTestObject("Login/Page_diagnostics/a_Sign_in_as_Buyer"), 0): Object 'Object Repository/Login/Page_diagnostics/a_Sign_in_as_Buyer' is present

2020-12-15 16:25:09 - [MESSAGE][WARNING] - Timeout '0' is invalid. Using default page load timeout: '30'

2020-12-15 16:25:09 - [MESSAGE][PASSED] - Object 'Object Repository/Login/Page_diagnostics/a_Sign_in_as_Buyer' is present

2020-12-15 16:25:09 - [TEST_STEP][PASSED] - click(findTestObject("Login/Page_diagnostics/a_Sign_in_as_Buyer")): Object: 'Object Repository/Login/Page_diagnostics/a_Sign_in_as_Buyer' is clicked on

2020-12-15 16:25:09 - [MESSAGE][PASSED] - Object: 'Object Repository/Login/Page_diagnostics/a_Sign_in_as_Buyer' is clicked on

2020-12-15 16:25:09 - [TEST_STEP][PASSED] - waitForElementPresent(findTestObject("Login/Page_diagnostics/input_Username"), 0): Object 'Object Repository/Login/Page_diagnostics/input_Username' is present

2020-12-15 16:25:09 - [MESSAGE][WARNING] - Timeout '0' is invalid. Using default page load timeout: '30'

2020-12-15 16:25:10 - [MESSAGE][PASSED] - Object 'Object Repository/Login/Page_diagnostics/input_Username' is present

2020-12-15 16:25:10 - [TEST_STEP][PASSED] - setText(findTestObject("Login/Page_diagnostics/input_Username"), "admin"): Text 'admin' is set on object 'Object Repository/Login/Page_diagnostics/input_Username'

2020-12-15 16:25:10 - [MESSAGE][PASSED] - Text 'admin' is set on object 'Object Repository/Login/Page_diagnostics/input_Username'

2020-12-15 16:25:10 - [TEST_STEP][PASSED] - waitForElementPresent(findTestObject("Login/Page_diagnostics/input_Password"), 0): Object 'Object Repository/Login/Page_diagnostics/input_Password' is present

2020-12-15 16:25:10 - [MESSAGE][WARNING] - Timeout '0' is invalid. Using default page load timeout: '30'

2020-12-15 16:25:11 - [MESSAGE][PASSED] - Object 'Object Repository/Login/Page_diagnostics/input_Password' is present

2020-12-15 16:25:11 - [TEST_STEP][PASSED] - setText(findTestObject("Login/Page_diagnostics/input_Password"), "Diagnostics123!"): Text 'Diagnostics123!' is set on object 'Object Repository/Login/Page_diagnostics/input_Password'

2020-12-15 16:25:11 - [MESSAGE][PASSED] - Text 'Diagnostics123!' is set on object 'Object Repository/Login/Page_diagnostics/input_Password'

2020-12-15 16:25:11 - [TEST_STEP][PASSED] - waitForElementPresent(findTestObject("Login/Page_diagnostics/input_Submit"), 0): Object 'Object Repository/Login/Page_diagnostics/input_Submit' is present

2020-12-15 16:25:11 - [MESSAGE][WARNING] - Timeout '0' is invalid. Using default page load timeout: '30'

2020-12-15 16:25:12 - [MESSAGE][PASSED] - Object 'Object Repository/Login/Page_diagnostics/input_Submit' is present

2020-12-15 16:25:12 - [TEST_STEP][PASSED] - click(findTestObject("Login/Page_diagnostics/input_Submit")): Object: 'Object Repository/Login/Page_diagnostics/input_Submit' is clicked on

2020-12-15 16:25:18 - [MESSAGE][PASSED] - Object: 'Object Repository/Login/Page_diagnostics/input_Submit' is clicked on

2020-12-15 16:25:18 - [MESSAGE][PASSED] - Call Test Case 'Test Cases/Custom Procurement Details/UTILITIES/LOGIN' successfully

2020-12-15 16:25:18 - [TEST_STEP][PASSED] - navigateToUrl("https://gdasandbox.test-arcadier.com/user/item/detail/gdaagencyfind/59fde34e-4dcb-44b5-bdcd-2bde962c0cb5"): Navigate to 'https://gdasandbox.test-arcadier.com/user/item/detail/gdaagencyfind/59fde34e-4dcb-44b5-bdcd-2bde962c0cb5' successfully

2020-12-15 16:25:20 - [MESSAGE][PASSED] - Navigate to 'https://gdasandbox.test-arcadier.com/user/item/detail/gdaagencyfind/59fde34e-4dcb-44b5-bdcd-2bde962c0cb5' successfully

2020-12-15 16:25:20 - [MESSAGE][PASSED] - Call Test Case 'Test Cases/Custom Procurement Details/UTILITIES/OPEN_BROWSER' successfully

2020-12-15 16:25:20 - [TEST_STEP][PASSED] - callTestCase(findTestCase("Custom Procurement Details/UTILITIES/PROCURE_PAGE"), [:], STOP_ON_FAILURE): Call Test Case 'Test Cases/Custom Procurement Details/UTILITIES/PROCURE_PAGE' successfully

2020-12-15 16:25:20 - [TEST_CASE][PASSED] - Test Cases/Custom Procurement Details/UTILITIES/PROCURE_PAGE: Test Cases/Custom Procurement Details/UTILITIES/PROCURE_PAGE

2020-12-15 16:25:20 - [TEST_STEP][PASSED] - click(findTestObject("Item Details/Page_diagnostics/a_PROCURE_DIRECTLY_FROM_SELLER")): Object: 'Object Repository/Item Details/Page_diagnostics/a_PROCURE_DIRECTLY_FROM_SELLER' is clicked on

2020-12-15 16:25:24 - [MESSAGE][PASSED] - Object: 'Object Repository/Item Details/Page_diagnostics/a_PROCURE_DIRECTLY_FROM_SELLER' is clicked on

2020-12-15 16:25:24 - [MESSAGE][PASSED] - Call Test Case 'Test Cases/Custom Procurement Details/UTILITIES/PROCURE_PAGE' successfully

2020-12-15 16:25:24 - [TEST_STEP][PASSED] - callTestCase(findTestCase("Custom Procurement Details/UTILITIES/FORM_INPUT"), [:], STOP_ON_FAILURE): Call Test Case 'Test Cases/Custom Procurement Details/UTILITIES/FORM_INPUT' successfully

2020-12-15 16:25:24 - [TEST_CASE][PASSED] - Test Cases/Custom Procurement Details/UTILITIES/FORM_INPUT: Test Cases/Custom Procurement Details/UTILITIES/FORM_INPUT

2020-12-15 16:25:24 - [TEST_STEP][PASSED] - setText(findTestObject("Procurement Active1/Page_diagnostics/input_Company_Name"), "Intro Company"): Text 'Intro Company' is set on object 'Object Repository/Procurement Active1/Page_diagnostics/input_Company_Name'

2020-12-15 16:25:26 - [MESSAGE][PASSED] - Text 'Intro Company' is set on object 'Object Repository/Procurement Active1/Page_diagnostics/input_Company_Name'

2020-12-15 16:25:26 - [TEST_STEP][PASSED] - setText(findTestObject("Procurement Active1/Page_diagnostics/input_Person-in-charge"), "Admin"): Text 'Admin' is set on object 'Object Repository/Procurement Active1/Page_diagnostics/input_Person-in-charge'

2020-12-15 16:25:27 - [MESSAGE][PASSED] - Text 'Admin' is set on object 'Object Repository/Procurement Active1/Page_diagnostics/input_Person-in-charge'

2020-12-15 16:25:27 - [TEST_STEP][PASSED] - setText(findTestObject("Procurement Active1/Page_diagnostics/input_Notification_email"), "adminn@test.com"): Text 'adminn@test.com' is set on object 'Object Repository/Procurement Active1/Page_diagnostics/input_Notification_email'

2020-12-15 16:25:27 - [MESSAGE][PASSED] - Text 'adminn@test.com' is set on object 'Object Repository/Procurement Active1/Page_diagnostics/input_Notification_email'

2020-12-15 16:25:27 - [TEST_STEP][PASSED] - setText(findTestObject("Procurement Active1/Page_diagnostics/input_Contact_number"), "1234567890"): Text '1234567890' is set on object 'Object Repository/Procurement Active1/Page_diagnostics/input_Contact_number'

2020-12-15 16:25:28 - [MESSAGE][PASSED] - Text '1234567890' is set on object 'Object Repository/Procurement Active1/Page_diagnostics/input_Contact_number'

2020-12-15 16:25:28 - [TEST_STEP][PASSED] - click(findTestObject("Procurement Active1/Page_diagnostics/label_SELECT ADDRESS")): Object: 'Object Repository/Procurement Active1/Page_diagnostics/label_SELECT ADDRESS' is clicked on

2020-12-15 16:25:28 - [MESSAGE][PASSED] - Object: 'Object Repository/Procurement Active1/Page_diagnostics/label_SELECT ADDRESS' is clicked on

2020-12-15 16:25:28 - [TEST_STEP][PASSED] - click(findTestObject("Item Details/Page_diagnostics/a_Accept Cookies")): Object: 'Object Repository/Item Details/Page_diagnostics/a_Accept Cookies' is clicked on

2020-12-15 16:25:29 - [MESSAGE][PASSED] - Object: 'Object Repository/Item Details/Page_diagnostics/a_Accept Cookies' is clicked on

2020-12-15 16:25:29 - [TEST_STEP][PASSED] - click(findTestObject("Procurement Active1/Page_diagnostics/a_NEXT")): Object: 'Object Repository/Procurement Active1/Page_diagnostics/a_NEXT' is clicked on

2020-12-15 16:25:30 - [MESSAGE][PASSED] - Object: 'Object Repository/Procurement Active1/Page_diagnostics/a_NEXT' is clicked on

2020-12-15 16:25:30 - [MESSAGE][PASSED] - Call Test Case 'Test Cases/Custom Procurement Details/UTILITIES/FORM_INPUT' successfully

2020-12-15 16:25:30 - [TEST_STEP][PASSED] - verifyElementPresent(findTestObject("Procurement Active 2/Page_diagnostics/span_Progress_dot"), 0): Object 'Object Repository/Procurement Active 2/Page_diagnostics/span_Progress_dot' is present

2020-12-15 16:25:30 - [MESSAGE][WARNING] - Timeout '0' is invalid. Using default page load timeout: '30'

2020-12-15 16:25:33 - [MESSAGE][PASSED] - Object 'Object Repository/Procurement Active 2/Page_diagnostics/span_Progress_dot' is present

2020-12-15 16:25:33 - [TEST_STEP][PASSED] - callTestCase(findTestCase("Custom Procurement Details/UTILITIES/CLOSE_BROWSER"), [:], STOP_ON_FAILURE): Call Test Case 'Test Cases/Custom Procurement Details/UTILITIES/CLOSE_BROWSER' successfully

2020-12-15 16:25:33 - [TEST_CASE][PASSED] - Test Cases/Custom Procurement Details/UTILITIES/CLOSE_BROWSER: Test Cases/Custom Procurement Details/UTILITIES/CLOSE_BROWSER

2020-12-15 16:25:33 - [TEST_STEP][PASSED] - closeBrowser(): Browser is closed

2020-12-15 16:25:34 - [MESSAGE][PASSED] - Browser is closed

2020-12-15 16:25:34 - [MESSAGE][PASSED] - Call Test Case 'Test Cases/Custom Procurement Details/UTILITIES/CLOSE_BROWSER' successfully]]></system-out>
         <system-err><![CDATA[]]></system-err>
      </testcase>
      <testcase name="Test Cases/Custom Procurement Details/TEST CASE/TC_DETAILS_UI_011" time="38.586" classname="Test Cases/Custom Procurement Details/TEST CASE/TC_DETAILS_UI_011" status="PASSED">
         <system-out><![CDATA[2020-12-15 16:25:34 - [TEST_CASE][PASSED] - Test Cases/Custom Procurement Details/TEST CASE/TC_DETAILS_UI_011: Test Cases/Custom Procurement Details/TEST CASE/TC_DETAILS_UI_011

2020-12-15 16:25:34 - [TEST_STEP][PASSED] - callTestCase(findTestCase("Custom Procurement Details/UTILITIES/OPEN_BROWSER"), [:], STOP_ON_FAILURE): Call Test Case 'Test Cases/Custom Procurement Details/UTILITIES/OPEN_BROWSER' successfully

2020-12-15 16:25:34 - [TEST_CASE][PASSED] - Test Cases/Custom Procurement Details/UTILITIES/OPEN_BROWSER: Test Cases/Custom Procurement Details/UTILITIES/OPEN_BROWSER

2020-12-15 16:25:34 - [TEST_STEP][PASSED] - openBrowser("https://gdasandbox.test-arcadier.com/buyer-signin"): Browser is opened with url: 'https://gdasandbox.test-arcadier.com/buyer-signin'

2020-12-15 16:25:34 - [MESSAGE][INFO] - Starting 'Chrome' driver

2020-12-15 16:25:34 - [MESSAGE][INFO] - Action delay is set to 0 milliseconds

2020-12-15 16:25:47 - [MESSAGE][PASSED] - Browser is opened with url: 'https://gdasandbox.test-arcadier.com/buyer-signin'

2020-12-15 16:25:47 - [TEST_STEP][PASSED] - callTestCase(findTestCase("Custom Procurement Details/UTILITIES/LOGIN"), [:], STOP_ON_FAILURE): Call Test Case 'Test Cases/Custom Procurement Details/UTILITIES/LOGIN' successfully

2020-12-15 16:25:47 - [TEST_CASE][PASSED] - Test Cases/Custom Procurement Details/UTILITIES/LOGIN: Test Cases/Custom Procurement Details/UTILITIES/LOGIN

2020-12-15 16:25:47 - [TEST_STEP][PASSED] - waitForElementPresent(findTestObject("Login/Page_diagnostics/a_Sign_in_as_Buyer"), 0): Object 'Object Repository/Login/Page_diagnostics/a_Sign_in_as_Buyer' is present

2020-12-15 16:25:47 - [MESSAGE][WARNING] - Timeout '0' is invalid. Using default page load timeout: '30'

2020-12-15 16:25:47 - [MESSAGE][PASSED] - Object 'Object Repository/Login/Page_diagnostics/a_Sign_in_as_Buyer' is present

2020-12-15 16:25:47 - [TEST_STEP][PASSED] - click(findTestObject("Login/Page_diagnostics/a_Sign_in_as_Buyer")): Object: 'Object Repository/Login/Page_diagnostics/a_Sign_in_as_Buyer' is clicked on

2020-12-15 16:25:48 - [MESSAGE][PASSED] - Object: 'Object Repository/Login/Page_diagnostics/a_Sign_in_as_Buyer' is clicked on

2020-12-15 16:25:48 - [TEST_STEP][PASSED] - waitForElementPresent(findTestObject("Login/Page_diagnostics/input_Username"), 0): Object 'Object Repository/Login/Page_diagnostics/input_Username' is present

2020-12-15 16:25:48 - [MESSAGE][WARNING] - Timeout '0' is invalid. Using default page load timeout: '30'

2020-12-15 16:25:48 - [MESSAGE][PASSED] - Object 'Object Repository/Login/Page_diagnostics/input_Username' is present

2020-12-15 16:25:48 - [TEST_STEP][PASSED] - setText(findTestObject("Login/Page_diagnostics/input_Username"), "admin"): Text 'admin' is set on object 'Object Repository/Login/Page_diagnostics/input_Username'

2020-12-15 16:25:49 - [MESSAGE][PASSED] - Text 'admin' is set on object 'Object Repository/Login/Page_diagnostics/input_Username'

2020-12-15 16:25:49 - [TEST_STEP][PASSED] - waitForElementPresent(findTestObject("Login/Page_diagnostics/input_Password"), 0): Object 'Object Repository/Login/Page_diagnostics/input_Password' is present

2020-12-15 16:25:49 - [MESSAGE][WARNING] - Timeout '0' is invalid. Using default page load timeout: '30'

2020-12-15 16:25:50 - [MESSAGE][PASSED] - Object 'Object Repository/Login/Page_diagnostics/input_Password' is present

2020-12-15 16:25:50 - [TEST_STEP][PASSED] - setText(findTestObject("Login/Page_diagnostics/input_Password"), "Diagnostics123!"): Text 'Diagnostics123!' is set on object 'Object Repository/Login/Page_diagnostics/input_Password'

2020-12-15 16:25:51 - [MESSAGE][PASSED] - Text 'Diagnostics123!' is set on object 'Object Repository/Login/Page_diagnostics/input_Password'

2020-12-15 16:25:51 - [TEST_STEP][PASSED] - waitForElementPresent(findTestObject("Login/Page_diagnostics/input_Submit"), 0): Object 'Object Repository/Login/Page_diagnostics/input_Submit' is present

2020-12-15 16:25:51 - [MESSAGE][WARNING] - Timeout '0' is invalid. Using default page load timeout: '30'

2020-12-15 16:25:51 - [MESSAGE][PASSED] - Object 'Object Repository/Login/Page_diagnostics/input_Submit' is present

2020-12-15 16:25:51 - [TEST_STEP][PASSED] - click(findTestObject("Login/Page_diagnostics/input_Submit")): Object: 'Object Repository/Login/Page_diagnostics/input_Submit' is clicked on

2020-12-15 16:25:56 - [MESSAGE][PASSED] - Object: 'Object Repository/Login/Page_diagnostics/input_Submit' is clicked on

2020-12-15 16:25:56 - [MESSAGE][PASSED] - Call Test Case 'Test Cases/Custom Procurement Details/UTILITIES/LOGIN' successfully

2020-12-15 16:25:56 - [TEST_STEP][PASSED] - navigateToUrl("https://gdasandbox.test-arcadier.com/user/item/detail/gdaagencyfind/59fde34e-4dcb-44b5-bdcd-2bde962c0cb5"): Navigate to 'https://gdasandbox.test-arcadier.com/user/item/detail/gdaagencyfind/59fde34e-4dcb-44b5-bdcd-2bde962c0cb5' successfully

2020-12-15 16:25:58 - [MESSAGE][PASSED] - Navigate to 'https://gdasandbox.test-arcadier.com/user/item/detail/gdaagencyfind/59fde34e-4dcb-44b5-bdcd-2bde962c0cb5' successfully

2020-12-15 16:25:58 - [MESSAGE][PASSED] - Call Test Case 'Test Cases/Custom Procurement Details/UTILITIES/OPEN_BROWSER' successfully

2020-12-15 16:25:58 - [TEST_STEP][PASSED] - callTestCase(findTestCase("Custom Procurement Details/UTILITIES/PROCURE_PAGE"), [:], STOP_ON_FAILURE): Call Test Case 'Test Cases/Custom Procurement Details/UTILITIES/PROCURE_PAGE' successfully

2020-12-15 16:25:58 - [TEST_CASE][PASSED] - Test Cases/Custom Procurement Details/UTILITIES/PROCURE_PAGE: Test Cases/Custom Procurement Details/UTILITIES/PROCURE_PAGE

2020-12-15 16:25:58 - [TEST_STEP][PASSED] - click(findTestObject("Item Details/Page_diagnostics/a_PROCURE_DIRECTLY_FROM_SELLER")): Object: 'Object Repository/Item Details/Page_diagnostics/a_PROCURE_DIRECTLY_FROM_SELLER' is clicked on

2020-12-15 16:26:02 - [MESSAGE][PASSED] - Object: 'Object Repository/Item Details/Page_diagnostics/a_PROCURE_DIRECTLY_FROM_SELLER' is clicked on

2020-12-15 16:26:02 - [MESSAGE][PASSED] - Call Test Case 'Test Cases/Custom Procurement Details/UTILITIES/PROCURE_PAGE' successfully

2020-12-15 16:26:02 - [TEST_STEP][PASSED] - callTestCase(findTestCase("Custom Procurement Details/UTILITIES/FORM_INPUT"), [:], STOP_ON_FAILURE): Call Test Case 'Test Cases/Custom Procurement Details/UTILITIES/FORM_INPUT' successfully

2020-12-15 16:26:02 - [TEST_CASE][PASSED] - Test Cases/Custom Procurement Details/UTILITIES/FORM_INPUT: Test Cases/Custom Procurement Details/UTILITIES/FORM_INPUT

2020-12-15 16:26:02 - [TEST_STEP][PASSED] - setText(findTestObject("Procurement Active1/Page_diagnostics/input_Company_Name"), "Intro Company"): Text 'Intro Company' is set on object 'Object Repository/Procurement Active1/Page_diagnostics/input_Company_Name'

2020-12-15 16:26:04 - [MESSAGE][PASSED] - Text 'Intro Company' is set on object 'Object Repository/Procurement Active1/Page_diagnostics/input_Company_Name'

2020-12-15 16:26:04 - [TEST_STEP][PASSED] - setText(findTestObject("Procurement Active1/Page_diagnostics/input_Person-in-charge"), "Admin"): Text 'Admin' is set on object 'Object Repository/Procurement Active1/Page_diagnostics/input_Person-in-charge'

2020-12-15 16:26:05 - [MESSAGE][PASSED] - Text 'Admin' is set on object 'Object Repository/Procurement Active1/Page_diagnostics/input_Person-in-charge'

2020-12-15 16:26:05 - [TEST_STEP][PASSED] - setText(findTestObject("Procurement Active1/Page_diagnostics/input_Notification_email"), "adminn@test.com"): Text 'adminn@test.com' is set on object 'Object Repository/Procurement Active1/Page_diagnostics/input_Notification_email'

2020-12-15 16:26:06 - [MESSAGE][PASSED] - Text 'adminn@test.com' is set on object 'Object Repository/Procurement Active1/Page_diagnostics/input_Notification_email'

2020-12-15 16:26:06 - [TEST_STEP][PASSED] - setText(findTestObject("Procurement Active1/Page_diagnostics/input_Contact_number"), "1234567890"): Text '1234567890' is set on object 'Object Repository/Procurement Active1/Page_diagnostics/input_Contact_number'

2020-12-15 16:26:06 - [MESSAGE][PASSED] - Text '1234567890' is set on object 'Object Repository/Procurement Active1/Page_diagnostics/input_Contact_number'

2020-12-15 16:26:06 - [TEST_STEP][PASSED] - click(findTestObject("Procurement Active1/Page_diagnostics/label_SELECT ADDRESS")): Object: 'Object Repository/Procurement Active1/Page_diagnostics/label_SELECT ADDRESS' is clicked on

2020-12-15 16:26:06 - [MESSAGE][PASSED] - Object: 'Object Repository/Procurement Active1/Page_diagnostics/label_SELECT ADDRESS' is clicked on

2020-12-15 16:26:06 - [TEST_STEP][PASSED] - click(findTestObject("Item Details/Page_diagnostics/a_Accept Cookies")): Object: 'Object Repository/Item Details/Page_diagnostics/a_Accept Cookies' is clicked on

2020-12-15 16:26:07 - [MESSAGE][PASSED] - Object: 'Object Repository/Item Details/Page_diagnostics/a_Accept Cookies' is clicked on

2020-12-15 16:26:07 - [TEST_STEP][PASSED] - click(findTestObject("Procurement Active1/Page_diagnostics/a_NEXT")): Object: 'Object Repository/Procurement Active1/Page_diagnostics/a_NEXT' is clicked on

2020-12-15 16:26:08 - [MESSAGE][PASSED] - Object: 'Object Repository/Procurement Active1/Page_diagnostics/a_NEXT' is clicked on

2020-12-15 16:26:08 - [MESSAGE][PASSED] - Call Test Case 'Test Cases/Custom Procurement Details/UTILITIES/FORM_INPUT' successfully

2020-12-15 16:26:08 - [TEST_STEP][PASSED] - verifyElementPresent(findTestObject("Procurement Active 2/Page_diagnostics/span_REVIEW"), 0): Object 'Object Repository/Procurement Active 2/Page_diagnostics/span_REVIEW' is present

2020-12-15 16:26:08 - [MESSAGE][WARNING] - Timeout '0' is invalid. Using default page load timeout: '30'

2020-12-15 16:26:12 - [MESSAGE][PASSED] - Object 'Object Repository/Procurement Active 2/Page_diagnostics/span_REVIEW' is present

2020-12-15 16:26:12 - [TEST_STEP][PASSED] - callTestCase(findTestCase("Custom Procurement Details/UTILITIES/CLOSE_BROWSER"), [:], STOP_ON_FAILURE): Call Test Case 'Test Cases/Custom Procurement Details/UTILITIES/CLOSE_BROWSER' successfully

2020-12-15 16:26:12 - [TEST_CASE][PASSED] - Test Cases/Custom Procurement Details/UTILITIES/CLOSE_BROWSER: Test Cases/Custom Procurement Details/UTILITIES/CLOSE_BROWSER

2020-12-15 16:26:12 - [TEST_STEP][PASSED] - closeBrowser(): Browser is closed

2020-12-15 16:26:12 - [MESSAGE][PASSED] - Browser is closed

2020-12-15 16:26:12 - [MESSAGE][PASSED] - Call Test Case 'Test Cases/Custom Procurement Details/UTILITIES/CLOSE_BROWSER' successfully]]></system-out>
         <system-err><![CDATA[]]></system-err>
      </testcase>
      <testcase name="Test Cases/Custom Procurement Details/TEST CASE/TC_DETAILS_UI_012" time="40.709" classname="Test Cases/Custom Procurement Details/TEST CASE/TC_DETAILS_UI_012" status="PASSED">
         <system-out><![CDATA[2020-12-15 16:26:13 - [TEST_CASE][PASSED] - Test Cases/Custom Procurement Details/TEST CASE/TC_DETAILS_UI_012: Test Cases/Custom Procurement Details/TEST CASE/TC_DETAILS_UI_012

2020-12-15 16:26:13 - [TEST_STEP][PASSED] - callTestCase(findTestCase("Custom Procurement Details/UTILITIES/OPEN_BROWSER"), [:], STOP_ON_FAILURE): Call Test Case 'Test Cases/Custom Procurement Details/UTILITIES/OPEN_BROWSER' successfully

2020-12-15 16:26:13 - [TEST_CASE][PASSED] - Test Cases/Custom Procurement Details/UTILITIES/OPEN_BROWSER: Test Cases/Custom Procurement Details/UTILITIES/OPEN_BROWSER

2020-12-15 16:26:13 - [TEST_STEP][PASSED] - openBrowser("https://gdasandbox.test-arcadier.com/buyer-signin"): Browser is opened with url: 'https://gdasandbox.test-arcadier.com/buyer-signin'

2020-12-15 16:26:13 - [MESSAGE][INFO] - Starting 'Chrome' driver

2020-12-15 16:26:13 - [MESSAGE][INFO] - Action delay is set to 0 milliseconds

2020-12-15 16:26:23 - [MESSAGE][PASSED] - Browser is opened with url: 'https://gdasandbox.test-arcadier.com/buyer-signin'

2020-12-15 16:26:23 - [TEST_STEP][PASSED] - callTestCase(findTestCase("Custom Procurement Details/UTILITIES/LOGIN"), [:], STOP_ON_FAILURE): Call Test Case 'Test Cases/Custom Procurement Details/UTILITIES/LOGIN' successfully

2020-12-15 16:26:23 - [TEST_CASE][PASSED] - Test Cases/Custom Procurement Details/UTILITIES/LOGIN: Test Cases/Custom Procurement Details/UTILITIES/LOGIN

2020-12-15 16:26:23 - [TEST_STEP][PASSED] - waitForElementPresent(findTestObject("Login/Page_diagnostics/a_Sign_in_as_Buyer"), 0): Object 'Object Repository/Login/Page_diagnostics/a_Sign_in_as_Buyer' is present

2020-12-15 16:26:23 - [MESSAGE][WARNING] - Timeout '0' is invalid. Using default page load timeout: '30'

2020-12-15 16:26:23 - [MESSAGE][PASSED] - Object 'Object Repository/Login/Page_diagnostics/a_Sign_in_as_Buyer' is present

2020-12-15 16:26:23 - [TEST_STEP][PASSED] - click(findTestObject("Login/Page_diagnostics/a_Sign_in_as_Buyer")): Object: 'Object Repository/Login/Page_diagnostics/a_Sign_in_as_Buyer' is clicked on

2020-12-15 16:26:23 - [MESSAGE][PASSED] - Object: 'Object Repository/Login/Page_diagnostics/a_Sign_in_as_Buyer' is clicked on

2020-12-15 16:26:23 - [TEST_STEP][PASSED] - waitForElementPresent(findTestObject("Login/Page_diagnostics/input_Username"), 0): Object 'Object Repository/Login/Page_diagnostics/input_Username' is present

2020-12-15 16:26:24 - [MESSAGE][WARNING] - Timeout '0' is invalid. Using default page load timeout: '30'

2020-12-15 16:26:24 - [MESSAGE][PASSED] - Object 'Object Repository/Login/Page_diagnostics/input_Username' is present

2020-12-15 16:26:24 - [TEST_STEP][PASSED] - setText(findTestObject("Login/Page_diagnostics/input_Username"), "admin"): Text 'admin' is set on object 'Object Repository/Login/Page_diagnostics/input_Username'

2020-12-15 16:26:24 - [MESSAGE][PASSED] - Text 'admin' is set on object 'Object Repository/Login/Page_diagnostics/input_Username'

2020-12-15 16:26:24 - [TEST_STEP][PASSED] - waitForElementPresent(findTestObject("Login/Page_diagnostics/input_Password"), 0): Object 'Object Repository/Login/Page_diagnostics/input_Password' is present

2020-12-15 16:26:25 - [MESSAGE][WARNING] - Timeout '0' is invalid. Using default page load timeout: '30'

2020-12-15 16:26:25 - [MESSAGE][PASSED] - Object 'Object Repository/Login/Page_diagnostics/input_Password' is present

2020-12-15 16:26:25 - [TEST_STEP][PASSED] - setText(findTestObject("Login/Page_diagnostics/input_Password"), "Diagnostics123!"): Text 'Diagnostics123!' is set on object 'Object Repository/Login/Page_diagnostics/input_Password'

2020-12-15 16:26:26 - [MESSAGE][PASSED] - Text 'Diagnostics123!' is set on object 'Object Repository/Login/Page_diagnostics/input_Password'

2020-12-15 16:26:26 - [TEST_STEP][PASSED] - waitForElementPresent(findTestObject("Login/Page_diagnostics/input_Submit"), 0): Object 'Object Repository/Login/Page_diagnostics/input_Submit' is present

2020-12-15 16:26:26 - [MESSAGE][WARNING] - Timeout '0' is invalid. Using default page load timeout: '30'

2020-12-15 16:26:26 - [MESSAGE][PASSED] - Object 'Object Repository/Login/Page_diagnostics/input_Submit' is present

2020-12-15 16:26:26 - [TEST_STEP][PASSED] - click(findTestObject("Login/Page_diagnostics/input_Submit")): Object: 'Object Repository/Login/Page_diagnostics/input_Submit' is clicked on

2020-12-15 16:26:32 - [MESSAGE][PASSED] - Object: 'Object Repository/Login/Page_diagnostics/input_Submit' is clicked on

2020-12-15 16:26:32 - [MESSAGE][PASSED] - Call Test Case 'Test Cases/Custom Procurement Details/UTILITIES/LOGIN' successfully

2020-12-15 16:26:32 - [TEST_STEP][PASSED] - navigateToUrl("https://gdasandbox.test-arcadier.com/user/item/detail/gdaagencyfind/59fde34e-4dcb-44b5-bdcd-2bde962c0cb5"): Navigate to 'https://gdasandbox.test-arcadier.com/user/item/detail/gdaagencyfind/59fde34e-4dcb-44b5-bdcd-2bde962c0cb5' successfully

2020-12-15 16:26:35 - [MESSAGE][PASSED] - Navigate to 'https://gdasandbox.test-arcadier.com/user/item/detail/gdaagencyfind/59fde34e-4dcb-44b5-bdcd-2bde962c0cb5' successfully

2020-12-15 16:26:35 - [MESSAGE][PASSED] - Call Test Case 'Test Cases/Custom Procurement Details/UTILITIES/OPEN_BROWSER' successfully

2020-12-15 16:26:35 - [TEST_STEP][PASSED] - callTestCase(findTestCase("Custom Procurement Details/UTILITIES/PROCURE_PAGE"), [:], STOP_ON_FAILURE): Call Test Case 'Test Cases/Custom Procurement Details/UTILITIES/PROCURE_PAGE' successfully

2020-12-15 16:26:35 - [TEST_CASE][PASSED] - Test Cases/Custom Procurement Details/UTILITIES/PROCURE_PAGE: Test Cases/Custom Procurement Details/UTILITIES/PROCURE_PAGE

2020-12-15 16:26:35 - [TEST_STEP][PASSED] - click(findTestObject("Item Details/Page_diagnostics/a_PROCURE_DIRECTLY_FROM_SELLER")): Object: 'Object Repository/Item Details/Page_diagnostics/a_PROCURE_DIRECTLY_FROM_SELLER' is clicked on

2020-12-15 16:26:43 - [MESSAGE][PASSED] - Object: 'Object Repository/Item Details/Page_diagnostics/a_PROCURE_DIRECTLY_FROM_SELLER' is clicked on

2020-12-15 16:26:43 - [MESSAGE][PASSED] - Call Test Case 'Test Cases/Custom Procurement Details/UTILITIES/PROCURE_PAGE' successfully

2020-12-15 16:26:43 - [TEST_STEP][PASSED] - callTestCase(findTestCase("Custom Procurement Details/UTILITIES/FORM_INPUT"), [:], STOP_ON_FAILURE): Call Test Case 'Test Cases/Custom Procurement Details/UTILITIES/FORM_INPUT' successfully

2020-12-15 16:26:43 - [TEST_CASE][PASSED] - Test Cases/Custom Procurement Details/UTILITIES/FORM_INPUT: Test Cases/Custom Procurement Details/UTILITIES/FORM_INPUT

2020-12-15 16:26:43 - [TEST_STEP][PASSED] - setText(findTestObject("Procurement Active1/Page_diagnostics/input_Company_Name"), "Intro Company"): Text 'Intro Company' is set on object 'Object Repository/Procurement Active1/Page_diagnostics/input_Company_Name'

2020-12-15 16:26:45 - [MESSAGE][PASSED] - Text 'Intro Company' is set on object 'Object Repository/Procurement Active1/Page_diagnostics/input_Company_Name'

2020-12-15 16:26:45 - [TEST_STEP][PASSED] - setText(findTestObject("Procurement Active1/Page_diagnostics/input_Person-in-charge"), "Admin"): Text 'Admin' is set on object 'Object Repository/Procurement Active1/Page_diagnostics/input_Person-in-charge'

2020-12-15 16:26:46 - [MESSAGE][PASSED] - Text 'Admin' is set on object 'Object Repository/Procurement Active1/Page_diagnostics/input_Person-in-charge'

2020-12-15 16:26:46 - [TEST_STEP][PASSED] - setText(findTestObject("Procurement Active1/Page_diagnostics/input_Notification_email"), "adminn@test.com"): Text 'adminn@test.com' is set on object 'Object Repository/Procurement Active1/Page_diagnostics/input_Notification_email'

2020-12-15 16:26:47 - [MESSAGE][PASSED] - Text 'adminn@test.com' is set on object 'Object Repository/Procurement Active1/Page_diagnostics/input_Notification_email'

2020-12-15 16:26:47 - [TEST_STEP][PASSED] - setText(findTestObject("Procurement Active1/Page_diagnostics/input_Contact_number"), "1234567890"): Text '1234567890' is set on object 'Object Repository/Procurement Active1/Page_diagnostics/input_Contact_number'

2020-12-15 16:26:47 - [MESSAGE][PASSED] - Text '1234567890' is set on object 'Object Repository/Procurement Active1/Page_diagnostics/input_Contact_number'

2020-12-15 16:26:47 - [TEST_STEP][PASSED] - click(findTestObject("Procurement Active1/Page_diagnostics/label_SELECT ADDRESS")): Object: 'Object Repository/Procurement Active1/Page_diagnostics/label_SELECT ADDRESS' is clicked on

2020-12-15 16:26:47 - [MESSAGE][PASSED] - Object: 'Object Repository/Procurement Active1/Page_diagnostics/label_SELECT ADDRESS' is clicked on

2020-12-15 16:26:47 - [TEST_STEP][PASSED] - click(findTestObject("Item Details/Page_diagnostics/a_Accept Cookies")): Object: 'Object Repository/Item Details/Page_diagnostics/a_Accept Cookies' is clicked on

2020-12-15 16:26:48 - [MESSAGE][PASSED] - Object: 'Object Repository/Item Details/Page_diagnostics/a_Accept Cookies' is clicked on

2020-12-15 16:26:48 - [TEST_STEP][PASSED] - click(findTestObject("Procurement Active1/Page_diagnostics/a_NEXT")): Object: 'Object Repository/Procurement Active1/Page_diagnostics/a_NEXT' is clicked on

2020-12-15 16:26:49 - [MESSAGE][PASSED] - Object: 'Object Repository/Procurement Active1/Page_diagnostics/a_NEXT' is clicked on

2020-12-15 16:26:49 - [MESSAGE][PASSED] - Call Test Case 'Test Cases/Custom Procurement Details/UTILITIES/FORM_INPUT' successfully

2020-12-15 16:26:49 - [TEST_STEP][PASSED] - verifyElementPresent(findTestObject("Procurement Active 2/Page_diagnostics/h3_Seller"), 0): Object 'Object Repository/Procurement Active 2/Page_diagnostics/h3_Seller' is present

2020-12-15 16:26:49 - [MESSAGE][WARNING] - Timeout '0' is invalid. Using default page load timeout: '30'

2020-12-15 16:26:53 - [MESSAGE][PASSED] - Object 'Object Repository/Procurement Active 2/Page_diagnostics/h3_Seller' is present

2020-12-15 16:26:53 - [TEST_STEP][PASSED] - callTestCase(findTestCase("Custom Procurement Details/UTILITIES/CLOSE_BROWSER"), [:], STOP_ON_FAILURE): Call Test Case 'Test Cases/Custom Procurement Details/UTILITIES/CLOSE_BROWSER' successfully

2020-12-15 16:26:53 - [TEST_CASE][PASSED] - Test Cases/Custom Procurement Details/UTILITIES/CLOSE_BROWSER: Test Cases/Custom Procurement Details/UTILITIES/CLOSE_BROWSER

2020-12-15 16:26:53 - [TEST_STEP][PASSED] - closeBrowser(): Browser is closed

2020-12-15 16:26:53 - [MESSAGE][PASSED] - Browser is closed

2020-12-15 16:26:53 - [MESSAGE][PASSED] - Call Test Case 'Test Cases/Custom Procurement Details/UTILITIES/CLOSE_BROWSER' successfully]]></system-out>
         <system-err><![CDATA[]]></system-err>
      </testcase>
      <testcase name="Test Cases/Custom Procurement Details/TEST CASE/TC_DETAILS_UI_013" time="37.757" classname="Test Cases/Custom Procurement Details/TEST CASE/TC_DETAILS_UI_013" status="PASSED">
         <system-out><![CDATA[2020-12-15 16:26:53 - [TEST_CASE][PASSED] - Test Cases/Custom Procurement Details/TEST CASE/TC_DETAILS_UI_013: Test Cases/Custom Procurement Details/TEST CASE/TC_DETAILS_UI_013

2020-12-15 16:26:53 - [TEST_STEP][PASSED] - callTestCase(findTestCase("Custom Procurement Details/UTILITIES/OPEN_BROWSER"), [:], STOP_ON_FAILURE): Call Test Case 'Test Cases/Custom Procurement Details/UTILITIES/OPEN_BROWSER' successfully

2020-12-15 16:26:53 - [TEST_CASE][PASSED] - Test Cases/Custom Procurement Details/UTILITIES/OPEN_BROWSER: Test Cases/Custom Procurement Details/UTILITIES/OPEN_BROWSER

2020-12-15 16:26:53 - [TEST_STEP][PASSED] - openBrowser("https://gdasandbox.test-arcadier.com/buyer-signin"): Browser is opened with url: 'https://gdasandbox.test-arcadier.com/buyer-signin'

2020-12-15 16:26:53 - [MESSAGE][INFO] - Starting 'Chrome' driver

2020-12-15 16:26:53 - [MESSAGE][INFO] - Action delay is set to 0 milliseconds

2020-12-15 16:27:02 - [MESSAGE][PASSED] - Browser is opened with url: 'https://gdasandbox.test-arcadier.com/buyer-signin'

2020-12-15 16:27:02 - [TEST_STEP][PASSED] - callTestCase(findTestCase("Custom Procurement Details/UTILITIES/LOGIN"), [:], STOP_ON_FAILURE): Call Test Case 'Test Cases/Custom Procurement Details/UTILITIES/LOGIN' successfully

2020-12-15 16:27:02 - [TEST_CASE][PASSED] - Test Cases/Custom Procurement Details/UTILITIES/LOGIN: Test Cases/Custom Procurement Details/UTILITIES/LOGIN

2020-12-15 16:27:02 - [TEST_STEP][PASSED] - waitForElementPresent(findTestObject("Login/Page_diagnostics/a_Sign_in_as_Buyer"), 0): Object 'Object Repository/Login/Page_diagnostics/a_Sign_in_as_Buyer' is present

2020-12-15 16:27:02 - [MESSAGE][WARNING] - Timeout '0' is invalid. Using default page load timeout: '30'

2020-12-15 16:27:03 - [MESSAGE][PASSED] - Object 'Object Repository/Login/Page_diagnostics/a_Sign_in_as_Buyer' is present

2020-12-15 16:27:03 - [TEST_STEP][PASSED] - click(findTestObject("Login/Page_diagnostics/a_Sign_in_as_Buyer")): Object: 'Object Repository/Login/Page_diagnostics/a_Sign_in_as_Buyer' is clicked on

2020-12-15 16:27:03 - [MESSAGE][PASSED] - Object: 'Object Repository/Login/Page_diagnostics/a_Sign_in_as_Buyer' is clicked on

2020-12-15 16:27:03 - [TEST_STEP][PASSED] - waitForElementPresent(findTestObject("Login/Page_diagnostics/input_Username"), 0): Object 'Object Repository/Login/Page_diagnostics/input_Username' is present

2020-12-15 16:27:03 - [MESSAGE][WARNING] - Timeout '0' is invalid. Using default page load timeout: '30'

2020-12-15 16:27:04 - [MESSAGE][PASSED] - Object 'Object Repository/Login/Page_diagnostics/input_Username' is present

2020-12-15 16:27:04 - [TEST_STEP][PASSED] - setText(findTestObject("Login/Page_diagnostics/input_Username"), "admin"): Text 'admin' is set on object 'Object Repository/Login/Page_diagnostics/input_Username'

2020-12-15 16:27:05 - [MESSAGE][PASSED] - Text 'admin' is set on object 'Object Repository/Login/Page_diagnostics/input_Username'

2020-12-15 16:27:05 - [TEST_STEP][PASSED] - waitForElementPresent(findTestObject("Login/Page_diagnostics/input_Password"), 0): Object 'Object Repository/Login/Page_diagnostics/input_Password' is present

2020-12-15 16:27:05 - [MESSAGE][WARNING] - Timeout '0' is invalid. Using default page load timeout: '30'

2020-12-15 16:27:06 - [MESSAGE][PASSED] - Object 'Object Repository/Login/Page_diagnostics/input_Password' is present

2020-12-15 16:27:06 - [TEST_STEP][PASSED] - setText(findTestObject("Login/Page_diagnostics/input_Password"), "Diagnostics123!"): Text 'Diagnostics123!' is set on object 'Object Repository/Login/Page_diagnostics/input_Password'

2020-12-15 16:27:06 - [MESSAGE][PASSED] - Text 'Diagnostics123!' is set on object 'Object Repository/Login/Page_diagnostics/input_Password'

2020-12-15 16:27:06 - [TEST_STEP][PASSED] - waitForElementPresent(findTestObject("Login/Page_diagnostics/input_Submit"), 0): Object 'Object Repository/Login/Page_diagnostics/input_Submit' is present

2020-12-15 16:27:06 - [MESSAGE][WARNING] - Timeout '0' is invalid. Using default page load timeout: '30'

2020-12-15 16:27:07 - [MESSAGE][PASSED] - Object 'Object Repository/Login/Page_diagnostics/input_Submit' is present

2020-12-15 16:27:07 - [TEST_STEP][PASSED] - click(findTestObject("Login/Page_diagnostics/input_Submit")): Object: 'Object Repository/Login/Page_diagnostics/input_Submit' is clicked on

2020-12-15 16:27:15 - [MESSAGE][PASSED] - Object: 'Object Repository/Login/Page_diagnostics/input_Submit' is clicked on

2020-12-15 16:27:15 - [MESSAGE][PASSED] - Call Test Case 'Test Cases/Custom Procurement Details/UTILITIES/LOGIN' successfully

2020-12-15 16:27:15 - [TEST_STEP][PASSED] - navigateToUrl("https://gdasandbox.test-arcadier.com/user/item/detail/gdaagencyfind/59fde34e-4dcb-44b5-bdcd-2bde962c0cb5"): Navigate to 'https://gdasandbox.test-arcadier.com/user/item/detail/gdaagencyfind/59fde34e-4dcb-44b5-bdcd-2bde962c0cb5' successfully

2020-12-15 16:27:16 - [MESSAGE][PASSED] - Navigate to 'https://gdasandbox.test-arcadier.com/user/item/detail/gdaagencyfind/59fde34e-4dcb-44b5-bdcd-2bde962c0cb5' successfully

2020-12-15 16:27:16 - [MESSAGE][PASSED] - Call Test Case 'Test Cases/Custom Procurement Details/UTILITIES/OPEN_BROWSER' successfully

2020-12-15 16:27:16 - [TEST_STEP][PASSED] - callTestCase(findTestCase("Custom Procurement Details/UTILITIES/PROCURE_PAGE"), [:], STOP_ON_FAILURE): Call Test Case 'Test Cases/Custom Procurement Details/UTILITIES/PROCURE_PAGE' successfully

2020-12-15 16:27:16 - [TEST_CASE][PASSED] - Test Cases/Custom Procurement Details/UTILITIES/PROCURE_PAGE: Test Cases/Custom Procurement Details/UTILITIES/PROCURE_PAGE

2020-12-15 16:27:16 - [TEST_STEP][PASSED] - click(findTestObject("Item Details/Page_diagnostics/a_PROCURE_DIRECTLY_FROM_SELLER")): Object: 'Object Repository/Item Details/Page_diagnostics/a_PROCURE_DIRECTLY_FROM_SELLER' is clicked on

2020-12-15 16:27:21 - [MESSAGE][PASSED] - Object: 'Object Repository/Item Details/Page_diagnostics/a_PROCURE_DIRECTLY_FROM_SELLER' is clicked on

2020-12-15 16:27:21 - [MESSAGE][PASSED] - Call Test Case 'Test Cases/Custom Procurement Details/UTILITIES/PROCURE_PAGE' successfully

2020-12-15 16:27:21 - [TEST_STEP][PASSED] - callTestCase(findTestCase("Custom Procurement Details/UTILITIES/FORM_INPUT"), [:], STOP_ON_FAILURE): Call Test Case 'Test Cases/Custom Procurement Details/UTILITIES/FORM_INPUT' successfully

2020-12-15 16:27:21 - [TEST_CASE][PASSED] - Test Cases/Custom Procurement Details/UTILITIES/FORM_INPUT: Test Cases/Custom Procurement Details/UTILITIES/FORM_INPUT

2020-12-15 16:27:21 - [TEST_STEP][PASSED] - setText(findTestObject("Procurement Active1/Page_diagnostics/input_Company_Name"), "Intro Company"): Text 'Intro Company' is set on object 'Object Repository/Procurement Active1/Page_diagnostics/input_Company_Name'

2020-12-15 16:27:23 - [MESSAGE][PASSED] - Text 'Intro Company' is set on object 'Object Repository/Procurement Active1/Page_diagnostics/input_Company_Name'

2020-12-15 16:27:23 - [TEST_STEP][PASSED] - setText(findTestObject("Procurement Active1/Page_diagnostics/input_Person-in-charge"), "Admin"): Text 'Admin' is set on object 'Object Repository/Procurement Active1/Page_diagnostics/input_Person-in-charge'

2020-12-15 16:27:24 - [MESSAGE][PASSED] - Text 'Admin' is set on object 'Object Repository/Procurement Active1/Page_diagnostics/input_Person-in-charge'

2020-12-15 16:27:24 - [TEST_STEP][PASSED] - setText(findTestObject("Procurement Active1/Page_diagnostics/input_Notification_email"), "adminn@test.com"): Text 'adminn@test.com' is set on object 'Object Repository/Procurement Active1/Page_diagnostics/input_Notification_email'

2020-12-15 16:27:24 - [MESSAGE][PASSED] - Text 'adminn@test.com' is set on object 'Object Repository/Procurement Active1/Page_diagnostics/input_Notification_email'

2020-12-15 16:27:24 - [TEST_STEP][PASSED] - setText(findTestObject("Procurement Active1/Page_diagnostics/input_Contact_number"), "1234567890"): Text '1234567890' is set on object 'Object Repository/Procurement Active1/Page_diagnostics/input_Contact_number'

2020-12-15 16:27:25 - [MESSAGE][PASSED] - Text '1234567890' is set on object 'Object Repository/Procurement Active1/Page_diagnostics/input_Contact_number'

2020-12-15 16:27:25 - [TEST_STEP][PASSED] - click(findTestObject("Procurement Active1/Page_diagnostics/label_SELECT ADDRESS")): Object: 'Object Repository/Procurement Active1/Page_diagnostics/label_SELECT ADDRESS' is clicked on

2020-12-15 16:27:25 - [MESSAGE][PASSED] - Object: 'Object Repository/Procurement Active1/Page_diagnostics/label_SELECT ADDRESS' is clicked on

2020-12-15 16:27:25 - [TEST_STEP][PASSED] - click(findTestObject("Item Details/Page_diagnostics/a_Accept Cookies")): Object: 'Object Repository/Item Details/Page_diagnostics/a_Accept Cookies' is clicked on

2020-12-15 16:27:25 - [MESSAGE][PASSED] - Object: 'Object Repository/Item Details/Page_diagnostics/a_Accept Cookies' is clicked on

2020-12-15 16:27:25 - [TEST_STEP][PASSED] - click(findTestObject("Procurement Active1/Page_diagnostics/a_NEXT")): Object: 'Object Repository/Procurement Active1/Page_diagnostics/a_NEXT' is clicked on

2020-12-15 16:27:26 - [MESSAGE][PASSED] - Object: 'Object Repository/Procurement Active1/Page_diagnostics/a_NEXT' is clicked on

2020-12-15 16:27:26 - [MESSAGE][PASSED] - Call Test Case 'Test Cases/Custom Procurement Details/UTILITIES/FORM_INPUT' successfully

2020-12-15 16:27:26 - [TEST_STEP][PASSED] - verifyElementPresent(findTestObject("Procurement Active 2/Page_diagnostics/h4_Item_Name"), 0): Object 'Object Repository/Procurement Active 2/Page_diagnostics/h4_Item_Name' is present

2020-12-15 16:27:26 - [MESSAGE][WARNING] - Timeout '0' is invalid. Using default page load timeout: '30'

2020-12-15 16:27:30 - [MESSAGE][PASSED] - Object 'Object Repository/Procurement Active 2/Page_diagnostics/h4_Item_Name' is present

2020-12-15 16:27:30 - [TEST_STEP][PASSED] - callTestCase(findTestCase("Custom Procurement Details/UTILITIES/CLOSE_BROWSER"), [:], STOP_ON_FAILURE): Call Test Case 'Test Cases/Custom Procurement Details/UTILITIES/CLOSE_BROWSER' successfully

2020-12-15 16:27:30 - [TEST_CASE][PASSED] - Test Cases/Custom Procurement Details/UTILITIES/CLOSE_BROWSER: Test Cases/Custom Procurement Details/UTILITIES/CLOSE_BROWSER

2020-12-15 16:27:30 - [TEST_STEP][PASSED] - closeBrowser(): Browser is closed

2020-12-15 16:27:31 - [MESSAGE][PASSED] - Browser is closed

2020-12-15 16:27:31 - [MESSAGE][PASSED] - Call Test Case 'Test Cases/Custom Procurement Details/UTILITIES/CLOSE_BROWSER' successfully]]></system-out>
         <system-err><![CDATA[]]></system-err>
      </testcase>
      <testcase name="Test Cases/Custom Procurement Details/TEST CASE/TC_DETAILS_UI_014" time="32.522" classname="Test Cases/Custom Procurement Details/TEST CASE/TC_DETAILS_UI_014" status="PASSED">
         <system-out><![CDATA[2020-12-15 16:27:31 - [TEST_CASE][PASSED] - Test Cases/Custom Procurement Details/TEST CASE/TC_DETAILS_UI_014: Test Cases/Custom Procurement Details/TEST CASE/TC_DETAILS_UI_014

2020-12-15 16:27:31 - [TEST_STEP][PASSED] - callTestCase(findTestCase("Custom Procurement Details/UTILITIES/OPEN_BROWSER"), [:], STOP_ON_FAILURE): Call Test Case 'Test Cases/Custom Procurement Details/UTILITIES/OPEN_BROWSER' successfully

2020-12-15 16:27:31 - [TEST_CASE][PASSED] - Test Cases/Custom Procurement Details/UTILITIES/OPEN_BROWSER: Test Cases/Custom Procurement Details/UTILITIES/OPEN_BROWSER

2020-12-15 16:27:31 - [TEST_STEP][PASSED] - openBrowser("https://gdasandbox.test-arcadier.com/buyer-signin"): Browser is opened with url: 'https://gdasandbox.test-arcadier.com/buyer-signin'

2020-12-15 16:27:31 - [MESSAGE][INFO] - Starting 'Chrome' driver

2020-12-15 16:27:31 - [MESSAGE][INFO] - Action delay is set to 0 milliseconds

2020-12-15 16:27:37 - [MESSAGE][PASSED] - Browser is opened with url: 'https://gdasandbox.test-arcadier.com/buyer-signin'

2020-12-15 16:27:37 - [TEST_STEP][PASSED] - callTestCase(findTestCase("Custom Procurement Details/UTILITIES/LOGIN"), [:], STOP_ON_FAILURE): Call Test Case 'Test Cases/Custom Procurement Details/UTILITIES/LOGIN' successfully

2020-12-15 16:27:37 - [TEST_CASE][PASSED] - Test Cases/Custom Procurement Details/UTILITIES/LOGIN: Test Cases/Custom Procurement Details/UTILITIES/LOGIN

2020-12-15 16:27:37 - [TEST_STEP][PASSED] - waitForElementPresent(findTestObject("Login/Page_diagnostics/a_Sign_in_as_Buyer"), 0): Object 'Object Repository/Login/Page_diagnostics/a_Sign_in_as_Buyer' is present

2020-12-15 16:27:37 - [MESSAGE][WARNING] - Timeout '0' is invalid. Using default page load timeout: '30'

2020-12-15 16:27:38 - [MESSAGE][PASSED] - Object 'Object Repository/Login/Page_diagnostics/a_Sign_in_as_Buyer' is present

2020-12-15 16:27:38 - [TEST_STEP][PASSED] - click(findTestObject("Login/Page_diagnostics/a_Sign_in_as_Buyer")): Object: 'Object Repository/Login/Page_diagnostics/a_Sign_in_as_Buyer' is clicked on

2020-12-15 16:27:38 - [MESSAGE][PASSED] - Object: 'Object Repository/Login/Page_diagnostics/a_Sign_in_as_Buyer' is clicked on

2020-12-15 16:27:38 - [TEST_STEP][PASSED] - waitForElementPresent(findTestObject("Login/Page_diagnostics/input_Username"), 0): Object 'Object Repository/Login/Page_diagnostics/input_Username' is present

2020-12-15 16:27:38 - [MESSAGE][WARNING] - Timeout '0' is invalid. Using default page load timeout: '30'

2020-12-15 16:27:38 - [MESSAGE][PASSED] - Object 'Object Repository/Login/Page_diagnostics/input_Username' is present

2020-12-15 16:27:38 - [TEST_STEP][PASSED] - setText(findTestObject("Login/Page_diagnostics/input_Username"), "admin"): Text 'admin' is set on object 'Object Repository/Login/Page_diagnostics/input_Username'

2020-12-15 16:27:39 - [MESSAGE][PASSED] - Text 'admin' is set on object 'Object Repository/Login/Page_diagnostics/input_Username'

2020-12-15 16:27:39 - [TEST_STEP][PASSED] - waitForElementPresent(findTestObject("Login/Page_diagnostics/input_Password"), 0): Object 'Object Repository/Login/Page_diagnostics/input_Password' is present

2020-12-15 16:27:39 - [MESSAGE][WARNING] - Timeout '0' is invalid. Using default page load timeout: '30'

2020-12-15 16:27:40 - [MESSAGE][PASSED] - Object 'Object Repository/Login/Page_diagnostics/input_Password' is present

2020-12-15 16:27:40 - [TEST_STEP][PASSED] - setText(findTestObject("Login/Page_diagnostics/input_Password"), "Diagnostics123!"): Text 'Diagnostics123!' is set on object 'Object Repository/Login/Page_diagnostics/input_Password'

2020-12-15 16:27:40 - [MESSAGE][PASSED] - Text 'Diagnostics123!' is set on object 'Object Repository/Login/Page_diagnostics/input_Password'

2020-12-15 16:27:40 - [TEST_STEP][PASSED] - waitForElementPresent(findTestObject("Login/Page_diagnostics/input_Submit"), 0): Object 'Object Repository/Login/Page_diagnostics/input_Submit' is present

2020-12-15 16:27:40 - [MESSAGE][WARNING] - Timeout '0' is invalid. Using default page load timeout: '30'

2020-12-15 16:27:41 - [MESSAGE][PASSED] - Object 'Object Repository/Login/Page_diagnostics/input_Submit' is present

2020-12-15 16:27:41 - [TEST_STEP][PASSED] - click(findTestObject("Login/Page_diagnostics/input_Submit")): Object: 'Object Repository/Login/Page_diagnostics/input_Submit' is clicked on

2020-12-15 16:27:47 - [MESSAGE][PASSED] - Object: 'Object Repository/Login/Page_diagnostics/input_Submit' is clicked on

2020-12-15 16:27:47 - [MESSAGE][PASSED] - Call Test Case 'Test Cases/Custom Procurement Details/UTILITIES/LOGIN' successfully

2020-12-15 16:27:47 - [TEST_STEP][PASSED] - navigateToUrl("https://gdasandbox.test-arcadier.com/user/item/detail/gdaagencyfind/59fde34e-4dcb-44b5-bdcd-2bde962c0cb5"): Navigate to 'https://gdasandbox.test-arcadier.com/user/item/detail/gdaagencyfind/59fde34e-4dcb-44b5-bdcd-2bde962c0cb5' successfully

2020-12-15 16:27:49 - [MESSAGE][PASSED] - Navigate to 'https://gdasandbox.test-arcadier.com/user/item/detail/gdaagencyfind/59fde34e-4dcb-44b5-bdcd-2bde962c0cb5' successfully

2020-12-15 16:27:49 - [MESSAGE][PASSED] - Call Test Case 'Test Cases/Custom Procurement Details/UTILITIES/OPEN_BROWSER' successfully

2020-12-15 16:27:49 - [TEST_STEP][PASSED] - callTestCase(findTestCase("Custom Procurement Details/UTILITIES/PROCURE_PAGE"), [:], STOP_ON_FAILURE): Call Test Case 'Test Cases/Custom Procurement Details/UTILITIES/PROCURE_PAGE' successfully

2020-12-15 16:27:49 - [TEST_CASE][PASSED] - Test Cases/Custom Procurement Details/UTILITIES/PROCURE_PAGE: Test Cases/Custom Procurement Details/UTILITIES/PROCURE_PAGE

2020-12-15 16:27:49 - [TEST_STEP][PASSED] - click(findTestObject("Item Details/Page_diagnostics/a_PROCURE_DIRECTLY_FROM_SELLER")): Object: 'Object Repository/Item Details/Page_diagnostics/a_PROCURE_DIRECTLY_FROM_SELLER' is clicked on

2020-12-15 16:27:53 - [MESSAGE][PASSED] - Object: 'Object Repository/Item Details/Page_diagnostics/a_PROCURE_DIRECTLY_FROM_SELLER' is clicked on

2020-12-15 16:27:53 - [MESSAGE][PASSED] - Call Test Case 'Test Cases/Custom Procurement Details/UTILITIES/PROCURE_PAGE' successfully

2020-12-15 16:27:53 - [TEST_STEP][PASSED] - callTestCase(findTestCase("Custom Procurement Details/UTILITIES/FORM_INPUT"), [:], STOP_ON_FAILURE): Call Test Case 'Test Cases/Custom Procurement Details/UTILITIES/FORM_INPUT' successfully

2020-12-15 16:27:53 - [TEST_CASE][PASSED] - Test Cases/Custom Procurement Details/UTILITIES/FORM_INPUT: Test Cases/Custom Procurement Details/UTILITIES/FORM_INPUT

2020-12-15 16:27:53 - [TEST_STEP][PASSED] - setText(findTestObject("Procurement Active1/Page_diagnostics/input_Company_Name"), "Intro Company"): Text 'Intro Company' is set on object 'Object Repository/Procurement Active1/Page_diagnostics/input_Company_Name'

2020-12-15 16:27:55 - [MESSAGE][PASSED] - Text 'Intro Company' is set on object 'Object Repository/Procurement Active1/Page_diagnostics/input_Company_Name'

2020-12-15 16:27:55 - [TEST_STEP][PASSED] - setText(findTestObject("Procurement Active1/Page_diagnostics/input_Person-in-charge"), "Admin"): Text 'Admin' is set on object 'Object Repository/Procurement Active1/Page_diagnostics/input_Person-in-charge'

2020-12-15 16:27:56 - [MESSAGE][PASSED] - Text 'Admin' is set on object 'Object Repository/Procurement Active1/Page_diagnostics/input_Person-in-charge'

2020-12-15 16:27:56 - [TEST_STEP][PASSED] - setText(findTestObject("Procurement Active1/Page_diagnostics/input_Notification_email"), "adminn@test.com"): Text 'adminn@test.com' is set on object 'Object Repository/Procurement Active1/Page_diagnostics/input_Notification_email'

2020-12-15 16:27:57 - [MESSAGE][PASSED] - Text 'adminn@test.com' is set on object 'Object Repository/Procurement Active1/Page_diagnostics/input_Notification_email'

2020-12-15 16:27:57 - [TEST_STEP][PASSED] - setText(findTestObject("Procurement Active1/Page_diagnostics/input_Contact_number"), "1234567890"): Text '1234567890' is set on object 'Object Repository/Procurement Active1/Page_diagnostics/input_Contact_number'

2020-12-15 16:27:57 - [MESSAGE][PASSED] - Text '1234567890' is set on object 'Object Repository/Procurement Active1/Page_diagnostics/input_Contact_number'

2020-12-15 16:27:57 - [TEST_STEP][PASSED] - click(findTestObject("Procurement Active1/Page_diagnostics/label_SELECT ADDRESS")): Object: 'Object Repository/Procurement Active1/Page_diagnostics/label_SELECT ADDRESS' is clicked on

2020-12-15 16:27:57 - [MESSAGE][PASSED] - Object: 'Object Repository/Procurement Active1/Page_diagnostics/label_SELECT ADDRESS' is clicked on

2020-12-15 16:27:57 - [TEST_STEP][PASSED] - click(findTestObject("Item Details/Page_diagnostics/a_Accept Cookies")): Object: 'Object Repository/Item Details/Page_diagnostics/a_Accept Cookies' is clicked on

2020-12-15 16:27:58 - [MESSAGE][PASSED] - Object: 'Object Repository/Item Details/Page_diagnostics/a_Accept Cookies' is clicked on

2020-12-15 16:27:58 - [TEST_STEP][PASSED] - click(findTestObject("Procurement Active1/Page_diagnostics/a_NEXT")): Object: 'Object Repository/Procurement Active1/Page_diagnostics/a_NEXT' is clicked on

2020-12-15 16:27:59 - [MESSAGE][PASSED] - Object: 'Object Repository/Procurement Active1/Page_diagnostics/a_NEXT' is clicked on

2020-12-15 16:27:59 - [MESSAGE][PASSED] - Call Test Case 'Test Cases/Custom Procurement Details/UTILITIES/FORM_INPUT' successfully

2020-12-15 16:27:59 - [TEST_STEP][PASSED] - verifyElementPresent(findTestObject("Procurement Active 2/Page_diagnostics/h4_Price"), 0): Object 'Object Repository/Procurement Active 2/Page_diagnostics/h4_Price' is present

2020-12-15 16:27:59 - [MESSAGE][WARNING] - Timeout '0' is invalid. Using default page load timeout: '30'

2020-12-15 16:28:03 - [MESSAGE][PASSED] - Object 'Object Repository/Procurement Active 2/Page_diagnostics/h4_Price' is present

2020-12-15 16:28:03 - [TEST_STEP][PASSED] - callTestCase(findTestCase("Custom Procurement Details/UTILITIES/CLOSE_BROWSER"), [:], STOP_ON_FAILURE): Call Test Case 'Test Cases/Custom Procurement Details/UTILITIES/CLOSE_BROWSER' successfully

2020-12-15 16:28:03 - [TEST_CASE][PASSED] - Test Cases/Custom Procurement Details/UTILITIES/CLOSE_BROWSER: Test Cases/Custom Procurement Details/UTILITIES/CLOSE_BROWSER

2020-12-15 16:28:03 - [TEST_STEP][PASSED] - closeBrowser(): Browser is closed

2020-12-15 16:28:03 - [MESSAGE][PASSED] - Browser is closed

2020-12-15 16:28:03 - [MESSAGE][PASSED] - Call Test Case 'Test Cases/Custom Procurement Details/UTILITIES/CLOSE_BROWSER' successfully]]></system-out>
         <system-err><![CDATA[]]></system-err>
      </testcase>
      <testcase name="Test Cases/Custom Procurement Details/TEST CASE/TC_DETAILS_UI_015" time="36.848" classname="Test Cases/Custom Procurement Details/TEST CASE/TC_DETAILS_UI_015" status="PASSED">
         <system-out><![CDATA[2020-12-15 16:28:03 - [TEST_CASE][PASSED] - Test Cases/Custom Procurement Details/TEST CASE/TC_DETAILS_UI_015: Test Cases/Custom Procurement Details/TEST CASE/TC_DETAILS_UI_015

2020-12-15 16:28:04 - [TEST_STEP][PASSED] - callTestCase(findTestCase("Custom Procurement Details/UTILITIES/OPEN_BROWSER"), [:], STOP_ON_FAILURE): Call Test Case 'Test Cases/Custom Procurement Details/UTILITIES/OPEN_BROWSER' successfully

2020-12-15 16:28:04 - [TEST_CASE][PASSED] - Test Cases/Custom Procurement Details/UTILITIES/OPEN_BROWSER: Test Cases/Custom Procurement Details/UTILITIES/OPEN_BROWSER

2020-12-15 16:28:04 - [TEST_STEP][PASSED] - openBrowser("https://gdasandbox.test-arcadier.com/buyer-signin"): Browser is opened with url: 'https://gdasandbox.test-arcadier.com/buyer-signin'

2020-12-15 16:28:04 - [MESSAGE][INFO] - Starting 'Chrome' driver

2020-12-15 16:28:04 - [MESSAGE][INFO] - Action delay is set to 0 milliseconds

2020-12-15 16:28:11 - [MESSAGE][PASSED] - Browser is opened with url: 'https://gdasandbox.test-arcadier.com/buyer-signin'

2020-12-15 16:28:11 - [TEST_STEP][PASSED] - callTestCase(findTestCase("Custom Procurement Details/UTILITIES/LOGIN"), [:], STOP_ON_FAILURE): Call Test Case 'Test Cases/Custom Procurement Details/UTILITIES/LOGIN' successfully

2020-12-15 16:28:11 - [TEST_CASE][PASSED] - Test Cases/Custom Procurement Details/UTILITIES/LOGIN: Test Cases/Custom Procurement Details/UTILITIES/LOGIN

2020-12-15 16:28:11 - [TEST_STEP][PASSED] - waitForElementPresent(findTestObject("Login/Page_diagnostics/a_Sign_in_as_Buyer"), 0): Object 'Object Repository/Login/Page_diagnostics/a_Sign_in_as_Buyer' is present

2020-12-15 16:28:11 - [MESSAGE][WARNING] - Timeout '0' is invalid. Using default page load timeout: '30'

2020-12-15 16:28:13 - [MESSAGE][PASSED] - Object 'Object Repository/Login/Page_diagnostics/a_Sign_in_as_Buyer' is present

2020-12-15 16:28:13 - [TEST_STEP][PASSED] - click(findTestObject("Login/Page_diagnostics/a_Sign_in_as_Buyer")): Object: 'Object Repository/Login/Page_diagnostics/a_Sign_in_as_Buyer' is clicked on

2020-12-15 16:28:13 - [MESSAGE][PASSED] - Object: 'Object Repository/Login/Page_diagnostics/a_Sign_in_as_Buyer' is clicked on

2020-12-15 16:28:13 - [TEST_STEP][PASSED] - waitForElementPresent(findTestObject("Login/Page_diagnostics/input_Username"), 0): Object 'Object Repository/Login/Page_diagnostics/input_Username' is present

2020-12-15 16:28:13 - [MESSAGE][WARNING] - Timeout '0' is invalid. Using default page load timeout: '30'

2020-12-15 16:28:14 - [MESSAGE][PASSED] - Object 'Object Repository/Login/Page_diagnostics/input_Username' is present

2020-12-15 16:28:14 - [TEST_STEP][PASSED] - setText(findTestObject("Login/Page_diagnostics/input_Username"), "admin"): Text 'admin' is set on object 'Object Repository/Login/Page_diagnostics/input_Username'

2020-12-15 16:28:15 - [MESSAGE][PASSED] - Text 'admin' is set on object 'Object Repository/Login/Page_diagnostics/input_Username'

2020-12-15 16:28:15 - [TEST_STEP][PASSED] - waitForElementPresent(findTestObject("Login/Page_diagnostics/input_Password"), 0): Object 'Object Repository/Login/Page_diagnostics/input_Password' is present

2020-12-15 16:28:15 - [MESSAGE][WARNING] - Timeout '0' is invalid. Using default page load timeout: '30'

2020-12-15 16:28:16 - [MESSAGE][PASSED] - Object 'Object Repository/Login/Page_diagnostics/input_Password' is present

2020-12-15 16:28:16 - [TEST_STEP][PASSED] - setText(findTestObject("Login/Page_diagnostics/input_Password"), "Diagnostics123!"): Text 'Diagnostics123!' is set on object 'Object Repository/Login/Page_diagnostics/input_Password'

2020-12-15 16:28:16 - [MESSAGE][PASSED] - Text 'Diagnostics123!' is set on object 'Object Repository/Login/Page_diagnostics/input_Password'

2020-12-15 16:28:16 - [TEST_STEP][PASSED] - waitForElementPresent(findTestObject("Login/Page_diagnostics/input_Submit"), 0): Object 'Object Repository/Login/Page_diagnostics/input_Submit' is present

2020-12-15 16:28:16 - [MESSAGE][WARNING] - Timeout '0' is invalid. Using default page load timeout: '30'

2020-12-15 16:28:17 - [MESSAGE][PASSED] - Object 'Object Repository/Login/Page_diagnostics/input_Submit' is present

2020-12-15 16:28:17 - [TEST_STEP][PASSED] - click(findTestObject("Login/Page_diagnostics/input_Submit")): Object: 'Object Repository/Login/Page_diagnostics/input_Submit' is clicked on

2020-12-15 16:28:23 - [MESSAGE][PASSED] - Object: 'Object Repository/Login/Page_diagnostics/input_Submit' is clicked on

2020-12-15 16:28:23 - [MESSAGE][PASSED] - Call Test Case 'Test Cases/Custom Procurement Details/UTILITIES/LOGIN' successfully

2020-12-15 16:28:23 - [TEST_STEP][PASSED] - navigateToUrl("https://gdasandbox.test-arcadier.com/user/item/detail/gdaagencyfind/59fde34e-4dcb-44b5-bdcd-2bde962c0cb5"): Navigate to 'https://gdasandbox.test-arcadier.com/user/item/detail/gdaagencyfind/59fde34e-4dcb-44b5-bdcd-2bde962c0cb5' successfully

2020-12-15 16:28:25 - [MESSAGE][PASSED] - Navigate to 'https://gdasandbox.test-arcadier.com/user/item/detail/gdaagencyfind/59fde34e-4dcb-44b5-bdcd-2bde962c0cb5' successfully

2020-12-15 16:28:25 - [MESSAGE][PASSED] - Call Test Case 'Test Cases/Custom Procurement Details/UTILITIES/OPEN_BROWSER' successfully

2020-12-15 16:28:25 - [TEST_STEP][PASSED] - callTestCase(findTestCase("Custom Procurement Details/UTILITIES/PROCURE_PAGE"), [:], STOP_ON_FAILURE): Call Test Case 'Test Cases/Custom Procurement Details/UTILITIES/PROCURE_PAGE' successfully

2020-12-15 16:28:25 - [TEST_CASE][PASSED] - Test Cases/Custom Procurement Details/UTILITIES/PROCURE_PAGE: Test Cases/Custom Procurement Details/UTILITIES/PROCURE_PAGE

2020-12-15 16:28:25 - [TEST_STEP][PASSED] - click(findTestObject("Item Details/Page_diagnostics/a_PROCURE_DIRECTLY_FROM_SELLER")): Object: 'Object Repository/Item Details/Page_diagnostics/a_PROCURE_DIRECTLY_FROM_SELLER' is clicked on

2020-12-15 16:28:29 - [MESSAGE][PASSED] - Object: 'Object Repository/Item Details/Page_diagnostics/a_PROCURE_DIRECTLY_FROM_SELLER' is clicked on

2020-12-15 16:28:29 - [MESSAGE][PASSED] - Call Test Case 'Test Cases/Custom Procurement Details/UTILITIES/PROCURE_PAGE' successfully

2020-12-15 16:28:29 - [TEST_STEP][PASSED] - callTestCase(findTestCase("Custom Procurement Details/UTILITIES/FORM_INPUT"), [:], STOP_ON_FAILURE): Call Test Case 'Test Cases/Custom Procurement Details/UTILITIES/FORM_INPUT' successfully

2020-12-15 16:28:29 - [TEST_CASE][PASSED] - Test Cases/Custom Procurement Details/UTILITIES/FORM_INPUT: Test Cases/Custom Procurement Details/UTILITIES/FORM_INPUT

2020-12-15 16:28:29 - [TEST_STEP][PASSED] - setText(findTestObject("Procurement Active1/Page_diagnostics/input_Company_Name"), "Intro Company"): Text 'Intro Company' is set on object 'Object Repository/Procurement Active1/Page_diagnostics/input_Company_Name'

2020-12-15 16:28:32 - [MESSAGE][PASSED] - Text 'Intro Company' is set on object 'Object Repository/Procurement Active1/Page_diagnostics/input_Company_Name'

2020-12-15 16:28:32 - [TEST_STEP][PASSED] - setText(findTestObject("Procurement Active1/Page_diagnostics/input_Person-in-charge"), "Admin"): Text 'Admin' is set on object 'Object Repository/Procurement Active1/Page_diagnostics/input_Person-in-charge'

2020-12-15 16:28:33 - [MESSAGE][PASSED] - Text 'Admin' is set on object 'Object Repository/Procurement Active1/Page_diagnostics/input_Person-in-charge'

2020-12-15 16:28:33 - [TEST_STEP][PASSED] - setText(findTestObject("Procurement Active1/Page_diagnostics/input_Notification_email"), "adminn@test.com"): Text 'adminn@test.com' is set on object 'Object Repository/Procurement Active1/Page_diagnostics/input_Notification_email'

2020-12-15 16:28:33 - [MESSAGE][PASSED] - Text 'adminn@test.com' is set on object 'Object Repository/Procurement Active1/Page_diagnostics/input_Notification_email'

2020-12-15 16:28:33 - [TEST_STEP][PASSED] - setText(findTestObject("Procurement Active1/Page_diagnostics/input_Contact_number"), "1234567890"): Text '1234567890' is set on object 'Object Repository/Procurement Active1/Page_diagnostics/input_Contact_number'

2020-12-15 16:28:34 - [MESSAGE][PASSED] - Text '1234567890' is set on object 'Object Repository/Procurement Active1/Page_diagnostics/input_Contact_number'

2020-12-15 16:28:34 - [TEST_STEP][PASSED] - click(findTestObject("Procurement Active1/Page_diagnostics/label_SELECT ADDRESS")): Object: 'Object Repository/Procurement Active1/Page_diagnostics/label_SELECT ADDRESS' is clicked on

2020-12-15 16:28:34 - [MESSAGE][PASSED] - Object: 'Object Repository/Procurement Active1/Page_diagnostics/label_SELECT ADDRESS' is clicked on

2020-12-15 16:28:34 - [TEST_STEP][PASSED] - click(findTestObject("Item Details/Page_diagnostics/a_Accept Cookies")): Object: 'Object Repository/Item Details/Page_diagnostics/a_Accept Cookies' is clicked on

2020-12-15 16:28:35 - [MESSAGE][PASSED] - Object: 'Object Repository/Item Details/Page_diagnostics/a_Accept Cookies' is clicked on

2020-12-15 16:28:35 - [TEST_STEP][PASSED] - click(findTestObject("Procurement Active1/Page_diagnostics/a_NEXT")): Object: 'Object Repository/Procurement Active1/Page_diagnostics/a_NEXT' is clicked on

2020-12-15 16:28:36 - [MESSAGE][PASSED] - Object: 'Object Repository/Procurement Active1/Page_diagnostics/a_NEXT' is clicked on

2020-12-15 16:28:36 - [MESSAGE][PASSED] - Call Test Case 'Test Cases/Custom Procurement Details/UTILITIES/FORM_INPUT' successfully

2020-12-15 16:28:36 - [TEST_STEP][PASSED] - verifyElementPresent(findTestObject("Procurement Active 2/Page_diagnostics/input_Date_range"), 0): Object 'Object Repository/Procurement Active 2/Page_diagnostics/input_Date_range' is present

2020-12-15 16:28:36 - [MESSAGE][WARNING] - Timeout '0' is invalid. Using default page load timeout: '30'

2020-12-15 16:28:40 - [MESSAGE][PASSED] - Object 'Object Repository/Procurement Active 2/Page_diagnostics/input_Date_range' is present

2020-12-15 16:28:40 - [TEST_STEP][PASSED] - callTestCase(findTestCase("Custom Procurement Details/UTILITIES/CLOSE_BROWSER"), [:], STOP_ON_FAILURE): Call Test Case 'Test Cases/Custom Procurement Details/UTILITIES/CLOSE_BROWSER' successfully

2020-12-15 16:28:40 - [TEST_CASE][PASSED] - Test Cases/Custom Procurement Details/UTILITIES/CLOSE_BROWSER: Test Cases/Custom Procurement Details/UTILITIES/CLOSE_BROWSER

2020-12-15 16:28:40 - [TEST_STEP][PASSED] - closeBrowser(): Browser is closed

2020-12-15 16:28:40 - [MESSAGE][PASSED] - Browser is closed

2020-12-15 16:28:40 - [MESSAGE][PASSED] - Call Test Case 'Test Cases/Custom Procurement Details/UTILITIES/CLOSE_BROWSER' successfully]]></system-out>
         <system-err><![CDATA[]]></system-err>
      </testcase>
      <testcase name="Test Cases/Custom Procurement Details/TEST CASE/TC_DETAILS_UI_016" time="37.651" classname="Test Cases/Custom Procurement Details/TEST CASE/TC_DETAILS_UI_016" status="PASSED">
         <system-out><![CDATA[2020-12-15 16:28:40 - [TEST_CASE][PASSED] - Test Cases/Custom Procurement Details/TEST CASE/TC_DETAILS_UI_016: Test Cases/Custom Procurement Details/TEST CASE/TC_DETAILS_UI_016

2020-12-15 16:28:40 - [TEST_STEP][PASSED] - callTestCase(findTestCase("Custom Procurement Details/UTILITIES/OPEN_BROWSER"), [:], STOP_ON_FAILURE): Call Test Case 'Test Cases/Custom Procurement Details/UTILITIES/OPEN_BROWSER' successfully

2020-12-15 16:28:41 - [TEST_CASE][PASSED] - Test Cases/Custom Procurement Details/UTILITIES/OPEN_BROWSER: Test Cases/Custom Procurement Details/UTILITIES/OPEN_BROWSER

2020-12-15 16:28:41 - [TEST_STEP][PASSED] - openBrowser("https://gdasandbox.test-arcadier.com/buyer-signin"): Browser is opened with url: 'https://gdasandbox.test-arcadier.com/buyer-signin'

2020-12-15 16:28:41 - [MESSAGE][INFO] - Starting 'Chrome' driver

2020-12-15 16:28:41 - [MESSAGE][INFO] - Action delay is set to 0 milliseconds

2020-12-15 16:28:51 - [MESSAGE][PASSED] - Browser is opened with url: 'https://gdasandbox.test-arcadier.com/buyer-signin'

2020-12-15 16:28:51 - [TEST_STEP][PASSED] - callTestCase(findTestCase("Custom Procurement Details/UTILITIES/LOGIN"), [:], STOP_ON_FAILURE): Call Test Case 'Test Cases/Custom Procurement Details/UTILITIES/LOGIN' successfully

2020-12-15 16:28:51 - [TEST_CASE][PASSED] - Test Cases/Custom Procurement Details/UTILITIES/LOGIN: Test Cases/Custom Procurement Details/UTILITIES/LOGIN

2020-12-15 16:28:51 - [TEST_STEP][PASSED] - waitForElementPresent(findTestObject("Login/Page_diagnostics/a_Sign_in_as_Buyer"), 0): Object 'Object Repository/Login/Page_diagnostics/a_Sign_in_as_Buyer' is present

2020-12-15 16:28:51 - [MESSAGE][WARNING] - Timeout '0' is invalid. Using default page load timeout: '30'

2020-12-15 16:28:51 - [MESSAGE][PASSED] - Object 'Object Repository/Login/Page_diagnostics/a_Sign_in_as_Buyer' is present

2020-12-15 16:28:51 - [TEST_STEP][PASSED] - click(findTestObject("Login/Page_diagnostics/a_Sign_in_as_Buyer")): Object: 'Object Repository/Login/Page_diagnostics/a_Sign_in_as_Buyer' is clicked on

2020-12-15 16:28:51 - [MESSAGE][PASSED] - Object: 'Object Repository/Login/Page_diagnostics/a_Sign_in_as_Buyer' is clicked on

2020-12-15 16:28:51 - [TEST_STEP][PASSED] - waitForElementPresent(findTestObject("Login/Page_diagnostics/input_Username"), 0): Object 'Object Repository/Login/Page_diagnostics/input_Username' is present

2020-12-15 16:28:51 - [MESSAGE][WARNING] - Timeout '0' is invalid. Using default page load timeout: '30'

2020-12-15 16:28:52 - [MESSAGE][PASSED] - Object 'Object Repository/Login/Page_diagnostics/input_Username' is present

2020-12-15 16:28:52 - [TEST_STEP][PASSED] - setText(findTestObject("Login/Page_diagnostics/input_Username"), "admin"): Text 'admin' is set on object 'Object Repository/Login/Page_diagnostics/input_Username'

2020-12-15 16:28:53 - [MESSAGE][PASSED] - Text 'admin' is set on object 'Object Repository/Login/Page_diagnostics/input_Username'

2020-12-15 16:28:53 - [TEST_STEP][PASSED] - waitForElementPresent(findTestObject("Login/Page_diagnostics/input_Password"), 0): Object 'Object Repository/Login/Page_diagnostics/input_Password' is present

2020-12-15 16:28:53 - [MESSAGE][WARNING] - Timeout '0' is invalid. Using default page load timeout: '30'

2020-12-15 16:28:54 - [MESSAGE][PASSED] - Object 'Object Repository/Login/Page_diagnostics/input_Password' is present

2020-12-15 16:28:54 - [TEST_STEP][PASSED] - setText(findTestObject("Login/Page_diagnostics/input_Password"), "Diagnostics123!"): Text 'Diagnostics123!' is set on object 'Object Repository/Login/Page_diagnostics/input_Password'

2020-12-15 16:28:55 - [MESSAGE][PASSED] - Text 'Diagnostics123!' is set on object 'Object Repository/Login/Page_diagnostics/input_Password'

2020-12-15 16:28:55 - [TEST_STEP][PASSED] - waitForElementPresent(findTestObject("Login/Page_diagnostics/input_Submit"), 0): Object 'Object Repository/Login/Page_diagnostics/input_Submit' is present

2020-12-15 16:28:55 - [MESSAGE][WARNING] - Timeout '0' is invalid. Using default page load timeout: '30'

2020-12-15 16:28:55 - [MESSAGE][PASSED] - Object 'Object Repository/Login/Page_diagnostics/input_Submit' is present

2020-12-15 16:28:55 - [TEST_STEP][PASSED] - click(findTestObject("Login/Page_diagnostics/input_Submit")): Object: 'Object Repository/Login/Page_diagnostics/input_Submit' is clicked on

2020-12-15 16:29:02 - [MESSAGE][PASSED] - Object: 'Object Repository/Login/Page_diagnostics/input_Submit' is clicked on

2020-12-15 16:29:02 - [MESSAGE][PASSED] - Call Test Case 'Test Cases/Custom Procurement Details/UTILITIES/LOGIN' successfully

2020-12-15 16:29:02 - [TEST_STEP][PASSED] - navigateToUrl("https://gdasandbox.test-arcadier.com/user/item/detail/gdaagencyfind/59fde34e-4dcb-44b5-bdcd-2bde962c0cb5"): Navigate to 'https://gdasandbox.test-arcadier.com/user/item/detail/gdaagencyfind/59fde34e-4dcb-44b5-bdcd-2bde962c0cb5' successfully

2020-12-15 16:29:04 - [MESSAGE][PASSED] - Navigate to 'https://gdasandbox.test-arcadier.com/user/item/detail/gdaagencyfind/59fde34e-4dcb-44b5-bdcd-2bde962c0cb5' successfully

2020-12-15 16:29:04 - [MESSAGE][PASSED] - Call Test Case 'Test Cases/Custom Procurement Details/UTILITIES/OPEN_BROWSER' successfully

2020-12-15 16:29:04 - [TEST_STEP][PASSED] - callTestCase(findTestCase("Custom Procurement Details/UTILITIES/PROCURE_PAGE"), [:], STOP_ON_FAILURE): Call Test Case 'Test Cases/Custom Procurement Details/UTILITIES/PROCURE_PAGE' successfully

2020-12-15 16:29:04 - [TEST_CASE][PASSED] - Test Cases/Custom Procurement Details/UTILITIES/PROCURE_PAGE: Test Cases/Custom Procurement Details/UTILITIES/PROCURE_PAGE

2020-12-15 16:29:04 - [TEST_STEP][PASSED] - click(findTestObject("Item Details/Page_diagnostics/a_PROCURE_DIRECTLY_FROM_SELLER")): Object: 'Object Repository/Item Details/Page_diagnostics/a_PROCURE_DIRECTLY_FROM_SELLER' is clicked on

2020-12-15 16:29:08 - [MESSAGE][PASSED] - Object: 'Object Repository/Item Details/Page_diagnostics/a_PROCURE_DIRECTLY_FROM_SELLER' is clicked on

2020-12-15 16:29:08 - [MESSAGE][PASSED] - Call Test Case 'Test Cases/Custom Procurement Details/UTILITIES/PROCURE_PAGE' successfully

2020-12-15 16:29:08 - [TEST_STEP][PASSED] - callTestCase(findTestCase("Custom Procurement Details/UTILITIES/FORM_INPUT"), [:], STOP_ON_FAILURE): Call Test Case 'Test Cases/Custom Procurement Details/UTILITIES/FORM_INPUT' successfully

2020-12-15 16:29:08 - [TEST_CASE][PASSED] - Test Cases/Custom Procurement Details/UTILITIES/FORM_INPUT: Test Cases/Custom Procurement Details/UTILITIES/FORM_INPUT

2020-12-15 16:29:08 - [TEST_STEP][PASSED] - setText(findTestObject("Procurement Active1/Page_diagnostics/input_Company_Name"), "Intro Company"): Text 'Intro Company' is set on object 'Object Repository/Procurement Active1/Page_diagnostics/input_Company_Name'

2020-12-15 16:29:10 - [MESSAGE][PASSED] - Text 'Intro Company' is set on object 'Object Repository/Procurement Active1/Page_diagnostics/input_Company_Name'

2020-12-15 16:29:10 - [TEST_STEP][PASSED] - setText(findTestObject("Procurement Active1/Page_diagnostics/input_Person-in-charge"), "Admin"): Text 'Admin' is set on object 'Object Repository/Procurement Active1/Page_diagnostics/input_Person-in-charge'

2020-12-15 16:29:11 - [MESSAGE][PASSED] - Text 'Admin' is set on object 'Object Repository/Procurement Active1/Page_diagnostics/input_Person-in-charge'

2020-12-15 16:29:11 - [TEST_STEP][PASSED] - setText(findTestObject("Procurement Active1/Page_diagnostics/input_Notification_email"), "adminn@test.com"): Text 'adminn@test.com' is set on object 'Object Repository/Procurement Active1/Page_diagnostics/input_Notification_email'

2020-12-15 16:29:12 - [MESSAGE][PASSED] - Text 'adminn@test.com' is set on object 'Object Repository/Procurement Active1/Page_diagnostics/input_Notification_email'

2020-12-15 16:29:12 - [TEST_STEP][PASSED] - setText(findTestObject("Procurement Active1/Page_diagnostics/input_Contact_number"), "1234567890"): Text '1234567890' is set on object 'Object Repository/Procurement Active1/Page_diagnostics/input_Contact_number'

2020-12-15 16:29:12 - [MESSAGE][PASSED] - Text '1234567890' is set on object 'Object Repository/Procurement Active1/Page_diagnostics/input_Contact_number'

2020-12-15 16:29:12 - [TEST_STEP][PASSED] - click(findTestObject("Procurement Active1/Page_diagnostics/label_SELECT ADDRESS")): Object: 'Object Repository/Procurement Active1/Page_diagnostics/label_SELECT ADDRESS' is clicked on

2020-12-15 16:29:12 - [MESSAGE][PASSED] - Object: 'Object Repository/Procurement Active1/Page_diagnostics/label_SELECT ADDRESS' is clicked on

2020-12-15 16:29:12 - [TEST_STEP][PASSED] - click(findTestObject("Item Details/Page_diagnostics/a_Accept Cookies")): Object: 'Object Repository/Item Details/Page_diagnostics/a_Accept Cookies' is clicked on

2020-12-15 16:29:13 - [MESSAGE][PASSED] - Object: 'Object Repository/Item Details/Page_diagnostics/a_Accept Cookies' is clicked on

2020-12-15 16:29:13 - [TEST_STEP][PASSED] - click(findTestObject("Procurement Active1/Page_diagnostics/a_NEXT")): Object: 'Object Repository/Procurement Active1/Page_diagnostics/a_NEXT' is clicked on

2020-12-15 16:29:14 - [MESSAGE][PASSED] - Object: 'Object Repository/Procurement Active1/Page_diagnostics/a_NEXT' is clicked on

2020-12-15 16:29:14 - [MESSAGE][PASSED] - Call Test Case 'Test Cases/Custom Procurement Details/UTILITIES/FORM_INPUT' successfully

2020-12-15 16:29:14 - [TEST_STEP][PASSED] - verifyElementPresent(findTestObject("Procurement Active 2/Page_diagnostics/select_Select_shipping_method"), 0): Object 'Object Repository/Procurement Active 2/Page_diagnostics/select_Select_shipping_method' is present

2020-12-15 16:29:14 - [MESSAGE][WARNING] - Timeout '0' is invalid. Using default page load timeout: '30'

2020-12-15 16:29:17 - [MESSAGE][PASSED] - Object 'Object Repository/Procurement Active 2/Page_diagnostics/select_Select_shipping_method' is present

2020-12-15 16:29:17 - [TEST_STEP][PASSED] - callTestCase(findTestCase("Custom Procurement Details/UTILITIES/CLOSE_BROWSER"), [:], STOP_ON_FAILURE): Call Test Case 'Test Cases/Custom Procurement Details/UTILITIES/CLOSE_BROWSER' successfully

2020-12-15 16:29:17 - [TEST_CASE][PASSED] - Test Cases/Custom Procurement Details/UTILITIES/CLOSE_BROWSER: Test Cases/Custom Procurement Details/UTILITIES/CLOSE_BROWSER

2020-12-15 16:29:17 - [TEST_STEP][PASSED] - closeBrowser(): Browser is closed

2020-12-15 16:29:18 - [MESSAGE][PASSED] - Browser is closed

2020-12-15 16:29:18 - [MESSAGE][PASSED] - Call Test Case 'Test Cases/Custom Procurement Details/UTILITIES/CLOSE_BROWSER' successfully]]></system-out>
         <system-err><![CDATA[]]></system-err>
      </testcase>
      <testcase name="Test Cases/Custom Procurement Details/TEST CASE/TC_DETAILS_UI_017" time="35.328" classname="Test Cases/Custom Procurement Details/TEST CASE/TC_DETAILS_UI_017" status="PASSED">
         <system-out><![CDATA[2020-12-15 16:29:18 - [TEST_CASE][PASSED] - Test Cases/Custom Procurement Details/TEST CASE/TC_DETAILS_UI_017: Test Cases/Custom Procurement Details/TEST CASE/TC_DETAILS_UI_017

2020-12-15 16:29:18 - [TEST_STEP][PASSED] - callTestCase(findTestCase("Custom Procurement Details/UTILITIES/OPEN_BROWSER"), [:], STOP_ON_FAILURE): Call Test Case 'Test Cases/Custom Procurement Details/UTILITIES/OPEN_BROWSER' successfully

2020-12-15 16:29:18 - [TEST_CASE][PASSED] - Test Cases/Custom Procurement Details/UTILITIES/OPEN_BROWSER: Test Cases/Custom Procurement Details/UTILITIES/OPEN_BROWSER

2020-12-15 16:29:18 - [TEST_STEP][PASSED] - openBrowser("https://gdasandbox.test-arcadier.com/buyer-signin"): Browser is opened with url: 'https://gdasandbox.test-arcadier.com/buyer-signin'

2020-12-15 16:29:18 - [MESSAGE][INFO] - Starting 'Chrome' driver

2020-12-15 16:29:18 - [MESSAGE][INFO] - Action delay is set to 0 milliseconds

2020-12-15 16:29:28 - [MESSAGE][PASSED] - Browser is opened with url: 'https://gdasandbox.test-arcadier.com/buyer-signin'

2020-12-15 16:29:28 - [TEST_STEP][PASSED] - callTestCase(findTestCase("Custom Procurement Details/UTILITIES/LOGIN"), [:], STOP_ON_FAILURE): Call Test Case 'Test Cases/Custom Procurement Details/UTILITIES/LOGIN' successfully

2020-12-15 16:29:28 - [TEST_CASE][PASSED] - Test Cases/Custom Procurement Details/UTILITIES/LOGIN: Test Cases/Custom Procurement Details/UTILITIES/LOGIN

2020-12-15 16:29:28 - [TEST_STEP][PASSED] - waitForElementPresent(findTestObject("Login/Page_diagnostics/a_Sign_in_as_Buyer"), 0): Object 'Object Repository/Login/Page_diagnostics/a_Sign_in_as_Buyer' is present

2020-12-15 16:29:28 - [MESSAGE][WARNING] - Timeout '0' is invalid. Using default page load timeout: '30'

2020-12-15 16:29:29 - [MESSAGE][PASSED] - Object 'Object Repository/Login/Page_diagnostics/a_Sign_in_as_Buyer' is present

2020-12-15 16:29:29 - [TEST_STEP][PASSED] - click(findTestObject("Login/Page_diagnostics/a_Sign_in_as_Buyer")): Object: 'Object Repository/Login/Page_diagnostics/a_Sign_in_as_Buyer' is clicked on

2020-12-15 16:29:30 - [MESSAGE][PASSED] - Object: 'Object Repository/Login/Page_diagnostics/a_Sign_in_as_Buyer' is clicked on

2020-12-15 16:29:30 - [TEST_STEP][PASSED] - waitForElementPresent(findTestObject("Login/Page_diagnostics/input_Username"), 0): Object 'Object Repository/Login/Page_diagnostics/input_Username' is present

2020-12-15 16:29:30 - [MESSAGE][WARNING] - Timeout '0' is invalid. Using default page load timeout: '30'

2020-12-15 16:29:30 - [MESSAGE][PASSED] - Object 'Object Repository/Login/Page_diagnostics/input_Username' is present

2020-12-15 16:29:30 - [TEST_STEP][PASSED] - setText(findTestObject("Login/Page_diagnostics/input_Username"), "admin"): Text 'admin' is set on object 'Object Repository/Login/Page_diagnostics/input_Username'

2020-12-15 16:29:30 - [MESSAGE][PASSED] - Text 'admin' is set on object 'Object Repository/Login/Page_diagnostics/input_Username'

2020-12-15 16:29:30 - [TEST_STEP][PASSED] - waitForElementPresent(findTestObject("Login/Page_diagnostics/input_Password"), 0): Object 'Object Repository/Login/Page_diagnostics/input_Password' is present

2020-12-15 16:29:31 - [MESSAGE][WARNING] - Timeout '0' is invalid. Using default page load timeout: '30'

2020-12-15 16:29:31 - [MESSAGE][PASSED] - Object 'Object Repository/Login/Page_diagnostics/input_Password' is present

2020-12-15 16:29:31 - [TEST_STEP][PASSED] - setText(findTestObject("Login/Page_diagnostics/input_Password"), "Diagnostics123!"): Text 'Diagnostics123!' is set on object 'Object Repository/Login/Page_diagnostics/input_Password'

2020-12-15 16:29:31 - [MESSAGE][PASSED] - Text 'Diagnostics123!' is set on object 'Object Repository/Login/Page_diagnostics/input_Password'

2020-12-15 16:29:31 - [TEST_STEP][PASSED] - waitForElementPresent(findTestObject("Login/Page_diagnostics/input_Submit"), 0): Object 'Object Repository/Login/Page_diagnostics/input_Submit' is present

2020-12-15 16:29:31 - [MESSAGE][WARNING] - Timeout '0' is invalid. Using default page load timeout: '30'

2020-12-15 16:29:32 - [MESSAGE][PASSED] - Object 'Object Repository/Login/Page_diagnostics/input_Submit' is present

2020-12-15 16:29:32 - [TEST_STEP][PASSED] - click(findTestObject("Login/Page_diagnostics/input_Submit")): Object: 'Object Repository/Login/Page_diagnostics/input_Submit' is clicked on

2020-12-15 16:29:37 - [MESSAGE][PASSED] - Object: 'Object Repository/Login/Page_diagnostics/input_Submit' is clicked on

2020-12-15 16:29:37 - [MESSAGE][PASSED] - Call Test Case 'Test Cases/Custom Procurement Details/UTILITIES/LOGIN' successfully

2020-12-15 16:29:37 - [TEST_STEP][PASSED] - navigateToUrl("https://gdasandbox.test-arcadier.com/user/item/detail/gdaagencyfind/59fde34e-4dcb-44b5-bdcd-2bde962c0cb5"): Navigate to 'https://gdasandbox.test-arcadier.com/user/item/detail/gdaagencyfind/59fde34e-4dcb-44b5-bdcd-2bde962c0cb5' successfully

2020-12-15 16:29:40 - [MESSAGE][PASSED] - Navigate to 'https://gdasandbox.test-arcadier.com/user/item/detail/gdaagencyfind/59fde34e-4dcb-44b5-bdcd-2bde962c0cb5' successfully

2020-12-15 16:29:40 - [MESSAGE][PASSED] - Call Test Case 'Test Cases/Custom Procurement Details/UTILITIES/OPEN_BROWSER' successfully

2020-12-15 16:29:40 - [TEST_STEP][PASSED] - callTestCase(findTestCase("Custom Procurement Details/UTILITIES/PROCURE_PAGE"), [:], STOP_ON_FAILURE): Call Test Case 'Test Cases/Custom Procurement Details/UTILITIES/PROCURE_PAGE' successfully

2020-12-15 16:29:40 - [TEST_CASE][PASSED] - Test Cases/Custom Procurement Details/UTILITIES/PROCURE_PAGE: Test Cases/Custom Procurement Details/UTILITIES/PROCURE_PAGE

2020-12-15 16:29:40 - [TEST_STEP][PASSED] - click(findTestObject("Item Details/Page_diagnostics/a_PROCURE_DIRECTLY_FROM_SELLER")): Object: 'Object Repository/Item Details/Page_diagnostics/a_PROCURE_DIRECTLY_FROM_SELLER' is clicked on

2020-12-15 16:29:43 - [MESSAGE][PASSED] - Object: 'Object Repository/Item Details/Page_diagnostics/a_PROCURE_DIRECTLY_FROM_SELLER' is clicked on

2020-12-15 16:29:43 - [MESSAGE][PASSED] - Call Test Case 'Test Cases/Custom Procurement Details/UTILITIES/PROCURE_PAGE' successfully

2020-12-15 16:29:43 - [TEST_STEP][PASSED] - callTestCase(findTestCase("Custom Procurement Details/UTILITIES/FORM_INPUT"), [:], STOP_ON_FAILURE): Call Test Case 'Test Cases/Custom Procurement Details/UTILITIES/FORM_INPUT' successfully

2020-12-15 16:29:43 - [TEST_CASE][PASSED] - Test Cases/Custom Procurement Details/UTILITIES/FORM_INPUT: Test Cases/Custom Procurement Details/UTILITIES/FORM_INPUT

2020-12-15 16:29:43 - [TEST_STEP][PASSED] - setText(findTestObject("Procurement Active1/Page_diagnostics/input_Company_Name"), "Intro Company"): Text 'Intro Company' is set on object 'Object Repository/Procurement Active1/Page_diagnostics/input_Company_Name'

2020-12-15 16:29:45 - [MESSAGE][PASSED] - Text 'Intro Company' is set on object 'Object Repository/Procurement Active1/Page_diagnostics/input_Company_Name'

2020-12-15 16:29:45 - [TEST_STEP][PASSED] - setText(findTestObject("Procurement Active1/Page_diagnostics/input_Person-in-charge"), "Admin"): Text 'Admin' is set on object 'Object Repository/Procurement Active1/Page_diagnostics/input_Person-in-charge'

2020-12-15 16:29:46 - [MESSAGE][PASSED] - Text 'Admin' is set on object 'Object Repository/Procurement Active1/Page_diagnostics/input_Person-in-charge'

2020-12-15 16:29:46 - [TEST_STEP][PASSED] - setText(findTestObject("Procurement Active1/Page_diagnostics/input_Notification_email"), "adminn@test.com"): Text 'adminn@test.com' is set on object 'Object Repository/Procurement Active1/Page_diagnostics/input_Notification_email'

2020-12-15 16:29:47 - [MESSAGE][PASSED] - Text 'adminn@test.com' is set on object 'Object Repository/Procurement Active1/Page_diagnostics/input_Notification_email'

2020-12-15 16:29:47 - [TEST_STEP][PASSED] - setText(findTestObject("Procurement Active1/Page_diagnostics/input_Contact_number"), "1234567890"): Text '1234567890' is set on object 'Object Repository/Procurement Active1/Page_diagnostics/input_Contact_number'

2020-12-15 16:29:47 - [MESSAGE][PASSED] - Text '1234567890' is set on object 'Object Repository/Procurement Active1/Page_diagnostics/input_Contact_number'

2020-12-15 16:29:47 - [TEST_STEP][PASSED] - click(findTestObject("Procurement Active1/Page_diagnostics/label_SELECT ADDRESS")): Object: 'Object Repository/Procurement Active1/Page_diagnostics/label_SELECT ADDRESS' is clicked on

2020-12-15 16:29:47 - [MESSAGE][PASSED] - Object: 'Object Repository/Procurement Active1/Page_diagnostics/label_SELECT ADDRESS' is clicked on

2020-12-15 16:29:47 - [TEST_STEP][PASSED] - click(findTestObject("Item Details/Page_diagnostics/a_Accept Cookies")): Object: 'Object Repository/Item Details/Page_diagnostics/a_Accept Cookies' is clicked on

2020-12-15 16:29:48 - [MESSAGE][PASSED] - Object: 'Object Repository/Item Details/Page_diagnostics/a_Accept Cookies' is clicked on

2020-12-15 16:29:48 - [TEST_STEP][PASSED] - click(findTestObject("Procurement Active1/Page_diagnostics/a_NEXT")): Object: 'Object Repository/Procurement Active1/Page_diagnostics/a_NEXT' is clicked on

2020-12-15 16:29:49 - [MESSAGE][PASSED] - Object: 'Object Repository/Procurement Active1/Page_diagnostics/a_NEXT' is clicked on

2020-12-15 16:29:49 - [MESSAGE][PASSED] - Call Test Case 'Test Cases/Custom Procurement Details/UTILITIES/FORM_INPUT' successfully

2020-12-15 16:29:49 - [TEST_STEP][PASSED] - verifyElementPresent(findTestObject("Procurement Active 2/Page_diagnostics/p_Surcharge"), 0): Object 'Object Repository/Procurement Active 2/Page_diagnostics/p_Surcharge' is present

2020-12-15 16:29:49 - [MESSAGE][WARNING] - Timeout '0' is invalid. Using default page load timeout: '30'

2020-12-15 16:29:53 - [MESSAGE][PASSED] - Object 'Object Repository/Procurement Active 2/Page_diagnostics/p_Surcharge' is present

2020-12-15 16:29:53 - [TEST_STEP][PASSED] - callTestCase(findTestCase("Custom Procurement Details/UTILITIES/CLOSE_BROWSER"), [:], STOP_ON_FAILURE): Call Test Case 'Test Cases/Custom Procurement Details/UTILITIES/CLOSE_BROWSER' successfully

2020-12-15 16:29:53 - [TEST_CASE][PASSED] - Test Cases/Custom Procurement Details/UTILITIES/CLOSE_BROWSER: Test Cases/Custom Procurement Details/UTILITIES/CLOSE_BROWSER

2020-12-15 16:29:53 - [TEST_STEP][PASSED] - closeBrowser(): Browser is closed

2020-12-15 16:29:53 - [MESSAGE][PASSED] - Browser is closed

2020-12-15 16:29:53 - [MESSAGE][PASSED] - Call Test Case 'Test Cases/Custom Procurement Details/UTILITIES/CLOSE_BROWSER' successfully]]></system-out>
         <system-err><![CDATA[]]></system-err>
      </testcase>
      <testcase name="Test Cases/Custom Procurement Details/TEST CASE/TC_DETAILS_UI_018" time="36.834" classname="Test Cases/Custom Procurement Details/TEST CASE/TC_DETAILS_UI_018" status="PASSED">
         <system-out><![CDATA[2020-12-15 16:29:53 - [TEST_CASE][PASSED] - Test Cases/Custom Procurement Details/TEST CASE/TC_DETAILS_UI_018: Test Cases/Custom Procurement Details/TEST CASE/TC_DETAILS_UI_018

2020-12-15 16:29:53 - [TEST_STEP][PASSED] - callTestCase(findTestCase("Custom Procurement Details/UTILITIES/OPEN_BROWSER"), [:], STOP_ON_FAILURE): Call Test Case 'Test Cases/Custom Procurement Details/UTILITIES/OPEN_BROWSER' successfully

2020-12-15 16:29:54 - [TEST_CASE][PASSED] - Test Cases/Custom Procurement Details/UTILITIES/OPEN_BROWSER: Test Cases/Custom Procurement Details/UTILITIES/OPEN_BROWSER

2020-12-15 16:29:54 - [TEST_STEP][PASSED] - openBrowser("https://gdasandbox.test-arcadier.com/buyer-signin"): Browser is opened with url: 'https://gdasandbox.test-arcadier.com/buyer-signin'

2020-12-15 16:29:54 - [MESSAGE][INFO] - Starting 'Chrome' driver

2020-12-15 16:29:54 - [MESSAGE][INFO] - Action delay is set to 0 milliseconds

2020-12-15 16:30:04 - [MESSAGE][PASSED] - Browser is opened with url: 'https://gdasandbox.test-arcadier.com/buyer-signin'

2020-12-15 16:30:04 - [TEST_STEP][PASSED] - callTestCase(findTestCase("Custom Procurement Details/UTILITIES/LOGIN"), [:], STOP_ON_FAILURE): Call Test Case 'Test Cases/Custom Procurement Details/UTILITIES/LOGIN' successfully

2020-12-15 16:30:04 - [TEST_CASE][PASSED] - Test Cases/Custom Procurement Details/UTILITIES/LOGIN: Test Cases/Custom Procurement Details/UTILITIES/LOGIN

2020-12-15 16:30:04 - [TEST_STEP][PASSED] - waitForElementPresent(findTestObject("Login/Page_diagnostics/a_Sign_in_as_Buyer"), 0): Object 'Object Repository/Login/Page_diagnostics/a_Sign_in_as_Buyer' is present

2020-12-15 16:30:04 - [MESSAGE][WARNING] - Timeout '0' is invalid. Using default page load timeout: '30'

2020-12-15 16:30:04 - [MESSAGE][PASSED] - Object 'Object Repository/Login/Page_diagnostics/a_Sign_in_as_Buyer' is present

2020-12-15 16:30:04 - [TEST_STEP][PASSED] - click(findTestObject("Login/Page_diagnostics/a_Sign_in_as_Buyer")): Object: 'Object Repository/Login/Page_diagnostics/a_Sign_in_as_Buyer' is clicked on

2020-12-15 16:30:05 - [MESSAGE][PASSED] - Object: 'Object Repository/Login/Page_diagnostics/a_Sign_in_as_Buyer' is clicked on

2020-12-15 16:30:05 - [TEST_STEP][PASSED] - waitForElementPresent(findTestObject("Login/Page_diagnostics/input_Username"), 0): Object 'Object Repository/Login/Page_diagnostics/input_Username' is present

2020-12-15 16:30:05 - [MESSAGE][WARNING] - Timeout '0' is invalid. Using default page load timeout: '30'

2020-12-15 16:30:05 - [MESSAGE][PASSED] - Object 'Object Repository/Login/Page_diagnostics/input_Username' is present

2020-12-15 16:30:05 - [TEST_STEP][PASSED] - setText(findTestObject("Login/Page_diagnostics/input_Username"), "admin"): Text 'admin' is set on object 'Object Repository/Login/Page_diagnostics/input_Username'

2020-12-15 16:30:07 - [MESSAGE][PASSED] - Text 'admin' is set on object 'Object Repository/Login/Page_diagnostics/input_Username'

2020-12-15 16:30:07 - [TEST_STEP][PASSED] - waitForElementPresent(findTestObject("Login/Page_diagnostics/input_Password"), 0): Object 'Object Repository/Login/Page_diagnostics/input_Password' is present

2020-12-15 16:30:07 - [MESSAGE][WARNING] - Timeout '0' is invalid. Using default page load timeout: '30'

2020-12-15 16:30:07 - [MESSAGE][PASSED] - Object 'Object Repository/Login/Page_diagnostics/input_Password' is present

2020-12-15 16:30:07 - [TEST_STEP][PASSED] - setText(findTestObject("Login/Page_diagnostics/input_Password"), "Diagnostics123!"): Text 'Diagnostics123!' is set on object 'Object Repository/Login/Page_diagnostics/input_Password'

2020-12-15 16:30:07 - [MESSAGE][PASSED] - Text 'Diagnostics123!' is set on object 'Object Repository/Login/Page_diagnostics/input_Password'

2020-12-15 16:30:07 - [TEST_STEP][PASSED] - waitForElementPresent(findTestObject("Login/Page_diagnostics/input_Submit"), 0): Object 'Object Repository/Login/Page_diagnostics/input_Submit' is present

2020-12-15 16:30:07 - [MESSAGE][WARNING] - Timeout '0' is invalid. Using default page load timeout: '30'

2020-12-15 16:30:08 - [MESSAGE][PASSED] - Object 'Object Repository/Login/Page_diagnostics/input_Submit' is present

2020-12-15 16:30:08 - [TEST_STEP][PASSED] - click(findTestObject("Login/Page_diagnostics/input_Submit")): Object: 'Object Repository/Login/Page_diagnostics/input_Submit' is clicked on

2020-12-15 16:30:15 - [MESSAGE][PASSED] - Object: 'Object Repository/Login/Page_diagnostics/input_Submit' is clicked on

2020-12-15 16:30:15 - [MESSAGE][PASSED] - Call Test Case 'Test Cases/Custom Procurement Details/UTILITIES/LOGIN' successfully

2020-12-15 16:30:15 - [TEST_STEP][PASSED] - navigateToUrl("https://gdasandbox.test-arcadier.com/user/item/detail/gdaagencyfind/59fde34e-4dcb-44b5-bdcd-2bde962c0cb5"): Navigate to 'https://gdasandbox.test-arcadier.com/user/item/detail/gdaagencyfind/59fde34e-4dcb-44b5-bdcd-2bde962c0cb5' successfully

2020-12-15 16:30:16 - [MESSAGE][PASSED] - Navigate to 'https://gdasandbox.test-arcadier.com/user/item/detail/gdaagencyfind/59fde34e-4dcb-44b5-bdcd-2bde962c0cb5' successfully

2020-12-15 16:30:16 - [MESSAGE][PASSED] - Call Test Case 'Test Cases/Custom Procurement Details/UTILITIES/OPEN_BROWSER' successfully

2020-12-15 16:30:16 - [TEST_STEP][PASSED] - callTestCase(findTestCase("Custom Procurement Details/UTILITIES/PROCURE_PAGE"), [:], STOP_ON_FAILURE): Call Test Case 'Test Cases/Custom Procurement Details/UTILITIES/PROCURE_PAGE' successfully

2020-12-15 16:30:17 - [TEST_CASE][PASSED] - Test Cases/Custom Procurement Details/UTILITIES/PROCURE_PAGE: Test Cases/Custom Procurement Details/UTILITIES/PROCURE_PAGE

2020-12-15 16:30:17 - [TEST_STEP][PASSED] - click(findTestObject("Item Details/Page_diagnostics/a_PROCURE_DIRECTLY_FROM_SELLER")): Object: 'Object Repository/Item Details/Page_diagnostics/a_PROCURE_DIRECTLY_FROM_SELLER' is clicked on

2020-12-15 16:30:20 - [MESSAGE][PASSED] - Object: 'Object Repository/Item Details/Page_diagnostics/a_PROCURE_DIRECTLY_FROM_SELLER' is clicked on

2020-12-15 16:30:20 - [MESSAGE][PASSED] - Call Test Case 'Test Cases/Custom Procurement Details/UTILITIES/PROCURE_PAGE' successfully

2020-12-15 16:30:20 - [TEST_STEP][PASSED] - callTestCase(findTestCase("Custom Procurement Details/UTILITIES/FORM_INPUT"), [:], STOP_ON_FAILURE): Call Test Case 'Test Cases/Custom Procurement Details/UTILITIES/FORM_INPUT' successfully

2020-12-15 16:30:20 - [TEST_CASE][PASSED] - Test Cases/Custom Procurement Details/UTILITIES/FORM_INPUT: Test Cases/Custom Procurement Details/UTILITIES/FORM_INPUT

2020-12-15 16:30:20 - [TEST_STEP][PASSED] - setText(findTestObject("Procurement Active1/Page_diagnostics/input_Company_Name"), "Intro Company"): Text 'Intro Company' is set on object 'Object Repository/Procurement Active1/Page_diagnostics/input_Company_Name'

2020-12-15 16:30:22 - [MESSAGE][PASSED] - Text 'Intro Company' is set on object 'Object Repository/Procurement Active1/Page_diagnostics/input_Company_Name'

2020-12-15 16:30:22 - [TEST_STEP][PASSED] - setText(findTestObject("Procurement Active1/Page_diagnostics/input_Person-in-charge"), "Admin"): Text 'Admin' is set on object 'Object Repository/Procurement Active1/Page_diagnostics/input_Person-in-charge'

2020-12-15 16:30:23 - [MESSAGE][PASSED] - Text 'Admin' is set on object 'Object Repository/Procurement Active1/Page_diagnostics/input_Person-in-charge'

2020-12-15 16:30:23 - [TEST_STEP][PASSED] - setText(findTestObject("Procurement Active1/Page_diagnostics/input_Notification_email"), "adminn@test.com"): Text 'adminn@test.com' is set on object 'Object Repository/Procurement Active1/Page_diagnostics/input_Notification_email'

2020-12-15 16:30:24 - [MESSAGE][PASSED] - Text 'adminn@test.com' is set on object 'Object Repository/Procurement Active1/Page_diagnostics/input_Notification_email'

2020-12-15 16:30:24 - [TEST_STEP][PASSED] - setText(findTestObject("Procurement Active1/Page_diagnostics/input_Contact_number"), "1234567890"): Text '1234567890' is set on object 'Object Repository/Procurement Active1/Page_diagnostics/input_Contact_number'

2020-12-15 16:30:24 - [MESSAGE][PASSED] - Text '1234567890' is set on object 'Object Repository/Procurement Active1/Page_diagnostics/input_Contact_number'

2020-12-15 16:30:24 - [TEST_STEP][PASSED] - click(findTestObject("Procurement Active1/Page_diagnostics/label_SELECT ADDRESS")): Object: 'Object Repository/Procurement Active1/Page_diagnostics/label_SELECT ADDRESS' is clicked on

2020-12-15 16:30:24 - [MESSAGE][PASSED] - Object: 'Object Repository/Procurement Active1/Page_diagnostics/label_SELECT ADDRESS' is clicked on

2020-12-15 16:30:24 - [TEST_STEP][PASSED] - click(findTestObject("Item Details/Page_diagnostics/a_Accept Cookies")): Object: 'Object Repository/Item Details/Page_diagnostics/a_Accept Cookies' is clicked on

2020-12-15 16:30:25 - [MESSAGE][PASSED] - Object: 'Object Repository/Item Details/Page_diagnostics/a_Accept Cookies' is clicked on

2020-12-15 16:30:25 - [TEST_STEP][PASSED] - click(findTestObject("Procurement Active1/Page_diagnostics/a_NEXT")): Object: 'Object Repository/Procurement Active1/Page_diagnostics/a_NEXT' is clicked on

2020-12-15 16:30:26 - [MESSAGE][PASSED] - Object: 'Object Repository/Procurement Active1/Page_diagnostics/a_NEXT' is clicked on

2020-12-15 16:30:26 - [MESSAGE][PASSED] - Call Test Case 'Test Cases/Custom Procurement Details/UTILITIES/FORM_INPUT' successfully

2020-12-15 16:30:26 - [TEST_STEP][PASSED] - verifyElementPresent(findTestObject("Procurement Active 2/Page_diagnostics/p_Lead_Time"), 0): Object 'Object Repository/Procurement Active 2/Page_diagnostics/p_Lead_Time' is present

2020-12-15 16:30:26 - [MESSAGE][WARNING] - Timeout '0' is invalid. Using default page load timeout: '30'

2020-12-15 16:30:29 - [MESSAGE][PASSED] - Object 'Object Repository/Procurement Active 2/Page_diagnostics/p_Lead_Time' is present

2020-12-15 16:30:29 - [TEST_STEP][PASSED] - callTestCase(findTestCase("Custom Procurement Details/UTILITIES/CLOSE_BROWSER"), [:], STOP_ON_FAILURE): Call Test Case 'Test Cases/Custom Procurement Details/UTILITIES/CLOSE_BROWSER' successfully

2020-12-15 16:30:30 - [TEST_CASE][PASSED] - Test Cases/Custom Procurement Details/UTILITIES/CLOSE_BROWSER: Test Cases/Custom Procurement Details/UTILITIES/CLOSE_BROWSER

2020-12-15 16:30:30 - [TEST_STEP][PASSED] - closeBrowser(): Browser is closed

2020-12-15 16:30:30 - [MESSAGE][PASSED] - Browser is closed

2020-12-15 16:30:30 - [MESSAGE][PASSED] - Call Test Case 'Test Cases/Custom Procurement Details/UTILITIES/CLOSE_BROWSER' successfully]]></system-out>
         <system-err><![CDATA[]]></system-err>
      </testcase>
      <testcase name="Test Cases/Custom Procurement Details/TEST CASE/TC_DETAILS_UI_019" time="36.719" classname="Test Cases/Custom Procurement Details/TEST CASE/TC_DETAILS_UI_019" status="PASSED">
         <system-out><![CDATA[2020-12-15 16:30:30 - [TEST_CASE][PASSED] - Test Cases/Custom Procurement Details/TEST CASE/TC_DETAILS_UI_019: Test Cases/Custom Procurement Details/TEST CASE/TC_DETAILS_UI_019

2020-12-15 16:30:30 - [TEST_STEP][PASSED] - callTestCase(findTestCase("Custom Procurement Details/UTILITIES/OPEN_BROWSER"), [:], STOP_ON_FAILURE): Call Test Case 'Test Cases/Custom Procurement Details/UTILITIES/OPEN_BROWSER' successfully

2020-12-15 16:30:30 - [TEST_CASE][PASSED] - Test Cases/Custom Procurement Details/UTILITIES/OPEN_BROWSER: Test Cases/Custom Procurement Details/UTILITIES/OPEN_BROWSER

2020-12-15 16:30:30 - [TEST_STEP][PASSED] - openBrowser("https://gdasandbox.test-arcadier.com/buyer-signin"): Browser is opened with url: 'https://gdasandbox.test-arcadier.com/buyer-signin'

2020-12-15 16:30:30 - [MESSAGE][INFO] - Starting 'Chrome' driver

2020-12-15 16:30:30 - [MESSAGE][INFO] - Action delay is set to 0 milliseconds

2020-12-15 16:30:40 - [MESSAGE][PASSED] - Browser is opened with url: 'https://gdasandbox.test-arcadier.com/buyer-signin'

2020-12-15 16:30:40 - [TEST_STEP][PASSED] - callTestCase(findTestCase("Custom Procurement Details/UTILITIES/LOGIN"), [:], STOP_ON_FAILURE): Call Test Case 'Test Cases/Custom Procurement Details/UTILITIES/LOGIN' successfully

2020-12-15 16:30:41 - [TEST_CASE][PASSED] - Test Cases/Custom Procurement Details/UTILITIES/LOGIN: Test Cases/Custom Procurement Details/UTILITIES/LOGIN

2020-12-15 16:30:41 - [TEST_STEP][PASSED] - waitForElementPresent(findTestObject("Login/Page_diagnostics/a_Sign_in_as_Buyer"), 0): Object 'Object Repository/Login/Page_diagnostics/a_Sign_in_as_Buyer' is present

2020-12-15 16:30:41 - [MESSAGE][WARNING] - Timeout '0' is invalid. Using default page load timeout: '30'

2020-12-15 16:30:41 - [MESSAGE][PASSED] - Object 'Object Repository/Login/Page_diagnostics/a_Sign_in_as_Buyer' is present

2020-12-15 16:30:41 - [TEST_STEP][PASSED] - click(findTestObject("Login/Page_diagnostics/a_Sign_in_as_Buyer")): Object: 'Object Repository/Login/Page_diagnostics/a_Sign_in_as_Buyer' is clicked on

2020-12-15 16:30:41 - [MESSAGE][PASSED] - Object: 'Object Repository/Login/Page_diagnostics/a_Sign_in_as_Buyer' is clicked on

2020-12-15 16:30:41 - [TEST_STEP][PASSED] - waitForElementPresent(findTestObject("Login/Page_diagnostics/input_Username"), 0): Object 'Object Repository/Login/Page_diagnostics/input_Username' is present

2020-12-15 16:30:41 - [MESSAGE][WARNING] - Timeout '0' is invalid. Using default page load timeout: '30'

2020-12-15 16:30:42 - [MESSAGE][PASSED] - Object 'Object Repository/Login/Page_diagnostics/input_Username' is present

2020-12-15 16:30:42 - [TEST_STEP][PASSED] - setText(findTestObject("Login/Page_diagnostics/input_Username"), "admin"): Text 'admin' is set on object 'Object Repository/Login/Page_diagnostics/input_Username'

2020-12-15 16:30:42 - [MESSAGE][PASSED] - Text 'admin' is set on object 'Object Repository/Login/Page_diagnostics/input_Username'

2020-12-15 16:30:42 - [TEST_STEP][PASSED] - waitForElementPresent(findTestObject("Login/Page_diagnostics/input_Password"), 0): Object 'Object Repository/Login/Page_diagnostics/input_Password' is present

2020-12-15 16:30:42 - [MESSAGE][WARNING] - Timeout '0' is invalid. Using default page load timeout: '30'

2020-12-15 16:30:43 - [MESSAGE][PASSED] - Object 'Object Repository/Login/Page_diagnostics/input_Password' is present

2020-12-15 16:30:43 - [TEST_STEP][PASSED] - setText(findTestObject("Login/Page_diagnostics/input_Password"), "Diagnostics123!"): Text 'Diagnostics123!' is set on object 'Object Repository/Login/Page_diagnostics/input_Password'

2020-12-15 16:30:44 - [MESSAGE][PASSED] - Text 'Diagnostics123!' is set on object 'Object Repository/Login/Page_diagnostics/input_Password'

2020-12-15 16:30:44 - [TEST_STEP][PASSED] - waitForElementPresent(findTestObject("Login/Page_diagnostics/input_Submit"), 0): Object 'Object Repository/Login/Page_diagnostics/input_Submit' is present

2020-12-15 16:30:44 - [MESSAGE][WARNING] - Timeout '0' is invalid. Using default page load timeout: '30'

2020-12-15 16:30:45 - [MESSAGE][PASSED] - Object 'Object Repository/Login/Page_diagnostics/input_Submit' is present

2020-12-15 16:30:45 - [TEST_STEP][PASSED] - click(findTestObject("Login/Page_diagnostics/input_Submit")): Object: 'Object Repository/Login/Page_diagnostics/input_Submit' is clicked on

2020-12-15 16:30:51 - [MESSAGE][PASSED] - Object: 'Object Repository/Login/Page_diagnostics/input_Submit' is clicked on

2020-12-15 16:30:51 - [MESSAGE][PASSED] - Call Test Case 'Test Cases/Custom Procurement Details/UTILITIES/LOGIN' successfully

2020-12-15 16:30:51 - [TEST_STEP][PASSED] - navigateToUrl("https://gdasandbox.test-arcadier.com/user/item/detail/gdaagencyfind/59fde34e-4dcb-44b5-bdcd-2bde962c0cb5"): Navigate to 'https://gdasandbox.test-arcadier.com/user/item/detail/gdaagencyfind/59fde34e-4dcb-44b5-bdcd-2bde962c0cb5' successfully

2020-12-15 16:30:53 - [MESSAGE][PASSED] - Navigate to 'https://gdasandbox.test-arcadier.com/user/item/detail/gdaagencyfind/59fde34e-4dcb-44b5-bdcd-2bde962c0cb5' successfully

2020-12-15 16:30:53 - [MESSAGE][PASSED] - Call Test Case 'Test Cases/Custom Procurement Details/UTILITIES/OPEN_BROWSER' successfully

2020-12-15 16:30:53 - [TEST_STEP][PASSED] - callTestCase(findTestCase("Custom Procurement Details/UTILITIES/PROCURE_PAGE"), [:], STOP_ON_FAILURE): Call Test Case 'Test Cases/Custom Procurement Details/UTILITIES/PROCURE_PAGE' successfully

2020-12-15 16:30:53 - [TEST_CASE][PASSED] - Test Cases/Custom Procurement Details/UTILITIES/PROCURE_PAGE: Test Cases/Custom Procurement Details/UTILITIES/PROCURE_PAGE

2020-12-15 16:30:53 - [TEST_STEP][PASSED] - click(findTestObject("Item Details/Page_diagnostics/a_PROCURE_DIRECTLY_FROM_SELLER")): Object: 'Object Repository/Item Details/Page_diagnostics/a_PROCURE_DIRECTLY_FROM_SELLER' is clicked on

2020-12-15 16:30:56 - [MESSAGE][PASSED] - Object: 'Object Repository/Item Details/Page_diagnostics/a_PROCURE_DIRECTLY_FROM_SELLER' is clicked on

2020-12-15 16:30:56 - [MESSAGE][PASSED] - Call Test Case 'Test Cases/Custom Procurement Details/UTILITIES/PROCURE_PAGE' successfully

2020-12-15 16:30:56 - [TEST_STEP][PASSED] - callTestCase(findTestCase("Custom Procurement Details/UTILITIES/FORM_INPUT"), [:], STOP_ON_FAILURE): Call Test Case 'Test Cases/Custom Procurement Details/UTILITIES/FORM_INPUT' successfully

2020-12-15 16:30:56 - [TEST_CASE][PASSED] - Test Cases/Custom Procurement Details/UTILITIES/FORM_INPUT: Test Cases/Custom Procurement Details/UTILITIES/FORM_INPUT

2020-12-15 16:30:56 - [TEST_STEP][PASSED] - setText(findTestObject("Procurement Active1/Page_diagnostics/input_Company_Name"), "Intro Company"): Text 'Intro Company' is set on object 'Object Repository/Procurement Active1/Page_diagnostics/input_Company_Name'

2020-12-15 16:30:58 - [MESSAGE][PASSED] - Text 'Intro Company' is set on object 'Object Repository/Procurement Active1/Page_diagnostics/input_Company_Name'

2020-12-15 16:30:58 - [TEST_STEP][PASSED] - setText(findTestObject("Procurement Active1/Page_diagnostics/input_Person-in-charge"), "Admin"): Text 'Admin' is set on object 'Object Repository/Procurement Active1/Page_diagnostics/input_Person-in-charge'

2020-12-15 16:30:59 - [MESSAGE][PASSED] - Text 'Admin' is set on object 'Object Repository/Procurement Active1/Page_diagnostics/input_Person-in-charge'

2020-12-15 16:30:59 - [TEST_STEP][PASSED] - setText(findTestObject("Procurement Active1/Page_diagnostics/input_Notification_email"), "adminn@test.com"): Text 'adminn@test.com' is set on object 'Object Repository/Procurement Active1/Page_diagnostics/input_Notification_email'

2020-12-15 16:31:00 - [MESSAGE][PASSED] - Text 'adminn@test.com' is set on object 'Object Repository/Procurement Active1/Page_diagnostics/input_Notification_email'

2020-12-15 16:31:00 - [TEST_STEP][PASSED] - setText(findTestObject("Procurement Active1/Page_diagnostics/input_Contact_number"), "1234567890"): Text '1234567890' is set on object 'Object Repository/Procurement Active1/Page_diagnostics/input_Contact_number'

2020-12-15 16:31:00 - [MESSAGE][PASSED] - Text '1234567890' is set on object 'Object Repository/Procurement Active1/Page_diagnostics/input_Contact_number'

2020-12-15 16:31:00 - [TEST_STEP][PASSED] - click(findTestObject("Procurement Active1/Page_diagnostics/label_SELECT ADDRESS")): Object: 'Object Repository/Procurement Active1/Page_diagnostics/label_SELECT ADDRESS' is clicked on

2020-12-15 16:31:01 - [MESSAGE][PASSED] - Object: 'Object Repository/Procurement Active1/Page_diagnostics/label_SELECT ADDRESS' is clicked on

2020-12-15 16:31:01 - [TEST_STEP][PASSED] - click(findTestObject("Item Details/Page_diagnostics/a_Accept Cookies")): Object: 'Object Repository/Item Details/Page_diagnostics/a_Accept Cookies' is clicked on

2020-12-15 16:31:01 - [MESSAGE][PASSED] - Object: 'Object Repository/Item Details/Page_diagnostics/a_Accept Cookies' is clicked on

2020-12-15 16:31:01 - [TEST_STEP][PASSED] - click(findTestObject("Procurement Active1/Page_diagnostics/a_NEXT")): Object: 'Object Repository/Procurement Active1/Page_diagnostics/a_NEXT' is clicked on

2020-12-15 16:31:02 - [MESSAGE][PASSED] - Object: 'Object Repository/Procurement Active1/Page_diagnostics/a_NEXT' is clicked on

2020-12-15 16:31:02 - [MESSAGE][PASSED] - Call Test Case 'Test Cases/Custom Procurement Details/UTILITIES/FORM_INPUT' successfully

2020-12-15 16:31:02 - [TEST_STEP][PASSED] - verifyElementPresent(findTestObject("Procurement Active 2/Page_diagnostics/span_Sub-total"), 0): Object 'Object Repository/Procurement Active 2/Page_diagnostics/span_Sub-total' is present

2020-12-15 16:31:02 - [MESSAGE][WARNING] - Timeout '0' is invalid. Using default page load timeout: '30'

2020-12-15 16:31:06 - [MESSAGE][PASSED] - Object 'Object Repository/Procurement Active 2/Page_diagnostics/span_Sub-total' is present

2020-12-15 16:31:06 - [TEST_STEP][PASSED] - callTestCase(findTestCase("Custom Procurement Details/UTILITIES/CLOSE_BROWSER"), [:], STOP_ON_FAILURE): Call Test Case 'Test Cases/Custom Procurement Details/UTILITIES/CLOSE_BROWSER' successfully

2020-12-15 16:31:06 - [TEST_CASE][PASSED] - Test Cases/Custom Procurement Details/UTILITIES/CLOSE_BROWSER: Test Cases/Custom Procurement Details/UTILITIES/CLOSE_BROWSER

2020-12-15 16:31:06 - [TEST_STEP][PASSED] - closeBrowser(): Browser is closed

2020-12-15 16:31:07 - [MESSAGE][PASSED] - Browser is closed

2020-12-15 16:31:07 - [MESSAGE][PASSED] - Call Test Case 'Test Cases/Custom Procurement Details/UTILITIES/CLOSE_BROWSER' successfully]]></system-out>
         <system-err><![CDATA[]]></system-err>
      </testcase>
      <testcase name="Test Cases/Custom Procurement Details/TEST CASE/TC_DETAILS_UI_020" time="37.847" classname="Test Cases/Custom Procurement Details/TEST CASE/TC_DETAILS_UI_020" status="PASSED">
         <system-out><![CDATA[2020-12-15 16:31:07 - [TEST_CASE][PASSED] - Test Cases/Custom Procurement Details/TEST CASE/TC_DETAILS_UI_020: Test Cases/Custom Procurement Details/TEST CASE/TC_DETAILS_UI_020

2020-12-15 16:31:07 - [TEST_STEP][PASSED] - callTestCase(findTestCase("Custom Procurement Details/UTILITIES/OPEN_BROWSER"), [:], STOP_ON_FAILURE): Call Test Case 'Test Cases/Custom Procurement Details/UTILITIES/OPEN_BROWSER' successfully

2020-12-15 16:31:07 - [TEST_CASE][PASSED] - Test Cases/Custom Procurement Details/UTILITIES/OPEN_BROWSER: Test Cases/Custom Procurement Details/UTILITIES/OPEN_BROWSER

2020-12-15 16:31:07 - [TEST_STEP][PASSED] - openBrowser("https://gdasandbox.test-arcadier.com/buyer-signin"): Browser is opened with url: 'https://gdasandbox.test-arcadier.com/buyer-signin'

2020-12-15 16:31:07 - [MESSAGE][INFO] - Starting 'Chrome' driver

2020-12-15 16:31:07 - [MESSAGE][INFO] - Action delay is set to 0 milliseconds

2020-12-15 16:31:17 - [MESSAGE][PASSED] - Browser is opened with url: 'https://gdasandbox.test-arcadier.com/buyer-signin'

2020-12-15 16:31:17 - [TEST_STEP][PASSED] - callTestCase(findTestCase("Custom Procurement Details/UTILITIES/LOGIN"), [:], STOP_ON_FAILURE): Call Test Case 'Test Cases/Custom Procurement Details/UTILITIES/LOGIN' successfully

2020-12-15 16:31:17 - [TEST_CASE][PASSED] - Test Cases/Custom Procurement Details/UTILITIES/LOGIN: Test Cases/Custom Procurement Details/UTILITIES/LOGIN

2020-12-15 16:31:17 - [TEST_STEP][PASSED] - waitForElementPresent(findTestObject("Login/Page_diagnostics/a_Sign_in_as_Buyer"), 0): Object 'Object Repository/Login/Page_diagnostics/a_Sign_in_as_Buyer' is present

2020-12-15 16:31:17 - [MESSAGE][WARNING] - Timeout '0' is invalid. Using default page load timeout: '30'

2020-12-15 16:31:18 - [MESSAGE][PASSED] - Object 'Object Repository/Login/Page_diagnostics/a_Sign_in_as_Buyer' is present

2020-12-15 16:31:18 - [TEST_STEP][PASSED] - click(findTestObject("Login/Page_diagnostics/a_Sign_in_as_Buyer")): Object: 'Object Repository/Login/Page_diagnostics/a_Sign_in_as_Buyer' is clicked on

2020-12-15 16:31:18 - [MESSAGE][PASSED] - Object: 'Object Repository/Login/Page_diagnostics/a_Sign_in_as_Buyer' is clicked on

2020-12-15 16:31:18 - [TEST_STEP][PASSED] - waitForElementPresent(findTestObject("Login/Page_diagnostics/input_Username"), 0): Object 'Object Repository/Login/Page_diagnostics/input_Username' is present

2020-12-15 16:31:18 - [MESSAGE][WARNING] - Timeout '0' is invalid. Using default page load timeout: '30'

2020-12-15 16:31:18 - [MESSAGE][PASSED] - Object 'Object Repository/Login/Page_diagnostics/input_Username' is present

2020-12-15 16:31:18 - [TEST_STEP][PASSED] - setText(findTestObject("Login/Page_diagnostics/input_Username"), "admin"): Text 'admin' is set on object 'Object Repository/Login/Page_diagnostics/input_Username'

2020-12-15 16:31:19 - [MESSAGE][PASSED] - Text 'admin' is set on object 'Object Repository/Login/Page_diagnostics/input_Username'

2020-12-15 16:31:19 - [TEST_STEP][PASSED] - waitForElementPresent(findTestObject("Login/Page_diagnostics/input_Password"), 0): Object 'Object Repository/Login/Page_diagnostics/input_Password' is present

2020-12-15 16:31:19 - [MESSAGE][WARNING] - Timeout '0' is invalid. Using default page load timeout: '30'

2020-12-15 16:31:20 - [MESSAGE][PASSED] - Object 'Object Repository/Login/Page_diagnostics/input_Password' is present

2020-12-15 16:31:20 - [TEST_STEP][PASSED] - setText(findTestObject("Login/Page_diagnostics/input_Password"), "Diagnostics123!"): Text 'Diagnostics123!' is set on object 'Object Repository/Login/Page_diagnostics/input_Password'

2020-12-15 16:31:21 - [MESSAGE][PASSED] - Text 'Diagnostics123!' is set on object 'Object Repository/Login/Page_diagnostics/input_Password'

2020-12-15 16:31:21 - [TEST_STEP][PASSED] - waitForElementPresent(findTestObject("Login/Page_diagnostics/input_Submit"), 0): Object 'Object Repository/Login/Page_diagnostics/input_Submit' is present

2020-12-15 16:31:21 - [MESSAGE][WARNING] - Timeout '0' is invalid. Using default page load timeout: '30'

2020-12-15 16:31:21 - [MESSAGE][PASSED] - Object 'Object Repository/Login/Page_diagnostics/input_Submit' is present

2020-12-15 16:31:21 - [TEST_STEP][PASSED] - click(findTestObject("Login/Page_diagnostics/input_Submit")): Object: 'Object Repository/Login/Page_diagnostics/input_Submit' is clicked on

2020-12-15 16:31:28 - [MESSAGE][PASSED] - Object: 'Object Repository/Login/Page_diagnostics/input_Submit' is clicked on

2020-12-15 16:31:28 - [MESSAGE][PASSED] - Call Test Case 'Test Cases/Custom Procurement Details/UTILITIES/LOGIN' successfully

2020-12-15 16:31:28 - [TEST_STEP][PASSED] - navigateToUrl("https://gdasandbox.test-arcadier.com/user/item/detail/gdaagencyfind/59fde34e-4dcb-44b5-bdcd-2bde962c0cb5"): Navigate to 'https://gdasandbox.test-arcadier.com/user/item/detail/gdaagencyfind/59fde34e-4dcb-44b5-bdcd-2bde962c0cb5' successfully

2020-12-15 16:31:30 - [MESSAGE][PASSED] - Navigate to 'https://gdasandbox.test-arcadier.com/user/item/detail/gdaagencyfind/59fde34e-4dcb-44b5-bdcd-2bde962c0cb5' successfully

2020-12-15 16:31:30 - [MESSAGE][PASSED] - Call Test Case 'Test Cases/Custom Procurement Details/UTILITIES/OPEN_BROWSER' successfully

2020-12-15 16:31:30 - [TEST_STEP][PASSED] - callTestCase(findTestCase("Custom Procurement Details/UTILITIES/PROCURE_PAGE"), [:], STOP_ON_FAILURE): Call Test Case 'Test Cases/Custom Procurement Details/UTILITIES/PROCURE_PAGE' successfully

2020-12-15 16:31:30 - [TEST_CASE][PASSED] - Test Cases/Custom Procurement Details/UTILITIES/PROCURE_PAGE: Test Cases/Custom Procurement Details/UTILITIES/PROCURE_PAGE

2020-12-15 16:31:30 - [TEST_STEP][PASSED] - click(findTestObject("Item Details/Page_diagnostics/a_PROCURE_DIRECTLY_FROM_SELLER")): Object: 'Object Repository/Item Details/Page_diagnostics/a_PROCURE_DIRECTLY_FROM_SELLER' is clicked on

2020-12-15 16:31:34 - [MESSAGE][PASSED] - Object: 'Object Repository/Item Details/Page_diagnostics/a_PROCURE_DIRECTLY_FROM_SELLER' is clicked on

2020-12-15 16:31:34 - [MESSAGE][PASSED] - Call Test Case 'Test Cases/Custom Procurement Details/UTILITIES/PROCURE_PAGE' successfully

2020-12-15 16:31:34 - [TEST_STEP][PASSED] - callTestCase(findTestCase("Custom Procurement Details/UTILITIES/FORM_INPUT"), [:], STOP_ON_FAILURE): Call Test Case 'Test Cases/Custom Procurement Details/UTILITIES/FORM_INPUT' successfully

2020-12-15 16:31:35 - [TEST_CASE][PASSED] - Test Cases/Custom Procurement Details/UTILITIES/FORM_INPUT: Test Cases/Custom Procurement Details/UTILITIES/FORM_INPUT

2020-12-15 16:31:35 - [TEST_STEP][PASSED] - setText(findTestObject("Procurement Active1/Page_diagnostics/input_Company_Name"), "Intro Company"): Text 'Intro Company' is set on object 'Object Repository/Procurement Active1/Page_diagnostics/input_Company_Name'

2020-12-15 16:31:37 - [MESSAGE][PASSED] - Text 'Intro Company' is set on object 'Object Repository/Procurement Active1/Page_diagnostics/input_Company_Name'

2020-12-15 16:31:37 - [TEST_STEP][PASSED] - setText(findTestObject("Procurement Active1/Page_diagnostics/input_Person-in-charge"), "Admin"): Text 'Admin' is set on object 'Object Repository/Procurement Active1/Page_diagnostics/input_Person-in-charge'

2020-12-15 16:31:37 - [MESSAGE][PASSED] - Text 'Admin' is set on object 'Object Repository/Procurement Active1/Page_diagnostics/input_Person-in-charge'

2020-12-15 16:31:37 - [TEST_STEP][PASSED] - setText(findTestObject("Procurement Active1/Page_diagnostics/input_Notification_email"), "adminn@test.com"): Text 'adminn@test.com' is set on object 'Object Repository/Procurement Active1/Page_diagnostics/input_Notification_email'

2020-12-15 16:31:38 - [MESSAGE][PASSED] - Text 'adminn@test.com' is set on object 'Object Repository/Procurement Active1/Page_diagnostics/input_Notification_email'

2020-12-15 16:31:38 - [TEST_STEP][PASSED] - setText(findTestObject("Procurement Active1/Page_diagnostics/input_Contact_number"), "1234567890"): Text '1234567890' is set on object 'Object Repository/Procurement Active1/Page_diagnostics/input_Contact_number'

2020-12-15 16:31:39 - [MESSAGE][PASSED] - Text '1234567890' is set on object 'Object Repository/Procurement Active1/Page_diagnostics/input_Contact_number'

2020-12-15 16:31:39 - [TEST_STEP][PASSED] - click(findTestObject("Procurement Active1/Page_diagnostics/label_SELECT ADDRESS")): Object: 'Object Repository/Procurement Active1/Page_diagnostics/label_SELECT ADDRESS' is clicked on

2020-12-15 16:31:39 - [MESSAGE][PASSED] - Object: 'Object Repository/Procurement Active1/Page_diagnostics/label_SELECT ADDRESS' is clicked on

2020-12-15 16:31:39 - [TEST_STEP][PASSED] - click(findTestObject("Item Details/Page_diagnostics/a_Accept Cookies")): Object: 'Object Repository/Item Details/Page_diagnostics/a_Accept Cookies' is clicked on

2020-12-15 16:31:39 - [MESSAGE][PASSED] - Object: 'Object Repository/Item Details/Page_diagnostics/a_Accept Cookies' is clicked on

2020-12-15 16:31:39 - [TEST_STEP][PASSED] - click(findTestObject("Procurement Active1/Page_diagnostics/a_NEXT")): Object: 'Object Repository/Procurement Active1/Page_diagnostics/a_NEXT' is clicked on

2020-12-15 16:31:40 - [MESSAGE][PASSED] - Object: 'Object Repository/Procurement Active1/Page_diagnostics/a_NEXT' is clicked on

2020-12-15 16:31:40 - [MESSAGE][PASSED] - Call Test Case 'Test Cases/Custom Procurement Details/UTILITIES/FORM_INPUT' successfully

2020-12-15 16:31:40 - [TEST_STEP][PASSED] - verifyElementPresent(findTestObject("Procurement Active 2/Page_diagnostics/span_Delivery_cost"), 0): Object 'Object Repository/Procurement Active 2/Page_diagnostics/span_Delivery_cost' is present

2020-12-15 16:31:40 - [MESSAGE][WARNING] - Timeout '0' is invalid. Using default page load timeout: '30'

2020-12-15 16:31:44 - [MESSAGE][PASSED] - Object 'Object Repository/Procurement Active 2/Page_diagnostics/span_Delivery_cost' is present

2020-12-15 16:31:44 - [TEST_STEP][PASSED] - callTestCase(findTestCase("Custom Procurement Details/UTILITIES/CLOSE_BROWSER"), [:], STOP_ON_FAILURE): Call Test Case 'Test Cases/Custom Procurement Details/UTILITIES/CLOSE_BROWSER' successfully

2020-12-15 16:31:44 - [TEST_CASE][PASSED] - Test Cases/Custom Procurement Details/UTILITIES/CLOSE_BROWSER: Test Cases/Custom Procurement Details/UTILITIES/CLOSE_BROWSER

2020-12-15 16:31:44 - [TEST_STEP][PASSED] - closeBrowser(): Browser is closed

2020-12-15 16:31:45 - [MESSAGE][PASSED] - Browser is closed

2020-12-15 16:31:45 - [MESSAGE][PASSED] - Call Test Case 'Test Cases/Custom Procurement Details/UTILITIES/CLOSE_BROWSER' successfully]]></system-out>
         <system-err><![CDATA[]]></system-err>
      </testcase>
      <testcase name="Test Cases/Custom Procurement Details/TEST CASE/TC_DETAILS_UI_021" time="42.162" classname="Test Cases/Custom Procurement Details/TEST CASE/TC_DETAILS_UI_021" status="PASSED">
         <system-out><![CDATA[2020-12-15 16:31:45 - [TEST_CASE][PASSED] - Test Cases/Custom Procurement Details/TEST CASE/TC_DETAILS_UI_021: Test Cases/Custom Procurement Details/TEST CASE/TC_DETAILS_UI_021

2020-12-15 16:31:45 - [TEST_STEP][PASSED] - callTestCase(findTestCase("Custom Procurement Details/UTILITIES/OPEN_BROWSER"), [:], STOP_ON_FAILURE): Call Test Case 'Test Cases/Custom Procurement Details/UTILITIES/OPEN_BROWSER' successfully

2020-12-15 16:31:45 - [TEST_CASE][PASSED] - Test Cases/Custom Procurement Details/UTILITIES/OPEN_BROWSER: Test Cases/Custom Procurement Details/UTILITIES/OPEN_BROWSER

2020-12-15 16:31:45 - [TEST_STEP][PASSED] - openBrowser("https://gdasandbox.test-arcadier.com/buyer-signin"): Browser is opened with url: 'https://gdasandbox.test-arcadier.com/buyer-signin'

2020-12-15 16:31:45 - [MESSAGE][INFO] - Starting 'Chrome' driver

2020-12-15 16:31:45 - [MESSAGE][INFO] - Action delay is set to 0 milliseconds

2020-12-15 16:31:55 - [MESSAGE][PASSED] - Browser is opened with url: 'https://gdasandbox.test-arcadier.com/buyer-signin'

2020-12-15 16:31:55 - [TEST_STEP][PASSED] - callTestCase(findTestCase("Custom Procurement Details/UTILITIES/LOGIN"), [:], STOP_ON_FAILURE): Call Test Case 'Test Cases/Custom Procurement Details/UTILITIES/LOGIN' successfully

2020-12-15 16:31:55 - [TEST_CASE][PASSED] - Test Cases/Custom Procurement Details/UTILITIES/LOGIN: Test Cases/Custom Procurement Details/UTILITIES/LOGIN

2020-12-15 16:31:55 - [TEST_STEP][PASSED] - waitForElementPresent(findTestObject("Login/Page_diagnostics/a_Sign_in_as_Buyer"), 0): Object 'Object Repository/Login/Page_diagnostics/a_Sign_in_as_Buyer' is present

2020-12-15 16:31:55 - [MESSAGE][WARNING] - Timeout '0' is invalid. Using default page load timeout: '30'

2020-12-15 16:31:55 - [MESSAGE][PASSED] - Object 'Object Repository/Login/Page_diagnostics/a_Sign_in_as_Buyer' is present

2020-12-15 16:31:55 - [TEST_STEP][PASSED] - click(findTestObject("Login/Page_diagnostics/a_Sign_in_as_Buyer")): Object: 'Object Repository/Login/Page_diagnostics/a_Sign_in_as_Buyer' is clicked on

2020-12-15 16:31:56 - [MESSAGE][PASSED] - Object: 'Object Repository/Login/Page_diagnostics/a_Sign_in_as_Buyer' is clicked on

2020-12-15 16:31:56 - [TEST_STEP][PASSED] - waitForElementPresent(findTestObject("Login/Page_diagnostics/input_Username"), 0): Object 'Object Repository/Login/Page_diagnostics/input_Username' is present

2020-12-15 16:31:56 - [MESSAGE][WARNING] - Timeout '0' is invalid. Using default page load timeout: '30'

2020-12-15 16:31:56 - [MESSAGE][PASSED] - Object 'Object Repository/Login/Page_diagnostics/input_Username' is present

2020-12-15 16:31:56 - [TEST_STEP][PASSED] - setText(findTestObject("Login/Page_diagnostics/input_Username"), "admin"): Text 'admin' is set on object 'Object Repository/Login/Page_diagnostics/input_Username'

2020-12-15 16:31:57 - [MESSAGE][PASSED] - Text 'admin' is set on object 'Object Repository/Login/Page_diagnostics/input_Username'

2020-12-15 16:31:57 - [TEST_STEP][PASSED] - waitForElementPresent(findTestObject("Login/Page_diagnostics/input_Password"), 0): Object 'Object Repository/Login/Page_diagnostics/input_Password' is present

2020-12-15 16:31:57 - [MESSAGE][WARNING] - Timeout '0' is invalid. Using default page load timeout: '30'

2020-12-15 16:31:58 - [MESSAGE][PASSED] - Object 'Object Repository/Login/Page_diagnostics/input_Password' is present

2020-12-15 16:31:58 - [TEST_STEP][PASSED] - setText(findTestObject("Login/Page_diagnostics/input_Password"), "Diagnostics123!"): Text 'Diagnostics123!' is set on object 'Object Repository/Login/Page_diagnostics/input_Password'

2020-12-15 16:31:59 - [MESSAGE][PASSED] - Text 'Diagnostics123!' is set on object 'Object Repository/Login/Page_diagnostics/input_Password'

2020-12-15 16:31:59 - [TEST_STEP][PASSED] - waitForElementPresent(findTestObject("Login/Page_diagnostics/input_Submit"), 0): Object 'Object Repository/Login/Page_diagnostics/input_Submit' is present

2020-12-15 16:31:59 - [MESSAGE][WARNING] - Timeout '0' is invalid. Using default page load timeout: '30'

2020-12-15 16:31:59 - [MESSAGE][PASSED] - Object 'Object Repository/Login/Page_diagnostics/input_Submit' is present

2020-12-15 16:31:59 - [TEST_STEP][PASSED] - click(findTestObject("Login/Page_diagnostics/input_Submit")): Object: 'Object Repository/Login/Page_diagnostics/input_Submit' is clicked on

2020-12-15 16:32:10 - [MESSAGE][PASSED] - Object: 'Object Repository/Login/Page_diagnostics/input_Submit' is clicked on

2020-12-15 16:32:10 - [MESSAGE][PASSED] - Call Test Case 'Test Cases/Custom Procurement Details/UTILITIES/LOGIN' successfully

2020-12-15 16:32:10 - [TEST_STEP][PASSED] - navigateToUrl("https://gdasandbox.test-arcadier.com/user/item/detail/gdaagencyfind/59fde34e-4dcb-44b5-bdcd-2bde962c0cb5"): Navigate to 'https://gdasandbox.test-arcadier.com/user/item/detail/gdaagencyfind/59fde34e-4dcb-44b5-bdcd-2bde962c0cb5' successfully

2020-12-15 16:32:12 - [MESSAGE][PASSED] - Navigate to 'https://gdasandbox.test-arcadier.com/user/item/detail/gdaagencyfind/59fde34e-4dcb-44b5-bdcd-2bde962c0cb5' successfully

2020-12-15 16:32:12 - [MESSAGE][PASSED] - Call Test Case 'Test Cases/Custom Procurement Details/UTILITIES/OPEN_BROWSER' successfully

2020-12-15 16:32:12 - [TEST_STEP][PASSED] - callTestCase(findTestCase("Custom Procurement Details/UTILITIES/PROCURE_PAGE"), [:], STOP_ON_FAILURE): Call Test Case 'Test Cases/Custom Procurement Details/UTILITIES/PROCURE_PAGE' successfully

2020-12-15 16:32:12 - [TEST_CASE][PASSED] - Test Cases/Custom Procurement Details/UTILITIES/PROCURE_PAGE: Test Cases/Custom Procurement Details/UTILITIES/PROCURE_PAGE

2020-12-15 16:32:12 - [TEST_STEP][PASSED] - click(findTestObject("Item Details/Page_diagnostics/a_PROCURE_DIRECTLY_FROM_SELLER")): Object: 'Object Repository/Item Details/Page_diagnostics/a_PROCURE_DIRECTLY_FROM_SELLER' is clicked on

2020-12-15 16:32:16 - [MESSAGE][PASSED] - Object: 'Object Repository/Item Details/Page_diagnostics/a_PROCURE_DIRECTLY_FROM_SELLER' is clicked on

2020-12-15 16:32:16 - [MESSAGE][PASSED] - Call Test Case 'Test Cases/Custom Procurement Details/UTILITIES/PROCURE_PAGE' successfully

2020-12-15 16:32:16 - [TEST_STEP][PASSED] - callTestCase(findTestCase("Custom Procurement Details/UTILITIES/FORM_INPUT"), [:], STOP_ON_FAILURE): Call Test Case 'Test Cases/Custom Procurement Details/UTILITIES/FORM_INPUT' successfully

2020-12-15 16:32:16 - [TEST_CASE][PASSED] - Test Cases/Custom Procurement Details/UTILITIES/FORM_INPUT: Test Cases/Custom Procurement Details/UTILITIES/FORM_INPUT

2020-12-15 16:32:16 - [TEST_STEP][PASSED] - setText(findTestObject("Procurement Active1/Page_diagnostics/input_Company_Name"), "Intro Company"): Text 'Intro Company' is set on object 'Object Repository/Procurement Active1/Page_diagnostics/input_Company_Name'

2020-12-15 16:32:18 - [MESSAGE][PASSED] - Text 'Intro Company' is set on object 'Object Repository/Procurement Active1/Page_diagnostics/input_Company_Name'

2020-12-15 16:32:18 - [TEST_STEP][PASSED] - setText(findTestObject("Procurement Active1/Page_diagnostics/input_Person-in-charge"), "Admin"): Text 'Admin' is set on object 'Object Repository/Procurement Active1/Page_diagnostics/input_Person-in-charge'

2020-12-15 16:32:19 - [MESSAGE][PASSED] - Text 'Admin' is set on object 'Object Repository/Procurement Active1/Page_diagnostics/input_Person-in-charge'

2020-12-15 16:32:19 - [TEST_STEP][PASSED] - setText(findTestObject("Procurement Active1/Page_diagnostics/input_Notification_email"), "adminn@test.com"): Text 'adminn@test.com' is set on object 'Object Repository/Procurement Active1/Page_diagnostics/input_Notification_email'

2020-12-15 16:32:19 - [MESSAGE][PASSED] - Text 'adminn@test.com' is set on object 'Object Repository/Procurement Active1/Page_diagnostics/input_Notification_email'

2020-12-15 16:32:19 - [TEST_STEP][PASSED] - setText(findTestObject("Procurement Active1/Page_diagnostics/input_Contact_number"), "1234567890"): Text '1234567890' is set on object 'Object Repository/Procurement Active1/Page_diagnostics/input_Contact_number'

2020-12-15 16:32:20 - [MESSAGE][PASSED] - Text '1234567890' is set on object 'Object Repository/Procurement Active1/Page_diagnostics/input_Contact_number'

2020-12-15 16:32:20 - [TEST_STEP][PASSED] - click(findTestObject("Procurement Active1/Page_diagnostics/label_SELECT ADDRESS")): Object: 'Object Repository/Procurement Active1/Page_diagnostics/label_SELECT ADDRESS' is clicked on

2020-12-15 16:32:20 - [MESSAGE][PASSED] - Object: 'Object Repository/Procurement Active1/Page_diagnostics/label_SELECT ADDRESS' is clicked on

2020-12-15 16:32:20 - [TEST_STEP][PASSED] - click(findTestObject("Item Details/Page_diagnostics/a_Accept Cookies")): Object: 'Object Repository/Item Details/Page_diagnostics/a_Accept Cookies' is clicked on

2020-12-15 16:32:21 - [MESSAGE][PASSED] - Object: 'Object Repository/Item Details/Page_diagnostics/a_Accept Cookies' is clicked on

2020-12-15 16:32:21 - [TEST_STEP][PASSED] - click(findTestObject("Procurement Active1/Page_diagnostics/a_NEXT")): Object: 'Object Repository/Procurement Active1/Page_diagnostics/a_NEXT' is clicked on

2020-12-15 16:32:22 - [MESSAGE][PASSED] - Object: 'Object Repository/Procurement Active1/Page_diagnostics/a_NEXT' is clicked on

2020-12-15 16:32:22 - [MESSAGE][PASSED] - Call Test Case 'Test Cases/Custom Procurement Details/UTILITIES/FORM_INPUT' successfully

2020-12-15 16:32:22 - [TEST_STEP][PASSED] - verifyElementPresent(findTestObject("Procurement Active 2/Page_diagnostics/span_Total-Cost"), 0): Object 'Object Repository/Procurement Active 2/Page_diagnostics/span_Total-Cost' is present

2020-12-15 16:32:22 - [MESSAGE][WARNING] - Timeout '0' is invalid. Using default page load timeout: '30'

2020-12-15 16:32:26 - [MESSAGE][PASSED] - Object 'Object Repository/Procurement Active 2/Page_diagnostics/span_Total-Cost' is present

2020-12-15 16:32:26 - [TEST_STEP][PASSED] - callTestCase(findTestCase("Custom Procurement Details/UTILITIES/CLOSE_BROWSER"), [:], STOP_ON_FAILURE): Call Test Case 'Test Cases/Custom Procurement Details/UTILITIES/CLOSE_BROWSER' successfully

2020-12-15 16:32:26 - [TEST_CASE][PASSED] - Test Cases/Custom Procurement Details/UTILITIES/CLOSE_BROWSER: Test Cases/Custom Procurement Details/UTILITIES/CLOSE_BROWSER

2020-12-15 16:32:26 - [TEST_STEP][PASSED] - closeBrowser(): Browser is closed

2020-12-15 16:32:27 - [MESSAGE][PASSED] - Browser is closed

2020-12-15 16:32:27 - [MESSAGE][PASSED] - Call Test Case 'Test Cases/Custom Procurement Details/UTILITIES/CLOSE_BROWSER' successfully]]></system-out>
         <system-err><![CDATA[]]></system-err>
      </testcase>
      <testcase name="Test Cases/Custom Procurement Details/TEST CASE/TC_DETAILS_UI_022" time="36.658" classname="Test Cases/Custom Procurement Details/TEST CASE/TC_DETAILS_UI_022" status="PASSED">
         <system-out><![CDATA[2020-12-15 16:32:27 - [TEST_CASE][PASSED] - Test Cases/Custom Procurement Details/TEST CASE/TC_DETAILS_UI_022: Test Cases/Custom Procurement Details/TEST CASE/TC_DETAILS_UI_022

2020-12-15 16:32:27 - [TEST_STEP][PASSED] - callTestCase(findTestCase("Custom Procurement Details/UTILITIES/OPEN_BROWSER"), [:], STOP_ON_FAILURE): Call Test Case 'Test Cases/Custom Procurement Details/UTILITIES/OPEN_BROWSER' successfully

2020-12-15 16:32:27 - [TEST_CASE][PASSED] - Test Cases/Custom Procurement Details/UTILITIES/OPEN_BROWSER: Test Cases/Custom Procurement Details/UTILITIES/OPEN_BROWSER

2020-12-15 16:32:27 - [TEST_STEP][PASSED] - openBrowser("https://gdasandbox.test-arcadier.com/buyer-signin"): Browser is opened with url: 'https://gdasandbox.test-arcadier.com/buyer-signin'

2020-12-15 16:32:27 - [MESSAGE][INFO] - Starting 'Chrome' driver

2020-12-15 16:32:27 - [MESSAGE][INFO] - Action delay is set to 0 milliseconds

2020-12-15 16:32:37 - [MESSAGE][PASSED] - Browser is opened with url: 'https://gdasandbox.test-arcadier.com/buyer-signin'

2020-12-15 16:32:37 - [TEST_STEP][PASSED] - callTestCase(findTestCase("Custom Procurement Details/UTILITIES/LOGIN"), [:], STOP_ON_FAILURE): Call Test Case 'Test Cases/Custom Procurement Details/UTILITIES/LOGIN' successfully

2020-12-15 16:32:37 - [TEST_CASE][PASSED] - Test Cases/Custom Procurement Details/UTILITIES/LOGIN: Test Cases/Custom Procurement Details/UTILITIES/LOGIN

2020-12-15 16:32:37 - [TEST_STEP][PASSED] - waitForElementPresent(findTestObject("Login/Page_diagnostics/a_Sign_in_as_Buyer"), 0): Object 'Object Repository/Login/Page_diagnostics/a_Sign_in_as_Buyer' is present

2020-12-15 16:32:37 - [MESSAGE][WARNING] - Timeout '0' is invalid. Using default page load timeout: '30'

2020-12-15 16:32:38 - [MESSAGE][PASSED] - Object 'Object Repository/Login/Page_diagnostics/a_Sign_in_as_Buyer' is present

2020-12-15 16:32:38 - [TEST_STEP][PASSED] - click(findTestObject("Login/Page_diagnostics/a_Sign_in_as_Buyer")): Object: 'Object Repository/Login/Page_diagnostics/a_Sign_in_as_Buyer' is clicked on

2020-12-15 16:32:38 - [MESSAGE][PASSED] - Object: 'Object Repository/Login/Page_diagnostics/a_Sign_in_as_Buyer' is clicked on

2020-12-15 16:32:38 - [TEST_STEP][PASSED] - waitForElementPresent(findTestObject("Login/Page_diagnostics/input_Username"), 0): Object 'Object Repository/Login/Page_diagnostics/input_Username' is present

2020-12-15 16:32:38 - [MESSAGE][WARNING] - Timeout '0' is invalid. Using default page load timeout: '30'

2020-12-15 16:32:38 - [MESSAGE][PASSED] - Object 'Object Repository/Login/Page_diagnostics/input_Username' is present

2020-12-15 16:32:38 - [TEST_STEP][PASSED] - setText(findTestObject("Login/Page_diagnostics/input_Username"), "admin"): Text 'admin' is set on object 'Object Repository/Login/Page_diagnostics/input_Username'

2020-12-15 16:32:39 - [MESSAGE][PASSED] - Text 'admin' is set on object 'Object Repository/Login/Page_diagnostics/input_Username'

2020-12-15 16:32:39 - [TEST_STEP][PASSED] - waitForElementPresent(findTestObject("Login/Page_diagnostics/input_Password"), 0): Object 'Object Repository/Login/Page_diagnostics/input_Password' is present

2020-12-15 16:32:39 - [MESSAGE][WARNING] - Timeout '0' is invalid. Using default page load timeout: '30'

2020-12-15 16:32:40 - [MESSAGE][PASSED] - Object 'Object Repository/Login/Page_diagnostics/input_Password' is present

2020-12-15 16:32:40 - [TEST_STEP][PASSED] - setText(findTestObject("Login/Page_diagnostics/input_Password"), "Diagnostics123!"): Text 'Diagnostics123!' is set on object 'Object Repository/Login/Page_diagnostics/input_Password'

2020-12-15 16:32:41 - [MESSAGE][PASSED] - Text 'Diagnostics123!' is set on object 'Object Repository/Login/Page_diagnostics/input_Password'

2020-12-15 16:32:41 - [TEST_STEP][PASSED] - waitForElementPresent(findTestObject("Login/Page_diagnostics/input_Submit"), 0): Object 'Object Repository/Login/Page_diagnostics/input_Submit' is present

2020-12-15 16:32:41 - [MESSAGE][WARNING] - Timeout '0' is invalid. Using default page load timeout: '30'

2020-12-15 16:32:41 - [MESSAGE][PASSED] - Object 'Object Repository/Login/Page_diagnostics/input_Submit' is present

2020-12-15 16:32:41 - [TEST_STEP][PASSED] - click(findTestObject("Login/Page_diagnostics/input_Submit")): Object: 'Object Repository/Login/Page_diagnostics/input_Submit' is clicked on

2020-12-15 16:32:48 - [MESSAGE][PASSED] - Object: 'Object Repository/Login/Page_diagnostics/input_Submit' is clicked on

2020-12-15 16:32:48 - [MESSAGE][PASSED] - Call Test Case 'Test Cases/Custom Procurement Details/UTILITIES/LOGIN' successfully

2020-12-15 16:32:48 - [TEST_STEP][PASSED] - navigateToUrl("https://gdasandbox.test-arcadier.com/user/item/detail/gdaagencyfind/59fde34e-4dcb-44b5-bdcd-2bde962c0cb5"): Navigate to 'https://gdasandbox.test-arcadier.com/user/item/detail/gdaagencyfind/59fde34e-4dcb-44b5-bdcd-2bde962c0cb5' successfully

2020-12-15 16:32:50 - [MESSAGE][PASSED] - Navigate to 'https://gdasandbox.test-arcadier.com/user/item/detail/gdaagencyfind/59fde34e-4dcb-44b5-bdcd-2bde962c0cb5' successfully

2020-12-15 16:32:50 - [MESSAGE][PASSED] - Call Test Case 'Test Cases/Custom Procurement Details/UTILITIES/OPEN_BROWSER' successfully

2020-12-15 16:32:50 - [TEST_STEP][PASSED] - callTestCase(findTestCase("Custom Procurement Details/UTILITIES/PROCURE_PAGE"), [:], STOP_ON_FAILURE): Call Test Case 'Test Cases/Custom Procurement Details/UTILITIES/PROCURE_PAGE' successfully

2020-12-15 16:32:50 - [TEST_CASE][PASSED] - Test Cases/Custom Procurement Details/UTILITIES/PROCURE_PAGE: Test Cases/Custom Procurement Details/UTILITIES/PROCURE_PAGE

2020-12-15 16:32:50 - [TEST_STEP][PASSED] - click(findTestObject("Item Details/Page_diagnostics/a_PROCURE_DIRECTLY_FROM_SELLER")): Object: 'Object Repository/Item Details/Page_diagnostics/a_PROCURE_DIRECTLY_FROM_SELLER' is clicked on

2020-12-15 16:32:53 - [MESSAGE][PASSED] - Object: 'Object Repository/Item Details/Page_diagnostics/a_PROCURE_DIRECTLY_FROM_SELLER' is clicked on

2020-12-15 16:32:53 - [MESSAGE][PASSED] - Call Test Case 'Test Cases/Custom Procurement Details/UTILITIES/PROCURE_PAGE' successfully

2020-12-15 16:32:53 - [TEST_STEP][PASSED] - callTestCase(findTestCase("Custom Procurement Details/UTILITIES/FORM_INPUT"), [:], STOP_ON_FAILURE): Call Test Case 'Test Cases/Custom Procurement Details/UTILITIES/FORM_INPUT' successfully

2020-12-15 16:32:53 - [TEST_CASE][PASSED] - Test Cases/Custom Procurement Details/UTILITIES/FORM_INPUT: Test Cases/Custom Procurement Details/UTILITIES/FORM_INPUT

2020-12-15 16:32:53 - [TEST_STEP][PASSED] - setText(findTestObject("Procurement Active1/Page_diagnostics/input_Company_Name"), "Intro Company"): Text 'Intro Company' is set on object 'Object Repository/Procurement Active1/Page_diagnostics/input_Company_Name'

2020-12-15 16:32:56 - [MESSAGE][PASSED] - Text 'Intro Company' is set on object 'Object Repository/Procurement Active1/Page_diagnostics/input_Company_Name'

2020-12-15 16:32:56 - [TEST_STEP][PASSED] - setText(findTestObject("Procurement Active1/Page_diagnostics/input_Person-in-charge"), "Admin"): Text 'Admin' is set on object 'Object Repository/Procurement Active1/Page_diagnostics/input_Person-in-charge'

2020-12-15 16:32:56 - [MESSAGE][PASSED] - Text 'Admin' is set on object 'Object Repository/Procurement Active1/Page_diagnostics/input_Person-in-charge'

2020-12-15 16:32:56 - [TEST_STEP][PASSED] - setText(findTestObject("Procurement Active1/Page_diagnostics/input_Notification_email"), "adminn@test.com"): Text 'adminn@test.com' is set on object 'Object Repository/Procurement Active1/Page_diagnostics/input_Notification_email'

2020-12-15 16:32:57 - [MESSAGE][PASSED] - Text 'adminn@test.com' is set on object 'Object Repository/Procurement Active1/Page_diagnostics/input_Notification_email'

2020-12-15 16:32:57 - [TEST_STEP][PASSED] - setText(findTestObject("Procurement Active1/Page_diagnostics/input_Contact_number"), "1234567890"): Text '1234567890' is set on object 'Object Repository/Procurement Active1/Page_diagnostics/input_Contact_number'

2020-12-15 16:32:57 - [MESSAGE][PASSED] - Text '1234567890' is set on object 'Object Repository/Procurement Active1/Page_diagnostics/input_Contact_number'

2020-12-15 16:32:57 - [TEST_STEP][PASSED] - click(findTestObject("Procurement Active1/Page_diagnostics/label_SELECT ADDRESS")): Object: 'Object Repository/Procurement Active1/Page_diagnostics/label_SELECT ADDRESS' is clicked on

2020-12-15 16:32:58 - [MESSAGE][PASSED] - Object: 'Object Repository/Procurement Active1/Page_diagnostics/label_SELECT ADDRESS' is clicked on

2020-12-15 16:32:58 - [TEST_STEP][PASSED] - click(findTestObject("Item Details/Page_diagnostics/a_Accept Cookies")): Object: 'Object Repository/Item Details/Page_diagnostics/a_Accept Cookies' is clicked on

2020-12-15 16:32:58 - [MESSAGE][PASSED] - Object: 'Object Repository/Item Details/Page_diagnostics/a_Accept Cookies' is clicked on

2020-12-15 16:32:58 - [TEST_STEP][PASSED] - click(findTestObject("Procurement Active1/Page_diagnostics/a_NEXT")): Object: 'Object Repository/Procurement Active1/Page_diagnostics/a_NEXT' is clicked on

2020-12-15 16:32:59 - [MESSAGE][PASSED] - Object: 'Object Repository/Procurement Active1/Page_diagnostics/a_NEXT' is clicked on

2020-12-15 16:32:59 - [MESSAGE][PASSED] - Call Test Case 'Test Cases/Custom Procurement Details/UTILITIES/FORM_INPUT' successfully

2020-12-15 16:32:59 - [TEST_STEP][PASSED] - verifyElementPresent(findTestObject("Procurement Active 2/Page_diagnostics/a_PROCEED_TO_PAYMENT"), 0): Object 'Object Repository/Procurement Active 2/Page_diagnostics/a_PROCEED_TO_PAYMENT' is present

2020-12-15 16:32:59 - [MESSAGE][WARNING] - Timeout '0' is invalid. Using default page load timeout: '30'

2020-12-15 16:33:03 - [MESSAGE][PASSED] - Object 'Object Repository/Procurement Active 2/Page_diagnostics/a_PROCEED_TO_PAYMENT' is present

2020-12-15 16:33:03 - [TEST_STEP][PASSED] - callTestCase(findTestCase("Custom Procurement Details/UTILITIES/CLOSE_BROWSER"), [:], STOP_ON_FAILURE): Call Test Case 'Test Cases/Custom Procurement Details/UTILITIES/CLOSE_BROWSER' successfully

2020-12-15 16:33:03 - [TEST_CASE][PASSED] - Test Cases/Custom Procurement Details/UTILITIES/CLOSE_BROWSER: Test Cases/Custom Procurement Details/UTILITIES/CLOSE_BROWSER

2020-12-15 16:33:03 - [TEST_STEP][PASSED] - closeBrowser(): Browser is closed

2020-12-15 16:33:04 - [MESSAGE][PASSED] - Browser is closed

2020-12-15 16:33:04 - [MESSAGE][PASSED] - Call Test Case 'Test Cases/Custom Procurement Details/UTILITIES/CLOSE_BROWSER' successfully]]></system-out>
         <system-err><![CDATA[]]></system-err>
      </testcase>
      <testcase name="Test Cases/Custom Procurement Details/TEST CASE/TC_DETAILS_UI_023" time="36.672" classname="Test Cases/Custom Procurement Details/TEST CASE/TC_DETAILS_UI_023" status="PASSED">
         <system-out><![CDATA[2020-12-15 16:33:04 - [TEST_CASE][PASSED] - Test Cases/Custom Procurement Details/TEST CASE/TC_DETAILS_UI_023: Test Cases/Custom Procurement Details/TEST CASE/TC_DETAILS_UI_023

2020-12-15 16:33:04 - [TEST_STEP][PASSED] - callTestCase(findTestCase("Custom Procurement Details/UTILITIES/OPEN_BROWSER"), [:], STOP_ON_FAILURE): Call Test Case 'Test Cases/Custom Procurement Details/UTILITIES/OPEN_BROWSER' successfully

2020-12-15 16:33:04 - [TEST_CASE][PASSED] - Test Cases/Custom Procurement Details/UTILITIES/OPEN_BROWSER: Test Cases/Custom Procurement Details/UTILITIES/OPEN_BROWSER

2020-12-15 16:33:04 - [TEST_STEP][PASSED] - openBrowser("https://gdasandbox.test-arcadier.com/buyer-signin"): Browser is opened with url: 'https://gdasandbox.test-arcadier.com/buyer-signin'

2020-12-15 16:33:04 - [MESSAGE][INFO] - Starting 'Chrome' driver

2020-12-15 16:33:04 - [MESSAGE][INFO] - Action delay is set to 0 milliseconds

2020-12-15 16:33:14 - [MESSAGE][PASSED] - Browser is opened with url: 'https://gdasandbox.test-arcadier.com/buyer-signin'

2020-12-15 16:33:14 - [TEST_STEP][PASSED] - callTestCase(findTestCase("Custom Procurement Details/UTILITIES/LOGIN"), [:], STOP_ON_FAILURE): Call Test Case 'Test Cases/Custom Procurement Details/UTILITIES/LOGIN' successfully

2020-12-15 16:33:14 - [TEST_CASE][PASSED] - Test Cases/Custom Procurement Details/UTILITIES/LOGIN: Test Cases/Custom Procurement Details/UTILITIES/LOGIN

2020-12-15 16:33:14 - [TEST_STEP][PASSED] - waitForElementPresent(findTestObject("Login/Page_diagnostics/a_Sign_in_as_Buyer"), 0): Object 'Object Repository/Login/Page_diagnostics/a_Sign_in_as_Buyer' is present

2020-12-15 16:33:14 - [MESSAGE][WARNING] - Timeout '0' is invalid. Using default page load timeout: '30'

2020-12-15 16:33:14 - [MESSAGE][PASSED] - Object 'Object Repository/Login/Page_diagnostics/a_Sign_in_as_Buyer' is present

2020-12-15 16:33:14 - [TEST_STEP][PASSED] - click(findTestObject("Login/Page_diagnostics/a_Sign_in_as_Buyer")): Object: 'Object Repository/Login/Page_diagnostics/a_Sign_in_as_Buyer' is clicked on

2020-12-15 16:33:15 - [MESSAGE][PASSED] - Object: 'Object Repository/Login/Page_diagnostics/a_Sign_in_as_Buyer' is clicked on

2020-12-15 16:33:15 - [TEST_STEP][PASSED] - waitForElementPresent(findTestObject("Login/Page_diagnostics/input_Username"), 0): Object 'Object Repository/Login/Page_diagnostics/input_Username' is present

2020-12-15 16:33:15 - [MESSAGE][WARNING] - Timeout '0' is invalid. Using default page load timeout: '30'

2020-12-15 16:33:15 - [MESSAGE][PASSED] - Object 'Object Repository/Login/Page_diagnostics/input_Username' is present

2020-12-15 16:33:15 - [TEST_STEP][PASSED] - setText(findTestObject("Login/Page_diagnostics/input_Username"), "admin"): Text 'admin' is set on object 'Object Repository/Login/Page_diagnostics/input_Username'

2020-12-15 16:33:16 - [MESSAGE][PASSED] - Text 'admin' is set on object 'Object Repository/Login/Page_diagnostics/input_Username'

2020-12-15 16:33:16 - [TEST_STEP][PASSED] - waitForElementPresent(findTestObject("Login/Page_diagnostics/input_Password"), 0): Object 'Object Repository/Login/Page_diagnostics/input_Password' is present

2020-12-15 16:33:16 - [MESSAGE][WARNING] - Timeout '0' is invalid. Using default page load timeout: '30'

2020-12-15 16:33:18 - [MESSAGE][PASSED] - Object 'Object Repository/Login/Page_diagnostics/input_Password' is present

2020-12-15 16:33:18 - [TEST_STEP][PASSED] - setText(findTestObject("Login/Page_diagnostics/input_Password"), "Diagnostics123!"): Text 'Diagnostics123!' is set on object 'Object Repository/Login/Page_diagnostics/input_Password'

2020-12-15 16:33:18 - [MESSAGE][PASSED] - Text 'Diagnostics123!' is set on object 'Object Repository/Login/Page_diagnostics/input_Password'

2020-12-15 16:33:18 - [TEST_STEP][PASSED] - waitForElementPresent(findTestObject("Login/Page_diagnostics/input_Submit"), 0): Object 'Object Repository/Login/Page_diagnostics/input_Submit' is present

2020-12-15 16:33:18 - [MESSAGE][WARNING] - Timeout '0' is invalid. Using default page load timeout: '30'

2020-12-15 16:33:19 - [MESSAGE][PASSED] - Object 'Object Repository/Login/Page_diagnostics/input_Submit' is present

2020-12-15 16:33:19 - [TEST_STEP][PASSED] - click(findTestObject("Login/Page_diagnostics/input_Submit")): Object: 'Object Repository/Login/Page_diagnostics/input_Submit' is clicked on

2020-12-15 16:33:25 - [MESSAGE][PASSED] - Object: 'Object Repository/Login/Page_diagnostics/input_Submit' is clicked on

2020-12-15 16:33:25 - [MESSAGE][PASSED] - Call Test Case 'Test Cases/Custom Procurement Details/UTILITIES/LOGIN' successfully

2020-12-15 16:33:25 - [TEST_STEP][PASSED] - navigateToUrl("https://gdasandbox.test-arcadier.com/user/item/detail/gdaagencyfind/59fde34e-4dcb-44b5-bdcd-2bde962c0cb5"): Navigate to 'https://gdasandbox.test-arcadier.com/user/item/detail/gdaagencyfind/59fde34e-4dcb-44b5-bdcd-2bde962c0cb5' successfully

2020-12-15 16:33:27 - [MESSAGE][PASSED] - Navigate to 'https://gdasandbox.test-arcadier.com/user/item/detail/gdaagencyfind/59fde34e-4dcb-44b5-bdcd-2bde962c0cb5' successfully

2020-12-15 16:33:27 - [MESSAGE][PASSED] - Call Test Case 'Test Cases/Custom Procurement Details/UTILITIES/OPEN_BROWSER' successfully

2020-12-15 16:33:27 - [TEST_STEP][PASSED] - callTestCase(findTestCase("Custom Procurement Details/UTILITIES/PROCURE_PAGE"), [:], STOP_ON_FAILURE): Call Test Case 'Test Cases/Custom Procurement Details/UTILITIES/PROCURE_PAGE' successfully

2020-12-15 16:33:27 - [TEST_CASE][PASSED] - Test Cases/Custom Procurement Details/UTILITIES/PROCURE_PAGE: Test Cases/Custom Procurement Details/UTILITIES/PROCURE_PAGE

2020-12-15 16:33:27 - [TEST_STEP][PASSED] - click(findTestObject("Item Details/Page_diagnostics/a_PROCURE_DIRECTLY_FROM_SELLER")): Object: 'Object Repository/Item Details/Page_diagnostics/a_PROCURE_DIRECTLY_FROM_SELLER' is clicked on

2020-12-15 16:33:30 - [MESSAGE][PASSED] - Object: 'Object Repository/Item Details/Page_diagnostics/a_PROCURE_DIRECTLY_FROM_SELLER' is clicked on

2020-12-15 16:33:30 - [MESSAGE][PASSED] - Call Test Case 'Test Cases/Custom Procurement Details/UTILITIES/PROCURE_PAGE' successfully

2020-12-15 16:33:30 - [TEST_STEP][PASSED] - callTestCase(findTestCase("Custom Procurement Details/UTILITIES/FORM_INPUT"), [:], STOP_ON_FAILURE): Call Test Case 'Test Cases/Custom Procurement Details/UTILITIES/FORM_INPUT' successfully

2020-12-15 16:33:30 - [TEST_CASE][PASSED] - Test Cases/Custom Procurement Details/UTILITIES/FORM_INPUT: Test Cases/Custom Procurement Details/UTILITIES/FORM_INPUT

2020-12-15 16:33:30 - [TEST_STEP][PASSED] - setText(findTestObject("Procurement Active1/Page_diagnostics/input_Company_Name"), "Intro Company"): Text 'Intro Company' is set on object 'Object Repository/Procurement Active1/Page_diagnostics/input_Company_Name'

2020-12-15 16:33:32 - [MESSAGE][PASSED] - Text 'Intro Company' is set on object 'Object Repository/Procurement Active1/Page_diagnostics/input_Company_Name'

2020-12-15 16:33:32 - [TEST_STEP][PASSED] - setText(findTestObject("Procurement Active1/Page_diagnostics/input_Person-in-charge"), "Admin"): Text 'Admin' is set on object 'Object Repository/Procurement Active1/Page_diagnostics/input_Person-in-charge'

2020-12-15 16:33:33 - [MESSAGE][PASSED] - Text 'Admin' is set on object 'Object Repository/Procurement Active1/Page_diagnostics/input_Person-in-charge'

2020-12-15 16:33:33 - [TEST_STEP][PASSED] - setText(findTestObject("Procurement Active1/Page_diagnostics/input_Notification_email"), "adminn@test.com"): Text 'adminn@test.com' is set on object 'Object Repository/Procurement Active1/Page_diagnostics/input_Notification_email'

2020-12-15 16:33:34 - [MESSAGE][PASSED] - Text 'adminn@test.com' is set on object 'Object Repository/Procurement Active1/Page_diagnostics/input_Notification_email'

2020-12-15 16:33:34 - [TEST_STEP][PASSED] - setText(findTestObject("Procurement Active1/Page_diagnostics/input_Contact_number"), "1234567890"): Text '1234567890' is set on object 'Object Repository/Procurement Active1/Page_diagnostics/input_Contact_number'

2020-12-15 16:33:34 - [MESSAGE][PASSED] - Text '1234567890' is set on object 'Object Repository/Procurement Active1/Page_diagnostics/input_Contact_number'

2020-12-15 16:33:34 - [TEST_STEP][PASSED] - click(findTestObject("Procurement Active1/Page_diagnostics/label_SELECT ADDRESS")): Object: 'Object Repository/Procurement Active1/Page_diagnostics/label_SELECT ADDRESS' is clicked on

2020-12-15 16:33:34 - [MESSAGE][PASSED] - Object: 'Object Repository/Procurement Active1/Page_diagnostics/label_SELECT ADDRESS' is clicked on

2020-12-15 16:33:34 - [TEST_STEP][PASSED] - click(findTestObject("Item Details/Page_diagnostics/a_Accept Cookies")): Object: 'Object Repository/Item Details/Page_diagnostics/a_Accept Cookies' is clicked on

2020-12-15 16:33:35 - [MESSAGE][PASSED] - Object: 'Object Repository/Item Details/Page_diagnostics/a_Accept Cookies' is clicked on

2020-12-15 16:33:35 - [TEST_STEP][PASSED] - click(findTestObject("Procurement Active1/Page_diagnostics/a_NEXT")): Object: 'Object Repository/Procurement Active1/Page_diagnostics/a_NEXT' is clicked on

2020-12-15 16:33:36 - [MESSAGE][PASSED] - Object: 'Object Repository/Procurement Active1/Page_diagnostics/a_NEXT' is clicked on

2020-12-15 16:33:36 - [MESSAGE][PASSED] - Call Test Case 'Test Cases/Custom Procurement Details/UTILITIES/FORM_INPUT' successfully

2020-12-15 16:33:36 - [TEST_STEP][PASSED] - verifyElementPresent(findTestObject("Procurement Active 2/Page_diagnostics/a_BACK"), 0): Object 'Object Repository/Procurement Active 2/Page_diagnostics/a_BACK' is present

2020-12-15 16:33:36 - [MESSAGE][WARNING] - Timeout '0' is invalid. Using default page load timeout: '30'

2020-12-15 16:33:40 - [MESSAGE][PASSED] - Object 'Object Repository/Procurement Active 2/Page_diagnostics/a_BACK' is present

2020-12-15 16:33:40 - [TEST_STEP][PASSED] - callTestCase(findTestCase("Custom Procurement Details/UTILITIES/CLOSE_BROWSER"), [:], STOP_ON_FAILURE): Call Test Case 'Test Cases/Custom Procurement Details/UTILITIES/CLOSE_BROWSER' successfully

2020-12-15 16:33:40 - [TEST_CASE][PASSED] - Test Cases/Custom Procurement Details/UTILITIES/CLOSE_BROWSER: Test Cases/Custom Procurement Details/UTILITIES/CLOSE_BROWSER

2020-12-15 16:33:40 - [TEST_STEP][PASSED] - closeBrowser(): Browser is closed

2020-12-15 16:33:40 - [MESSAGE][PASSED] - Browser is closed

2020-12-15 16:33:40 - [MESSAGE][PASSED] - Call Test Case 'Test Cases/Custom Procurement Details/UTILITIES/CLOSE_BROWSER' successfully]]></system-out>
         <system-err><![CDATA[]]></system-err>
      </testcase>
      <system-out><![CDATA[2020-12-15 16:20:13 - [TEST_SUITE][PASSED] - Item detail test: Test Cases/Custom Procurement Details/TEST CASE/TC_DETAILS_UI_023]]></system-out>
      <system-err><![CDATA[]]></system-err>
   </testsuite>
</testsuites>
